#
# A fatal error has been detected by the Java Runtime Environment:
#
#  EXCEPTION_ACCESS_VIOLATION (0xc0000005) at pc=0x00007ffb467026c4, pid=4292, tid=18004
#
# JRE version: OpenJDK Runtime Environment (24.0.1+9) (build 24.0.1+9-30)
# Java VM: OpenJDK 64-Bit Server VM (24.0.1+9-30, mixed mode, sharing, tiered, compressed oops, compressed class ptrs, g1 gc, windows-amd64)
# Problematic frame:
# C  [libasyncProfiler.dll+0x926c4]
#
# No core dump will be written. Minidumps are not enabled by default on client versions of Windows
#
# If you would like to submit a bug report, please visit:
#   https://bugreport.java.com/bugreport/crash.jsp
# The crash happened outside the Java Virtual Machine in native code.
# See problematic frame for where to report the bug.
#

---------------  S U M M A R Y ------------

Command Line: -agentlib:jdwp=transport=dt_socket,address=127.0.0.1:64297,suspend=y,server=n -javaagent:C:\Users\aaa\AppData\Local\JetBrains\IntelliJIdea2025.1\captureAgent\debugger-agent.jar=file:///C:/Users/aaa/AppData/Local/Temp/capture7048281919548385836.props -agentpath:C:\Users\aaa\AppData\Local\Temp\idea_libasyncProfiler_dll_temp_folder2\libasyncProfiler.dll=version,jfr,event=wall,interval=10ms,cstack=no,file=C:\Users\aaa\IdeaSnapshots\MainBot_2025_07_09_131018.jfr,dbghelppath=C:\Users\aaa\AppData\Local\Temp\idea_dbghelp_dll_temp_folder1\dbghelp.dll,log=C:\Users\aaa\AppData\Local\Temp\MainBot_2025_07_09_131018.jfr.log.txt,logLevel=DEBUG -Dkotlinx.coroutines.debug.enable.creation.stack.trace=false -Ddebugger.agent.enable.coroutines=true -Dkotlinx.coroutines.debug.enable.flows.stack.trace=true -Dkotlinx.coroutines.debug.enable.mutable.state.flows.stack.trace=true -Dfile.encoding=UTF-8 -Dsun.stdout.encoding=UTF-8 -Dsun.stderr.encoding=UTF-8 uz.pdp.MainBot

Host: 11th Gen Intel(R) Core(TM) i7-1165G7 @ 2.80GHz, 8 cores, 15G,  Windows 11 , 64 bit Build 26100 (10.0.26100.4484)
Time: Wed Jul  9 13:11:07 2025 West Asia Standard Time elapsed time: 46.910069 seconds (0d 0h 0m 46s)

---------------  T H R E A D  ---------------

Current thread (0x0000024d6f13a740):  JavaThread "Attach Listener" daemon [_thread_in_native, id=18004, stack(0x000000db1d000000,0x000000db1d100000) (1024K)]

Stack: [0x000000db1d000000,0x000000db1d100000],  sp=0x000000db1d0fec10,  free space=1019k
Native frames: (J=compiled Java code, j=interpreted, Vv=VM code, C=native code)
C  [libasyncProfiler.dll+0x926c4]  (no source info available)
C  [libasyncProfiler.dll+0x92b9b]  (no source info available)
C  [libasyncProfiler.dll+0x917f4]  (no source info available)
C  [libasyncProfiler.dll+0x9206a]  (no source info available)
C  [libasyncProfiler.dll+0x8cc21]  (no source info available)
C  [libasyncProfiler.dll+0x7e5e1]  (no source info available)
C  [libasyncProfiler.dll+0x7d2f8]  (no source info available)
C  [libasyncProfiler.dll+0x7d1e0]  (no source info available)
C  [libasyncProfiler.dll+0x841b9]  (no source info available)
V  [jvm.dll+0x57eff7]  (no source info available)
V  [jvm.dll+0x57fdac]  (no source info available)
V  [jvm.dll+0x14ca17]  (no source info available)
V  [jvm.dll+0x14dfe1]  (no source info available)
V  [jvm.dll+0x42f456]  (no source info available)
V  [jvm.dll+0x87d76b]  (no source info available)
V  [jvm.dll+0x72ee55]  (no source info available)
C  [ucrtbase.dll+0x37b0]  (no source info available)
C  [KERNEL32.DLL+0x2e8d7]  (no source info available)
C  [ntdll.dll+0x3c34c]  (no source info available)


siginfo: EXCEPTION_ACCESS_VIOLATION (0xc0000005), reading address 0xffffffffffffffff


Registers:
RAX=0x0000000000000010, RBX=0x0000000000000000, RCX=0xffffffffffffffff, RDX=0x007ffb1bf6300010
RSP=0x000000db1d0fec10, RBP=0x0000024d6f15f880, RSI=0x000000db1d0fed80, RDI=0x0000024d6f15f880
R8 =0x0000000000000042, R9 =0x0000000712a00000, R10=0x00007ffb1c1d9fb0, R11=0x0000000000000020
R12=0x000000db1d0fed80, R13=0x0000024d0b97cf20, R14=0x0000024d6f13ab08, R15=0x0000024d6f13ab08
RIP=0x00007ffb467026c4, EFLAGS=0x0000000000010202

XMM[0]=0x0000000000000000 0x0000000000000000
XMM[1]=0x0000000000000000 0x0000000000000000
XMM[2]=0x0000000000000000 0x0000000000000000
XMM[3]=0x0000000000000000 0x0000000000000000
XMM[4]=0x0000000000000000 0x0000000000000000
XMM[5]=0x0000000000000000 0x0000000000000000
XMM[6]=0x0000000000000000 0x0000000000000000
XMM[7]=0x0000000000000000 0x0000000000000000
XMM[8]=0x0000000000000000 0x0000000000000000
XMM[9]=0x0000000000000000 0x0000000000000000
XMM[10]=0x0000000000000000 0x0000000000000000
XMM[11]=0x0000000000000000 0x0000000000000000
XMM[12]=0x0000000000000000 0x0000000000000000
XMM[13]=0x0000000000000000 0x0000000000000000
XMM[14]=0x0000000000000000 0x0000000000000000
XMM[15]=0x0000000000000000 0x0000000000000000
  MXCSR=0x00001fa0


Register to memory mapping:

RAX=0x0000000000000010 is an unknown value
RBX=0x0 is null
RCX=0xffffffffffffffff is an unknown value
RDX=0x007ffb1bf6300010 is an unknown value
RSP=0x000000db1d0fec10 is pointing into the stack for thread: 0x0000024d6f13a740
RBP=0x0000024d6f15f880 points into unknown readable memory: 0x0000000712a00000 | 00 00 a0 12 07 00 00 00
RSI=0x000000db1d0fed80 is pointing into the stack for thread: 0x0000024d6f13a740
RDI=0x0000024d6f15f880 points into unknown readable memory: 0x0000000712a00000 | 00 00 a0 12 07 00 00 00
R8 =0x0000000000000042 is an unknown value
R9 =0x0000000712a00000 is an oop: java.lang.ref.Reference$ReferenceHandler 
{0x0000000712a00000} - klass: 'java/lang/ref/Reference$ReferenceHandler' - flags: 

 - ---- fields (total size 14 words):
 - 'threadLocalRandomProbe' 'I' @12  0 (0x00000000)
 - private volatile 'eetop' 'J' @16  2531599271744 (0x0000024d6f134740)
 - private final 'tid' 'J' @24  14 (0x000000000000000e)
 - 'threadLocalRandomSeed' 'J' @32  0 (0x0000000000000000)
 - injected 'jvmti_thread_state' 'J' @40  2531600287296 (0x0000024d6f22c640)
 - 'threadLocalRandomSecondarySeed' 'I' @48  0 (0x00000000)
 - injected 'jvmti_VTMS_transition_disable_count' 'I' @52  0 (0x00000000)
 - injected 'jfr_epoch' 'S' @56  0 (0x0000)
 - volatile 'interrupted' 'Z' @58  false (0x00)
 - injected 'jvmti_is_in_VTMS_transition' 'Z' @59  false (0x00)
 - private volatile 'name' 'Ljava/lang/String;' @60  "Reference Handler"{0x00000007ffe0a468} (0xfffc148d)
 - private volatile 'contextClassLoader' 'Ljava/lang/ClassLoader;' @64  null (0x00000000)
 - private final 'holder' 'Ljava/lang/Thread$FieldHolder;' @68  a 'java/lang/Thread$FieldHolder'{0x00000007126ca1d0} (0xe24d943a)
 - 'threadLocals' 'Ljava/lang/ThreadLocal$ThreadLocalMap;' @72  null (0x00000000)
 - 'inheritableThreadLocals' 'Ljava/lang/ThreadLocal$ThreadLocalMap;' @76  null (0x00000000)
 - private 'scopedValueBindings' 'Ljava/lang/Object;' @80  a 'java/lang/Class'{0x00000007ffe7c258} = 'java/lang/Thread' (0xfffcf84b)
 - final 'interruptLock' 'Ljava/lang/Object;' @84  a 'java/lang/Object'{0x00000007126ca1c0} (0xe24d9438)
 - private volatile 'parkBlocker' 'Ljava/lang/Object;' @88  null (0x00000000)
 - private 'nioBlocker' 'Lsun/nio/ch/Interruptible;' @92  null (0x00000000)
 - private 'cont' 'Ljdk/internal/vm/Continuation;' @96  null (0x00000000)
 - private volatile 'uncaughtExceptionHandler' 'Ljava/lang/Thread$UncaughtExceptionHandler;' @100  null (0x00000000)
 - private 'container' 'Ljdk/internal/vm/ThreadContainer;' @104  null (0x00000000)
 - private volatile 'headStackableScopes' 'Ljdk/internal/vm/StackableScope;' @108  null (0x00000000)
R10=0x00007ffb1c1d9fb0 jvm.dll
R11=0x0000000000000020 is an unknown value
R12=0x000000db1d0fed80 is pointing into the stack for thread: 0x0000024d6f13a740
R13=0x0000024d0b97cf20 points into unknown readable memory: 0x00007ffb1c14a510 | 10 a5 14 1c fb 7f 00 00
R14=0x0000024d6f13ab08 points into unknown readable memory: 0x00007ffb1c1417b0 | b0 17 14 1c fb 7f 00 00
R15=0x0000024d6f13ab08 points into unknown readable memory: 0x00007ffb1c1417b0 | b0 17 14 1c fb 7f 00 00

Top of Stack: (sp=0x000000db1d0fec10)
0x000000db1d0fec10:   000000db1d0fed80 0000024d6f15f880   ...........oM...
0x000000db1d0fec20:   0000000000000000 0000024d6f13ae90   ...........oM...
0x000000db1d0fec30:   0000000000000027 00007ffb46702b9b   '........+pF....
0x000000db1d0fec40:   0000000000000000 0000024d6f13ab08   ...........oM...
0x000000db1d0fec50:   000000db1d0fed01 0000000000000000   ................
0x000000db1d0fec60:   0000024d75ea3400 00007ffb467017f4   .4.uM.....pF....
0x000000db1d0fec70:   0000000000000000 0000000000000027   ........'.......
0x000000db1d0fec80:   0000000000000000 0000000000000027   ........'.......
0x000000db1d0fec90:   0000000d00000002 0000024d755f8f10   .........._uM...
0x000000db1d0feca0:   0000024d75ea3400 0000024d75ea349c   .4.uM....4.uM...
0x000000db1d0fecb0:   0000024d75ea34a8 00000000000038b8   .4.uM....8......
0x000000db1d0fecc0:   0000000000000000 0000000000000000   ................
0x000000db1d0fecd0:   0000000000000000 00007ffb1b9a57d4   .........W......
0x000000db1d0fece0:   00007ffb46844ca0 00000000000010c4   .L.F............
0x000000db1d0fecf0:   00007ffb46844ca0 00000000ffffffff   .L.F............
0x000000db1d0fed00:   0000000000000000 00007ffb4670206a   ........j pF....
0x000000db1d0fed10:   0000024d6f13ab08 0000000000000000   ...oM...........
0x000000db1d0fed20:   000000db1d0fed89 0000024d0b97cf20   ........ ...M...
0x000000db1d0fed30:   00007ffbaf6488b0 00007ffbaf520139   ..d.....9.R.....
0x000000db1d0fed40:   000000000000001b 00007ffbaf19f559   ........Y.......
0x000000db1d0fed50:   0000024d6f13ab08 00007ffb46844ca0   ...oM....L.F....
0x000000db1d0fed60:   000000000000000b 00007ffb1bc31712   ................
0x000000db1d0fed70:   0000000000000000 0000024d6f13ab08   ...........oM...
0x000000db1d0fed80:   0000024d744b9020 0000024d744b9500    .KtM.....KtM...
0x000000db1d0fed90:   0000024d744b9500 00007ffb46844ca0   ..KtM....L.F....
0x000000db1d0feda0:   0000024d0dd6d6e8 000000db1d0fef18   ....M...........
0x000000db1d0fedb0:   000000db1d0ff050 0000000000008840   P.......@.......
0x000000db1d0fedc0:   000000db1d0ff230 00007ffb46844cf0   0........L.F....
0x000000db1d0fedd0:   0000000000989680 0000000000989680   ................
0x000000db1d0fede0:   000000db1d0feef0 00007ffb466fcc21   ........!.oF....
0x000000db1d0fedf0:   00007ffb46844ca0 00007ffb46844cf8   .L.F.....L.F....
0x000000db1d0fee00:   00007ffb00000000 003eeb1a00000001   ..............>.

Instructions: (pc=0x00007ffb467026c4)
  0x00007ffb467025c4:   cc cc cc cc cc cc cc cc cc cc cc cc cc cc cc cc
  0x00007ffb467025d4:   cc cc cc cc cc cc cc cc cc cc cc cc cc cc cc cc
  0x00007ffb467025e4:   cc cc cc cc cc cc cc cc cc cc cc cc cc cc cc cc
  0x00007ffb467025f4:   cc cc cc cc cc cc cc cc cc cc cc cc cc cc cc cc
  0x00007ffb46702604:   cc cc cc cc cc cc cc cc cc cc cc cc cc cc cc cc
  0x00007ffb46702614:   cc cc cc cc cc cc cc cc cc cc cc cc cc cc cc cc
  0x00007ffb46702624:   cc cc cc cc cc cc cc cc cc cc cc cc cc cc cc cc
  0x00007ffb46702634:   cc cc cc cc cc cc cc cc cc cc cc cc cc cc cc cc
  0x00007ffb46702644:   cc cc cc cc cc cc cc cc cc cc cc cc 40 57 48 83
  0x00007ffb46702654:   ec 20 48 8b f9 48 8b 0d 10 28 14 00 48 85 c9 74
  0x00007ffb46702664:   20 48 8b 01 48 8d 54 24 38 41 b8 06 00 01 00 4c
  0x00007ffb46702674:   8b 48 30 41 ff d1 85 c0 75 07 48 8b 4c 24 38 eb
  0x00007ffb46702684:   02 33 c9 4c 8b 05 ea 28 14 00 48 89 5c 24 30 4d
  0x00007ffb46702694:   85 c0 74 4a 48 8b 01 48 8b d7 4c 8b 88 28 03 00
  0x00007ffb467026a4:   00 41 ff d1 48 85 c0 74 35 48 63 0d f8 e6 13 00
  0x00007ffb467026b4:   48 8b 14 01 48 85 d2 74 15 48 63 05 fc e6 13 00
=>0x00007ffb467026c4:   8b 04 10 48 8b 5c 24 30 48 83 c4 20 5f c3 b8 ff
  0x00007ffb467026d4:   ff ff ff 48 8b 5c 24 30 48 83 c4 20 5f c3 80 3d
  0x00007ffb467026e4:   9b 27 14 00 00 bb ff ff ff ff 74 20 4c 8b 0d 31
  0x00007ffb467026f4:   24 14 00 4c 8d 44 24 38 48 8b 0d 15 24 14 00 48
  0x00007ffb46702704:   8b d7 41 ff d1 85 c0 0f 44 5c 24 38 8b c3 48 8b
  0x00007ffb46702714:   5c 24 30 48 83 c4 20 5f c3 cc cc cc cc cc cc cc
  0x00007ffb46702724:   cc cc cc cc cc cc cc cc cc cc cc cc cc cc cc cc
  0x00007ffb46702734:   cc cc cc cc cc cc cc cc cc cc cc cc cc cc cc cc
  0x00007ffb46702744:   cc cc cc cc cc cc cc cc cc cc cc cc 48 89 54 24
  0x00007ffb46702754:   10 53 55 56 57 41 56 41 57 48 83 ec 28 48 8b f2
  0x00007ffb46702764:   4c 8b f1 48 89 4c 24 78 45 33 ff 44 89 7c 24 68
  0x00007ffb46702774:   c7 44 24 60 01 00 00 00 48 8d 4c 24 68 e8 ed 42
  0x00007ffb46702784:   f7 ff 8b d8 48 8d 4c 24 60 e8 e1 42 f7 ff 8b e8
  0x00007ffb46702794:   49 8b ce e8 00 fc f6 ff 48 8b f8 90 8b c3 f0 0f
  0x00007ffb467027a4:   b1 2f 74 04 f3 90 eb f4 4c 89 3e 4c 89 7e 08 4c
  0x00007ffb467027b4:   89 7e 10 49 8b 6e 08 4d 8b 76 10 49 3b ee 0f 84


Stack slot to memory mapping:

stack at sp + 0 slots: 0x000000db1d0fed80 is pointing into the stack for thread: 0x0000024d6f13a740
stack at sp + 1 slots: 0x0000024d6f15f880 points into unknown readable memory: 0x0000000712a00000 | 00 00 a0 12 07 00 00 00
stack at sp + 2 slots: 0x0 is null
stack at sp + 3 slots: 0x0000024d6f13ae90 points into unknown readable memory: 0x6e616c2e6176616a | 6a 61 76 61 2e 6c 61 6e
stack at sp + 4 slots: 0x0000000000000027 is an unknown value
stack at sp + 5 slots: 0x00007ffb46702b9b libasyncProfiler.dll
stack at sp + 6 slots: 0x0 is null
stack at sp + 7 slots: 0x0000024d6f13ab08 points into unknown readable memory: 0x00007ffb1c1417b0 | b0 17 14 1c fb 7f 00 00

Lock stack of current Java thread (top to bottom):


---------------  P R O C E S S  ---------------

Threads class SMR info:
_java_thread_list=0x0000024d7491d420, length=17, elements={
0x0000024d6f134740, 0x0000024d6f135bf0, 0x0000024d6f139990, 0x0000024d6f13a740,
0x0000024d6f13bde0, 0x0000024d6f13d480, 0x0000024d6f14b9e0, 0x0000024d6f1621a0,
0x0000024d6f330d60, 0x0000024d6f332d00, 0x0000024d6f3c2920, 0x0000024d6f363e60,
0x0000024d6f435610, 0x0000024d6f507320, 0x0000024d751ab2e0, 0x0000024d751ac180,
0x0000024d751a95a0
}

Java Threads: ( => current thread )
  0x0000024d6f134740 JavaThread "Reference Handler"          daemon [_thread_blocked, id=8972, stack(0x000000db1cd00000,0x000000db1ce00000) (1024K)]
  0x0000024d6f135bf0 JavaThread "Finalizer"                  daemon [_thread_blocked, id=18892, stack(0x000000db1ce00000,0x000000db1cf00000) (1024K)]
  0x0000024d6f139990 JavaThread "Signal Dispatcher"          daemon [_thread_blocked, id=21520, stack(0x000000db1cf00000,0x000000db1d000000) (1024K)]
=>0x0000024d6f13a740 JavaThread "Attach Listener"            daemon [_thread_in_native, id=18004, stack(0x000000db1d000000,0x000000db1d100000) (1024K)]
  0x0000024d6f13bde0 JavaThread "Service Thread"             daemon [_thread_blocked, id=16592, stack(0x000000db1d100000,0x000000db1d200000) (1024K)]
  0x0000024d6f13d480 JavaThread "Monitor Deflation Thread"   daemon [_thread_blocked, id=19176, stack(0x000000db1d200000,0x000000db1d300000) (1024K)]
  0x0000024d6f14b9e0 JavaThread "C2 CompilerThread0"         daemon [_thread_blocked, id=16800, stack(0x000000db1d300000,0x000000db1d400000) (1024K)]
  0x0000024d6f1621a0 JavaThread "C1 CompilerThread0"         daemon [_thread_blocked, id=6268, stack(0x000000db1d400000,0x000000db1d500000) (1024K)]
  0x0000024d6f330d60 JavaThread "JDWP Transport Listener: dt_socket" daemon [_thread_blocked, id=20664, stack(0x000000db1d600000,0x000000db1d700000) (1024K)]
  0x0000024d6f332d00 JavaThread "JDWP Event Helper Thread"   daemon [_thread_blocked, id=19468, stack(0x000000db1d700000,0x000000db1d800000) (1024K)]
  0x0000024d6f3c2920 JavaThread "JDWP Command Reader"        daemon [_thread_in_native, id=21336, stack(0x000000db1d800000,0x000000db1d900000) (1024K)]
  0x0000024d6f363e60 JavaThread "Common-Cleaner"             daemon [_thread_blocked, id=5852, stack(0x000000db1d900000,0x000000db1da00000) (1024K)]
  0x0000024d6f435610 JavaThread "IntelliJ Suspend Helper"    daemon [_thread_blocked, id=19088, stack(0x000000db1da00000,0x000000db1db00000) (1024K)]
  0x0000024d6f507320 JavaThread "Notification Thread"        daemon [_thread_blocked, id=15564, stack(0x000000db1db00000,0x000000db1dc00000) (1024K)]
  0x0000024d751ab2e0 JavaThread "t.me/Rento_helper_bot Telegram Connection"        [_thread_in_native, id=3320, stack(0x000000db1e300000,0x000000db1e400000) (1024K)]
  0x0000024d751ac180 JavaThread "t.me/Rento_helper_bot Telegram Executor"        [_thread_blocked, id=15440, stack(0x000000db1e400000,0x000000db1e500000) (1024K)]
  0x0000024d751a95a0 JavaThread "DestroyJavaVM"                     [_thread_blocked, id=20508, stack(0x000000db1c500000,0x000000db1c600000) (1024K)]
Total: 17

Other Threads:
  0x0000024d6f122d10 VMThread "VM Thread"                           [id=17668, stack(0x000000db1cc00000,0x000000db1cd00000) (1024K)]
  0x0000024d0da75130 WatcherThread "VM Periodic Task Thread"        [id=21852, stack(0x000000db1cb00000,0x000000db1cc00000) (1024K)]
  0x0000024d0d955c00 WorkerThread "GC Thread#0"                     [id=19664, stack(0x000000db1c600000,0x000000db1c700000) (1024K)]
  0x0000024d750621d0 WorkerThread "GC Thread#1"                     [id=17572, stack(0x000000db1dc00000,0x000000db1dd00000) (1024K)]
  0x0000024d750651c0 WorkerThread "GC Thread#2"                     [id=2788, stack(0x000000db1dd00000,0x000000db1de00000) (1024K)]
  0x0000024d75063ba0 WorkerThread "GC Thread#3"                     [id=13432, stack(0x000000db1de00000,0x000000db1df00000) (1024K)]
  0x0000024d75065920 WorkerThread "GC Thread#4"                     [id=5644, stack(0x000000db1df00000,0x000000db1e000000) (1024K)]
  0x0000024d75065570 WorkerThread "GC Thread#5"                     [id=21160, stack(0x000000db1e000000,0x000000db1e100000) (1024K)]
  0x0000024d75064300 WorkerThread "GC Thread#6"                     [id=17920, stack(0x000000db1e100000,0x000000db1e200000) (1024K)]
  0x0000024d75064a60 WorkerThread "GC Thread#7"                     [id=3632, stack(0x000000db1e200000,0x000000db1e300000) (1024K)]
  0x0000024d0d9a4f20 ConcurrentGCThread "G1 Main Marker"            [id=9572, stack(0x000000db1c700000,0x000000db1c800000) (1024K)]
  0x0000024d0d9a6f90 WorkerThread "G1 Conc#0"                       [id=13612, stack(0x000000db1c800000,0x000000db1c900000) (1024K)]
  0x0000024d7490acc0 WorkerThread "G1 Conc#1"                       [id=12124, stack(0x000000db1e600000,0x000000db1e700000) (1024K)]
  0x0000024d0da46780 ConcurrentGCThread "G1 Refine#0"               [id=6228, stack(0x000000db1c900000,0x000000db1ca00000) (1024K)]
  0x0000024d0da490c0 ConcurrentGCThread "G1 Service"                [id=9888, stack(0x000000db1ca00000,0x000000db1cb00000) (1024K)]
Total: 15

Threads with active compile tasks:
Total: 0

VM state: not at safepoint (normal execution)

VM Mutex/Monitor currently owned by a thread: None

Heap address: 0x0000000704400000, size: 4028 MB, Compressed Oops mode: Zero based, Oop shift amount: 3

CDS archive(s) mapped at: [0x0000024d2e000000-0x0000024d2ed40000-0x0000024d2ed40000), size 13893632, SharedBaseAddress: 0x0000024d2e000000, ArchiveRelocationMode: 1.
Compressed class space mapped at: 0x0000024d2f000000-0x0000024d6f000000, reserved size: 1073741824
UseCompressedClassPointers 1, UseCompactObjectHeaders 0
Narrow klass pointer bits 32, Max shift 3
Narrow klass base: 0x0000024d2e000000, Narrow klass shift: 0
Encoding Range: [0x0000024d2e000000 - 0x0000024e2e000000), (4294967296 bytes)
Klass Range:    [0x0000024d2e000000 - 0x0000024d6f000000), (1090519040 bytes)
Klass ID Range:  [8 - 1090519033) (1090519025)

GC Precious Log:
 CardTable entry size: 512
 Card Set container configuration: InlinePtr #cards 4 size 8 Array Of Cards #cards 16 size 48 Howl #buckets 8 coarsen threshold 3686 Howl Bitmap #cards 512 size 80 coarsen threshold 460 Card regions per heap region 1 cards per card region 4096
 CPUs: 8 total, 8 available
 Memory: 16107M
 Large Page Support: Disabled
 NUMA Support: Disabled
 Compressed Oops: Enabled (Zero based)
 Heap Region Size: 2M
 Heap Min Capacity: 8M
 Heap Initial Capacity: 252M
 Heap Max Capacity: 4028M
 Pre-touch: Disabled
 Parallel Workers: 8
 Concurrent Workers: 2
 Concurrent Refinement Workers: 8
 Periodic GC: Disabled

Heap:
 garbage-first heap   total reserved 4124672K, committed 49152K, used 19868K [0x0000000704400000, 0x0000000800000000)
  region size 2048K, 10 young (20480K), 5 survivors (10240K)
 Metaspace       used 21867K, committed 22144K, reserved 1114112K
  class space    used 1871K, committed 1984K, reserved 1048576K

Heap Regions: E=young(eden), S=young(survivor), O=old, HS=humongous(starts), HC=humongous(continues), CS=collection set, F=free, TAMS=top-at-mark-start, PB=parsable bottom
|   0|0x0000000704400000, 0x00000007044d8fe0, 0x0000000704600000| 42%| O|  |TAMS 0x0000000704400000| PB 0x0000000704400000| Untracked |  0
|   1|0x0000000704600000, 0x0000000704600000, 0x0000000704800000|  0%| F|  |TAMS 0x0000000704600000| PB 0x0000000704600000| Untracked |  0
|   2|0x0000000704800000, 0x0000000704800000, 0x0000000704a00000|  0%| F|  |TAMS 0x0000000704800000| PB 0x0000000704800000| Untracked |  0
|   3|0x0000000704a00000, 0x0000000704a00000, 0x0000000704c00000|  0%| F|  |TAMS 0x0000000704a00000| PB 0x0000000704a00000| Untracked |  0
|   4|0x0000000704c00000, 0x0000000704c00000, 0x0000000704e00000|  0%| F|  |TAMS 0x0000000704c00000| PB 0x0000000704c00000| Untracked |  0
|   5|0x0000000704e00000, 0x0000000704e00000, 0x0000000705000000|  0%| F|  |TAMS 0x0000000704e00000| PB 0x0000000704e00000| Untracked |  0
|   6|0x0000000705000000, 0x0000000705000000, 0x0000000705200000|  0%| F|  |TAMS 0x0000000705000000| PB 0x0000000705000000| Untracked |  0
|   7|0x0000000705200000, 0x0000000705200000, 0x0000000705400000|  0%| F|  |TAMS 0x0000000705200000| PB 0x0000000705200000| Untracked |  0
|   8|0x0000000705400000, 0x0000000705400000, 0x0000000705600000|  0%| F|  |TAMS 0x0000000705400000| PB 0x0000000705400000| Untracked |  0
|   9|0x0000000705600000, 0x0000000705600000, 0x0000000705800000|  0%| F|  |TAMS 0x0000000705600000| PB 0x0000000705600000| Untracked |  0
|  10|0x0000000705800000, 0x0000000705800000, 0x0000000705a00000|  0%| F|  |TAMS 0x0000000705800000| PB 0x0000000705800000| Untracked |  0
|  11|0x0000000705a00000, 0x0000000705a00000, 0x0000000705c00000|  0%| F|  |TAMS 0x0000000705a00000| PB 0x0000000705a00000| Untracked |  0
|  12|0x0000000705c00000, 0x0000000705c00000, 0x0000000705e00000|  0%| F|  |TAMS 0x0000000705c00000| PB 0x0000000705c00000| Untracked |  0
|  13|0x0000000705e00000, 0x0000000706000000, 0x0000000706000000|100%| E|  |TAMS 0x0000000705e00000| PB 0x0000000705e00000| Complete |  0
|  14|0x0000000706000000, 0x0000000706200000, 0x0000000706200000|100%| E|CS|TAMS 0x0000000706000000| PB 0x0000000706000000| Complete |  0
|  15|0x0000000706200000, 0x0000000706400000, 0x0000000706400000|100%| E|CS|TAMS 0x0000000706200000| PB 0x0000000706200000| Complete |  0
|  16|0x0000000706400000, 0x0000000706600000, 0x0000000706600000|100%| E|CS|TAMS 0x0000000706400000| PB 0x0000000706400000| Complete |  0
| 111|0x0000000712200000, 0x0000000712371fc0, 0x0000000712400000| 72%| S|CS|TAMS 0x0000000712200000| PB 0x0000000712200000| Complete |  0
| 112|0x0000000712400000, 0x0000000712600000, 0x0000000712600000|100%| S|CS|TAMS 0x0000000712400000| PB 0x0000000712400000| Complete |  0
| 113|0x0000000712600000, 0x0000000712800000, 0x0000000712800000|100%| S|CS|TAMS 0x0000000712600000| PB 0x0000000712600000| Complete |  0
| 114|0x0000000712800000, 0x0000000712a00000, 0x0000000712a00000|100%| S|CS|TAMS 0x0000000712800000| PB 0x0000000712800000| Complete |  0
| 115|0x0000000712a00000, 0x0000000712c00000, 0x0000000712c00000|100%| S|CS|TAMS 0x0000000712a00000| PB 0x0000000712a00000| Complete |  0
| 125|0x0000000713e00000, 0x0000000714000000, 0x0000000714000000|100%| E|CS|TAMS 0x0000000713e00000| PB 0x0000000713e00000| Complete |  0
|2013|0x00000007ffe00000, 0x00000007fff1c288, 0x0000000800000000| 55%| O|Cm|TAMS 0x00000007ffe00000| PB 0x00000007ffe00000| Complete |  0

Card table byte_map: [0x0000024d26e50000,0x0000024d27630000] _byte_map_base: 0x0000024d2362e000

Marking Bits: (CMBitMap*) 0x0000024d0d956220
 Bits: [0x0000024d27630000, 0x0000024d2b520000)

Polling page: 0x0000024d0bbb0000

Metaspace:

Usage:
  Non-class:     19.53 MB used.
      Class:      1.83 MB used.
       Both:     21.35 MB used.

Virtual space:
  Non-class space:       64.00 MB reserved,      19.69 MB ( 31%) committed,  1 nodes.
      Class space:        1.00 GB reserved,       1.94 MB ( <1%) committed,  1 nodes.
             Both:        1.06 GB reserved,      21.62 MB (  2%) committed. 

Chunk freelists:
   Non-Class:  10.56 MB
       Class:  14.01 MB
        Both:  24.58 MB

MaxMetaspaceSize: unlimited
CompressedClassSpaceSize: 1.00 GB
Initial GC threshold: 21.00 MB
Current GC threshold: 35.12 MB
CDS: on
 - commit_granule_bytes: 65536.
 - commit_granule_words: 8192.
 - virtual_space_node_default_size: 8388608.
 - enlarge_chunks_in_place: 1.
UseCompressedClassPointers 1, UseCompactObjectHeaders 0
Narrow klass pointer bits 32, Max shift 3
Narrow klass base: 0x0000024d2e000000, Narrow klass shift: 0
Encoding Range: [0x0000024d2e000000 - 0x0000024e2e000000), (4294967296 bytes)
Klass Range:    [0x0000024d2e000000 - 0x0000024d6f000000), (1090519040 bytes)
Klass ID Range:  [8 - 1090519033) (1090519025)


Internal statistics:

num_allocs_failed_limit: 3.
num_arena_births: 98.
num_arena_deaths: 0.
num_vsnodes_births: 2.
num_vsnodes_deaths: 0.
num_space_committed: 346.
num_space_uncommitted: 0.
num_chunks_returned_to_freelist: 3.
num_chunks_taken_from_freelist: 430.
num_chunk_merges: 3.
num_chunk_splits: 321.
num_chunks_enlarged: 278.
num_inconsistent_stats: 0.

CodeHeap 'non-profiled nmethods': size=120064Kb used=975Kb max_used=975Kb free=119088Kb
 bounds [0x0000024d1e8b0000, 0x0000024d1eb20000, 0x0000024d25df0000]
CodeHeap 'profiled nmethods': size=120000Kb used=4655Kb max_used=4655Kb free=115344Kb
 bounds [0x0000024d16df0000, 0x0000024d17280000, 0x0000024d1e320000]
CodeHeap 'non-nmethods': size=5696Kb used=1633Kb max_used=1687Kb free=4062Kb
 bounds [0x0000024d1e320000, 0x0000024d1e590000, 0x0000024d1e8b0000]
CodeCache: size=245760Kb, used=7263Kb, max_used=7317Kb, free=238494Kb
 total_blobs=3433, nmethods=2842, adapters=496, full_count=0
Compilation: enabled, stopped_count=0, restarted_count=0

Compilation events (20 events):
Event: 9.071 Thread 0x0000024d6f14b9e0 nmethod 2828 0x0000024d1e9a2308 code [0x0000024d1e9a24e0, 0x0000024d1e9a33c8]
Event: 9.075 Thread 0x0000024d747b88a0 nmethod 2825 0x0000024d1e9a3488 code [0x0000024d1e9a3600, 0x0000024d1e9a3df8]
Event: 10.731 Thread 0x0000024d6f1621a0 2836       3       java.util.concurrent.TimeUnit::toNanos (45 bytes)
Event: 10.732 Thread 0x0000024d6f1621a0 nmethod 2836 0x0000024d17279608 code [0x0000024d17279740, 0x0000024d17279978]
Event: 13.011 Thread 0x0000024d6f1621a0 2837       3       jdk.internal.event.Event::<init> (5 bytes)
Event: 13.011 Thread 0x0000024d6f1621a0 nmethod 2837 0x0000024d17279988 code [0x0000024d17279aa0, 0x0000024d17279c00]
Event: 13.315 Thread 0x0000024d6f1621a0 2838       3       com.intellij.rt.debugger.agent.SuspendHelper::access$000 (4 bytes)
Event: 13.315 Thread 0x0000024d6f1621a0 nmethod 2838 0x0000024d17279c88 code [0x0000024d17279da0, 0x0000024d17279f10]
Event: 13.315 Thread 0x0000024d6f1621a0 2839       3       com.intellij.rt.debugger.agent.SuspendHelper::suspendHelperLoopBody (7 bytes)
Event: 13.315 Thread 0x0000024d6f1621a0 nmethod 2839 0x0000024d17279f88 code [0x0000024d1727a0a0, 0x0000024d1727a1b8]
Event: 13.315 Thread 0x0000024d6f1621a0 2840       3       java.lang.Thread::sleep (29 bytes)
Event: 13.315 Thread 0x0000024d6f1621a0 nmethod 2840 0x0000024d1727a288 code [0x0000024d1727a3e0, 0x0000024d1727a6d8]
Event: 13.366 Thread 0x0000024d6f1621a0 2841   !   3       java.lang.Thread::afterSleep (13 bytes)
Event: 13.366 Thread 0x0000024d6f1621a0 nmethod 2841 0x0000024d1727a708 code [0x0000024d1727a820, 0x0000024d1727aa68]
Event: 19.795 Thread 0x0000024d6f1621a0 2842   !   3       java.lang.Thread::sleepNanos (53 bytes)
Event: 19.795 Thread 0x0000024d6f1621a0 nmethod 2842 0x0000024d1727aa88 code [0x0000024d1727ac20, 0x0000024d1727b470]
Event: 19.795 Thread 0x0000024d6f1621a0 2843   !   3       java.lang.Thread::beforeSleep (32 bytes)
Event: 19.795 Thread 0x0000024d6f1621a0 nmethod 2843 0x0000024d1727b508 code [0x0000024d1727b640, 0x0000024d1727b9d0]
Event: 19.795 Thread 0x0000024d6f1621a0 2844       3       jdk.internal.event.ThreadSleepEvent::<init> (5 bytes)
Event: 19.796 Thread 0x0000024d6f1621a0 nmethod 2844 0x0000024d1727ba08 code [0x0000024d1727bb20, 0x0000024d1727bce0]

GC Heap History (4 events):
Event: 2.156 GC heap before
{Heap before GC invocations=0 (full 0):
 garbage-first heap   total reserved 4124672K, committed 260096K, used 48240K [0x0000000704400000, 0x0000000800000000)
  region size 2048K, 24 young (49152K), 0 survivors (0K)
 Metaspace       used 16256K, committed 16448K, reserved 1114112K
  class space    used 1286K, committed 1408K, reserved 1048576K
}
Event: 2.165 GC heap after
{Heap after GC invocations=1 (full 0):
 garbage-first heap   total reserved 4124672K, committed 260096K, used 8148K [0x0000000704400000, 0x0000000800000000)
  region size 2048K, 3 young (6144K), 3 survivors (6144K)
 Metaspace       used 16256K, committed 16448K, reserved 1114112K
  class space    used 1286K, committed 1408K, reserved 1048576K
}
Event: 8.922 GC heap before
{Heap before GC invocations=1 (full 0):
 garbage-first heap   total reserved 4124672K, committed 260096K, used 26580K [0x0000000704400000, 0x0000000800000000)
  region size 2048K, 13 young (26624K), 3 survivors (6144K)
 Metaspace       used 21359K, committed 21504K, reserved 1114112K
  class space    used 1824K, committed 1920K, reserved 1048576K
}
Event: 8.930 GC heap after
{Heap after GC invocations=2 (full 0):
 garbage-first heap   total reserved 4124672K, committed 260096K, used 11676K [0x0000000704400000, 0x0000000800000000)
  region size 2048K, 5 young (10240K), 5 survivors (10240K)
 Metaspace       used 21359K, committed 21504K, reserved 1114112K
  class space    used 1824K, committed 1920K, reserved 1048576K
}

Dll operation events (12 events):
Event: 0.024 Loaded shared library C:\Users\aaa\.jdks\openjdk-24.0.1\bin\java.dll
Event: 0.025 Loaded shared library C:\Users\aaa\.jdks\openjdk-24.0.1\bin\zip.dll
Event: 0.079 Loaded shared library C:\Users\aaa\.jdks\openjdk-24.0.1\bin\jsvml.dll
Event: 0.233 Loaded shared library C:\Users\aaa\.jdks\openjdk-24.0.1\bin\instrument.dll
Event: 0.348 Loaded shared library C:\Users\aaa\.jdks\openjdk-24.0.1\bin\net.dll
Event: 0.350 Loaded shared library C:\Users\aaa\.jdks\openjdk-24.0.1\bin\nio.dll
Event: 0.381 Loaded shared library C:\Users\aaa\.jdks\openjdk-24.0.1\bin\zip.dll
Event: 0.578 Loaded shared library C:\Users\aaa\.jdks\openjdk-24.0.1\bin\jimage.dll
Event: 1.113 Loaded shared library C:\Users\aaa\.jdks\openjdk-24.0.1\bin\verify.dll
Event: 1.916 Loaded shared library C:\Users\aaa\.jdks\openjdk-24.0.1\bin\extnet.dll
Event: 2.173 Loaded shared library C:\Users\aaa\.jdks\openjdk-24.0.1\bin\sunmscapi.dll
Event: 46.862 Loaded shared library C:\Users\aaa\AppData\Local\Temp\idea_libasyncProfiler_dll_temp_folder2\libasyncProfiler.dll

Deoptimization events (20 events):
Event: 8.792 Thread 0x0000024d751ab2e0 Uncommon trap: trap_request=0xffffffd6 fr.pc=0x0000024d1e976338 relative=0x00000000000006d8
Event: 8.792 Thread 0x0000024d751ab2e0 Uncommon trap: reason=array_check action=maybe_recompile pc=0x0000024d1e976338 method=jdk.internal.classfile.impl.SplitConstantPool.internalAdd(Ljava/lang/classfile/constantpool/PoolEntry;I)Ljava/lang/classfile/constantpool/PoolEntry; @ 46 c2
Event: 8.792 Thread 0x0000024d751ab2e0 DEOPT PACKING pc=0x0000024d1e976338 sp=0x000000db1e3fc530
Event: 8.792 Thread 0x0000024d751ab2e0 DEOPT UNPACKING pc=0x0000024d1e457f02 sp=0x000000db1e3fc498 mode 2
Event: 8.792 Thread 0x0000024d751ab2e0 Uncommon trap: trap_request=0xffffffd6 fr.pc=0x0000024d1e976338 relative=0x00000000000006d8
Event: 8.792 Thread 0x0000024d751ab2e0 Uncommon trap: reason=array_check action=maybe_recompile pc=0x0000024d1e976338 method=jdk.internal.classfile.impl.SplitConstantPool.internalAdd(Ljava/lang/classfile/constantpool/PoolEntry;I)Ljava/lang/classfile/constantpool/PoolEntry; @ 46 c2
Event: 8.792 Thread 0x0000024d751ab2e0 DEOPT PACKING pc=0x0000024d1e976338 sp=0x000000db1e3fc530
Event: 8.792 Thread 0x0000024d751ab2e0 DEOPT UNPACKING pc=0x0000024d1e457f02 sp=0x000000db1e3fc498 mode 2
Event: 8.792 Thread 0x0000024d751ab2e0 Uncommon trap: trap_request=0xffffffd6 fr.pc=0x0000024d1e976338 relative=0x00000000000006d8
Event: 8.792 Thread 0x0000024d751ab2e0 Uncommon trap: reason=array_check action=maybe_recompile pc=0x0000024d1e976338 method=jdk.internal.classfile.impl.SplitConstantPool.internalAdd(Ljava/lang/classfile/constantpool/PoolEntry;I)Ljava/lang/classfile/constantpool/PoolEntry; @ 46 c2
Event: 8.792 Thread 0x0000024d751ab2e0 DEOPT PACKING pc=0x0000024d1e976338 sp=0x000000db1e3fc530
Event: 8.792 Thread 0x0000024d751ab2e0 DEOPT UNPACKING pc=0x0000024d1e457f02 sp=0x000000db1e3fc498 mode 2
Event: 8.792 Thread 0x0000024d751ab2e0 Uncommon trap: trap_request=0xffffffd6 fr.pc=0x0000024d1e976338 relative=0x00000000000006d8
Event: 8.792 Thread 0x0000024d751ab2e0 Uncommon trap: reason=array_check action=maybe_recompile pc=0x0000024d1e976338 method=jdk.internal.classfile.impl.SplitConstantPool.internalAdd(Ljava/lang/classfile/constantpool/PoolEntry;I)Ljava/lang/classfile/constantpool/PoolEntry; @ 46 c2
Event: 8.792 Thread 0x0000024d751ab2e0 DEOPT PACKING pc=0x0000024d1e976338 sp=0x000000db1e3fc4c0
Event: 8.792 Thread 0x0000024d751ab2e0 DEOPT UNPACKING pc=0x0000024d1e457f02 sp=0x000000db1e3fc428 mode 2
Event: 8.873 Thread 0x0000024d751ab2e0 Uncommon trap: trap_request=0xffffff4d fr.pc=0x0000024d1e90a44c relative=0x000000000000030c
Event: 8.873 Thread 0x0000024d751ab2e0 Uncommon trap: reason=unstable_if action=reinterpret pc=0x0000024d1e90a44c method=java.util.concurrent.ConcurrentHashMap.get(Ljava/lang/Object;)Ljava/lang/Object; @ 76 c2
Event: 8.873 Thread 0x0000024d751ab2e0 DEOPT PACKING pc=0x0000024d1e90a44c sp=0x000000db1e3fcb40
Event: 8.873 Thread 0x0000024d751ab2e0 DEOPT UNPACKING pc=0x0000024d1e457f02 sp=0x000000db1e3fcac8 mode 2

Classes loaded (20 events):
Event: 9.053 Loading class org/telegram/telegrambots/meta/api/objects/Update
Event: 9.053 Loading class org/telegram/telegrambots/meta/api/objects/Update done
Event: 9.054 Loading class org/telegram/telegrambots/meta/api/objects/Update
Event: 9.054 Loading class org/telegram/telegrambots/meta/api/objects/Update done
Event: 9.055 Loading class java/util/stream/ReduceOps$2
Event: 9.056 Loading class java/util/stream/ReduceOps$2 done
Event: 9.056 Loading class java/util/concurrent/CountedCompleter
Event: 9.056 Loading class java/util/concurrent/CountedCompleter done
Event: 9.056 Loading class java/util/stream/AbstractTask
Event: 9.056 Loading class java/util/stream/AbstractTask done
Event: 9.056 Loading class java/util/stream/ReduceOps$ReduceTask
Event: 9.056 Loading class java/util/stream/ReduceOps$ReduceTask done
Event: 9.057 Loading class java/util/stream/ReduceOps$2ReducingSink
Event: 9.057 Loading class java/util/stream/ReduceOps$2ReducingSink done
Event: 9.058 Loading class org/telegram/telegrambots/meta/generics/LongPollingBot
Event: 9.058 Loading class org/telegram/telegrambots/meta/generics/LongPollingBot done
Event: 9.058 Loading class org/telegram/telegrambots/meta/api/objects/Update
Event: 9.058 Loading class org/telegram/telegrambots/meta/api/objects/Update done
Event: 9.059 Loading class org/telegram/telegrambots/meta/api/objects/Update
Event: 9.059 Loading class org/telegram/telegrambots/meta/api/objects/Update done

Classes unloaded (0 events):
No events

Classes redefined (1 events):
Event: 0.290 Thread 0x0000024d6f122d10 redefined class name=java.lang.Throwable, count=1

Internal exceptions (20 events):
Event: 0.247 Thread 0x0000024d0de0e4d0 Exception <a 'java/lang/NoSuchMethodError'{0x0000000713cbd8e0}: 'java.lang.Object java.lang.invoke.Invokers$Holder.invokeExact_MT(java.lang.Object, java.lang.Object, java.lang.Object, java.lang.Object, java.lang.Object)'> (0x0000000713cbd8e0) 
thrown [s\open\src\hotspot\share\interpreter\linkResolver.cpp, line 805]
Event: 1.048 Thread 0x0000024d0de0e4d0 Exception <a 'java/lang/NoSuchMethodError'{0x00000007126b2338}: 'java.lang.Object java.lang.invoke.DirectMethodHandle$Holder.invokeStaticInit(java.lang.Object)'> (0x00000007126b2338) 
thrown [s\open\src\hotspot\share\interpreter\linkResolver.cpp, line 805]
Event: 1.131 Thread 0x0000024d0de0e4d0 Exception <a 'java/lang/NoClassDefFoundError'{0x00000007124c6858}: org/apache/log4j/Priority> (0x00000007124c6858) 
thrown [s\open\src\hotspot\share\classfile\systemDictionary.cpp, line 316]
Event: 1.286 Thread 0x0000024d0de0e4d0 Exception <a 'sun/nio/fs/WindowsException'{0x00000007123b1e30}> (0x00000007123b1e30) 
thrown [s\open\src\hotspot\share\prims\jni.cpp, line 518]
Event: 1.354 Thread 0x0000024d0de0e4d0 Exception <a 'java/lang/NoSuchMethodError'{0x0000000711ead050}: 'void java.lang.invoke.DirectMethodHandle$Holder.invokeVirtual(java.lang.Object, java.lang.Object)'> (0x0000000711ead050) 
thrown [s\open\src\hotspot\share\interpreter\linkResolver.cpp, line 805]
Event: 1.432 Thread 0x0000024d0de0e4d0 Exception <a 'java/lang/NoSuchMethodError'{0x0000000711b469a8}: 'java.lang.Object java.lang.invoke.DirectMethodHandle$Holder.invokeStaticInit(java.lang.Object, int, int, int, int)'> (0x0000000711b469a8) 
thrown [s\open\src\hotspot\share\interpreter\linkResolver.cpp, line 805]
Event: 1.468 Thread 0x0000024d0de0e4d0 Exception <a 'java/lang/NoSuchMethodError'{0x000000071183a978}: 'java.lang.Object java.lang.invoke.DirectMethodHandle$Holder.invokeStaticInit(java.lang.Object, java.lang.Object, int, int, int, int)'> (0x000000071183a978) 
thrown [s\open\src\hotspot\share\interpreter\linkResolver.cpp, line 805]
Event: 1.548 Thread 0x0000024d0de0e4d0 Exception <a 'java/lang/NoSuchMethodError'{0x000000071165d478}: 'int java.lang.invoke.DirectMethodHandle$Holder.invokeVirtual(java.lang.Object, java.lang.Object)'> (0x000000071165d478) 
thrown [s\open\src\hotspot\share\interpreter\linkResolver.cpp, line 805]
Event: 1.749 Thread 0x0000024d0de0e4d0 Exception <a 'java/lang/NoSuchMethodError'{0x000000071143e450}: 'void java.lang.invoke.DirectMethodHandle$Holder.invokeSpecial(java.lang.Object, java.lang.Object, java.lang.Object, java.lang.Object, java.lang.Object)'> (0x000000071143e450) 
thrown [s\open\src\hotspot\share\interpreter\linkResolver.cpp, line 805]
Event: 1.773 Thread 0x0000024d0de0e4d0 Exception <a 'java/lang/NoSuchMethodError'{0x00000007114e7bc0}: 'void java.lang.invoke.DirectMethodHandle$Holder.invokeSpecial(java.lang.Object, java.lang.Object, java.lang.Object)'> (0x00000007114e7bc0) 
thrown [s\open\src\hotspot\share\interpreter\linkResolver.cpp, line 805]
Event: 1.797 Thread 0x0000024d0de0e4d0 Exception <a 'java/lang/NoSuchMethodError'{0x0000000711588cd8}: 'java.lang.Object java.lang.invoke.DirectMethodHandle$Holder.newInvokeSpecial(java.lang.Object, java.lang.Object, java.lang.Object, java.lang.Object, java.lang.Object)'> (0x0000000711588cd8) 
thrown [s\open\src\hotspot\share\interpreter\linkResolver.cpp, line 805]
Event: 1.918 Thread 0x0000024d0de0e4d0 Exception <a 'java/lang/NoSuchMethodError'{0x000000071113d408}: 'void java.lang.invoke.DirectMethodHandle$Holder.invokeStatic(java.lang.Object, java.lang.Object)'> (0x000000071113d408) 
thrown [s\open\src\hotspot\share\interpreter\linkResolver.cpp, line 805]
Event: 2.583 Thread 0x0000024d0de0e4d0 Exception <a 'java/lang/NoSuchMethodError'{0x0000000713a8fae8}: 'void java.lang.invoke.DirectMethodHandle$Holder.invokeStaticInit(java.lang.Object, java.lang.Object, java.lang.Object)'> (0x0000000713a8fae8) 
thrown [s\open\src\hotspot\share\interpreter\linkResolver.cpp, line 805]
Event: 2.781 Thread 0x0000024d0de0e4d0 Exception <a 'java/lang/NoSuchMethodError'{0x0000000713bea8d0}: 'java.lang.Object java.lang.invoke.Invokers$Holder.invoke_MT(java.lang.Object, java.lang.Object, java.lang.Object, java.lang.Object, java.lang.Object, java.lang.Object)'> (0x0000000713bea8d0) 
thrown [s\open\src\hotspot\share\interpreter\linkResolver.cpp, line 805]
Event: 2.783 Thread 0x0000024d0de0e4d0 Exception <a 'java/lang/NoSuchMethodError'{0x0000000713bf55d8}: 'java.lang.Object java.lang.invoke.DirectMethodHandle$Holder.invokeStatic(java.lang.Object, java.lang.Object, int)'> (0x0000000713bf55d8) 
thrown [s\open\src\hotspot\share\interpreter\linkResolver.cpp, line 805]
Event: 2.788 Thread 0x0000024d0de0e4d0 Exception <a 'java/lang/NoSuchMethodError'{0x00000007138252f8}: 'void java.lang.invoke.DelegatingMethodHandle$Holder.delegate(java.lang.Object, java.lang.Object, int, java.lang.Object)'> (0x00000007138252f8) 
thrown [s\open\src\hotspot\share\interpreter\linkResolver.cpp, line 805]
Event: 2.788 Thread 0x0000024d0de0e4d0 Exception <a 'java/lang/NoSuchMethodError'{0x000000071382db68}: 'int java.lang.invoke.DirectMethodHandle$Holder.invokeSpecial(java.lang.Object, java.lang.Object, java.lang.Object)'> (0x000000071382db68) 
thrown [s\open\src\hotspot\share\interpreter\linkResolver.cpp, line 805]
Event: 2.862 Thread 0x0000024d0de0e4d0 Exception <a 'java/lang/NoSuchMethodError'{0x00000007134d0820}: 'void java.lang.invoke.Invokers$Holder.invokeExact_MT(java.lang.Object, java.lang.Object, java.lang.Object, java.lang.Object)'> (0x00000007134d0820) 
thrown [s\open\src\hotspot\share\interpreter\linkResolver.cpp, line 805]
Event: 9.058 Thread 0x0000024d751ac180 Exception <a 'java/lang/NoSuchMethodError'{0x0000000706188800}: 'void java.lang.invoke.DirectMethodHandle$Holder.invokeInterface(java.lang.Object, java.lang.Object, java.lang.Object)'> (0x0000000706188800) 
thrown [s\open\src\hotspot\share\interpreter\linkResolver.cpp, line 805]
Event: 9.059 Thread 0x0000024d751ac180 Exception <a 'java/lang/NullPointerException'{0x0000000706197fd0}> (0x0000000706197fd0) 
thrown [s\open\src\hotspot\share\interpreter\linkResolver.cpp, line 1417]

VM Operations (20 events):
Event: 2.786 Executing VM operation: HandshakeAllThreads (Deoptimize)
Event: 2.786 Executing VM operation: HandshakeAllThreads (Deoptimize) done
Event: 8.922 Executing VM operation: CollectForMetadataAllocation (Metadata GC Threshold)
Event: 8.930 Executing VM operation: CollectForMetadataAllocation (Metadata GC Threshold) done
Event: 8.935 Executing VM operation: G1PauseRemark
Event: 8.937 Executing VM operation: G1PauseRemark done
Event: 8.938 Executing VM operation: G1PauseCleanup
Event: 8.938 Executing VM operation: G1PauseCleanup done
Event: 25.452 Executing VM operation: get/set locals
Event: 25.452 Executing VM operation: get/set locals done
Event: 25.452 Executing VM operation: get/set locals
Event: 25.452 Executing VM operation: get/set locals done
Event: 25.494 Executing VM operation: get/set locals
Event: 25.494 Executing VM operation: get/set locals done
Event: 25.495 Executing VM operation: get/set locals
Event: 25.495 Executing VM operation: get/set locals done
Event: 25.503 Executing VM operation: get/set locals
Event: 25.503 Executing VM operation: get/set locals done
Event: 25.504 Executing VM operation: get/set locals
Event: 25.504 Executing VM operation: get/set locals done

Memory protections (0 events):
No events

Nmethod flushes (0 events):
No events

Events (20 events):
Event: 0.309 Thread 0x0000024d0de0e4d0 Thread added: 0x0000024d6f507320
Event: 0.386 Thread 0x0000024d6f161280 Thread exited: 0x0000024d6f161280
Event: 0.451 Thread 0x0000024d6f1621a0 Thread added: 0x0000024d6f161280
Event: 1.076 Thread 0x0000024d6f1621a0 Thread added: 0x0000024d6f160360
Event: 1.729 Thread 0x0000024d6f160360 Thread exited: 0x0000024d6f160360
Event: 1.729 Thread 0x0000024d6f161280 Thread exited: 0x0000024d6f161280
Event: 2.202 Thread 0x0000024d6f1621a0 Thread added: 0x0000024d747b4490
Event: 2.296 Thread 0x0000024d6f14b9e0 Thread added: 0x0000024d747b53b0
Event: 2.547 Thread 0x0000024d747b53b0 Thread exited: 0x0000024d747b53b0
Event: 2.547 Thread 0x0000024d747b4490 Thread exited: 0x0000024d747b4490
Event: 2.593 Thread 0x0000024d6f1621a0 Thread added: 0x0000024d747b62d0
Event: 2.778 Thread 0x0000024d747b62d0 Thread exited: 0x0000024d747b62d0
Event: 3.063 Thread 0x0000024d0de0e4d0 Thread added: 0x0000024d751ab2e0
Event: 3.064 Thread 0x0000024d0de0e4d0 Thread added: 0x0000024d751ac180
Event: 3.064 Thread 0x0000024d0de0e4d0 Thread exited: 0x0000024d0de0e4d0
Event: 3.064 Thread 0x0000024d751a95a0 Thread added: 0x0000024d751a95a0
Event: 3.474 Thread 0x0000024d6f1621a0 Thread added: 0x0000024d747b62d0
Event: 3.670 Thread 0x0000024d747b62d0 Thread exited: 0x0000024d747b62d0
Event: 8.826 Thread 0x0000024d6f1621a0 Thread added: 0x0000024d747b88a0
Event: 10.731 Thread 0x0000024d747b88a0 Thread exited: 0x0000024d747b88a0


Dynamic libraries:
0x00007ff6d6010000 - 0x00007ff6d601e000 	C:\Users\aaa\.jdks\openjdk-24.0.1\bin\java.exe
0x00007ffbb1fa0000 - 0x00007ffbb2208000 	C:\WINDOWS\SYSTEM32\ntdll.dll
0x00007ffbb09a0000 - 0x00007ffbb0a69000 	C:\WINDOWS\System32\KERNEL32.DLL
0x00007ffbaf0f0000 - 0x00007ffbaf4dd000 	C:\WINDOWS\System32\KERNELBASE.dll
0x00007ffbaf510000 - 0x00007ffbaf65b000 	C:\WINDOWS\System32\ucrtbase.dll
0x00007ffb92160000 - 0x00007ffb92176000 	C:\Users\aaa\.jdks\openjdk-24.0.1\bin\jli.dll
0x00007ffb92900000 - 0x00007ffb9291b000 	C:\Users\aaa\.jdks\openjdk-24.0.1\bin\VCRUNTIME140.dll
0x00007ffbb15f0000 - 0x00007ffbb17bc000 	C:\WINDOWS\System32\USER32.dll
0x00007ffbaf4e0000 - 0x00007ffbaf507000 	C:\WINDOWS\System32\win32u.dll
0x00007ffb96130000 - 0x00007ffb963ca000 	C:\WINDOWS\WinSxS\amd64_microsoft.windows.common-controls_6595b64144ccf1df_6.0.26100.4484_none_3e0e6d4ce32ef3b3\COMCTL32.dll
0x00007ffbafdc0000 - 0x00007ffbafdeb000 	C:\WINDOWS\System32\GDI32.dll
0x00007ffbafdf0000 - 0x00007ffbafe99000 	C:\WINDOWS\System32\msvcrt.dll
0x00007ffbaf9e0000 - 0x00007ffbafb17000 	C:\WINDOWS\System32\gdi32full.dll
0x00007ffbaf930000 - 0x00007ffbaf9d3000 	C:\WINDOWS\System32\msvcp_win.dll
0x00007ffbb1e90000 - 0x00007ffbb1ebf000 	C:\WINDOWS\System32\IMM32.DLL
0x00007ffb95520000 - 0x00007ffb9552c000 	C:\Users\aaa\.jdks\openjdk-24.0.1\bin\vcruntime140_1.dll
0x00007ffb79650000 - 0x00007ffb796de000 	C:\Users\aaa\.jdks\openjdk-24.0.1\bin\msvcp140.dll
0x00007ffb1b510000 - 0x00007ffb1c2b2000 	C:\Users\aaa\.jdks\openjdk-24.0.1\bin\server\jvm.dll
0x00007ffbb1930000 - 0x00007ffbb19e4000 	C:\WINDOWS\System32\ADVAPI32.dll
0x00007ffbb0080000 - 0x00007ffbb0126000 	C:\WINDOWS\System32\sechost.dll
0x00007ffbb0d60000 - 0x00007ffbb0e78000 	C:\WINDOWS\System32\RPCRT4.dll
0x00007ffbb0770000 - 0x00007ffbb07e4000 	C:\WINDOWS\System32\WS2_32.dll
0x00007ffbadd20000 - 0x00007ffbadd7e000 	C:\WINDOWS\SYSTEM32\POWRPROF.dll
0x00007ffba4fb0000 - 0x00007ffba4fbb000 	C:\WINDOWS\SYSTEM32\VERSION.dll
0x00007ffb99c60000 - 0x00007ffb99c95000 	C:\WINDOWS\SYSTEM32\WINMM.dll
0x00007ffbadd00000 - 0x00007ffbadd14000 	C:\WINDOWS\SYSTEM32\UMPDC.dll
0x00007ffbadfc0000 - 0x00007ffbadfdb000 	C:\WINDOWS\SYSTEM32\kernel.appcore.dll
0x00007ffb94fa0000 - 0x00007ffb94faa000 	C:\Users\aaa\.jdks\openjdk-24.0.1\bin\jimage.dll
0x00007ffbac730000 - 0x00007ffbac971000 	C:\WINDOWS\SYSTEM32\DBGHELP.DLL
0x00007ffbb1a00000 - 0x00007ffbb1d86000 	C:\WINDOWS\System32\combase.dll
0x00007ffbb0c70000 - 0x00007ffbb0d50000 	C:\WINDOWS\System32\OLEAUT32.dll
0x00007ffb9b8f0000 - 0x00007ffb9b933000 	C:\WINDOWS\SYSTEM32\dbgcore.DLL
0x00007ffbafb20000 - 0x00007ffbafbb9000 	C:\WINDOWS\System32\bcryptPrimitives.dll
0x00007ffb7ae60000 - 0x00007ffb7ae9c000 	C:\Users\aaa\.jdks\openjdk-24.0.1\bin\jdwp.dll
0x00007ffb8ee80000 - 0x00007ffb8ee8f000 	C:\Users\aaa\.jdks\openjdk-24.0.1\bin\instrument.dll
0x00007ffb91a60000 - 0x00007ffb91a7e000 	C:\Users\aaa\.jdks\openjdk-24.0.1\bin\java.dll
0x00007ffbb05c0000 - 0x00007ffbb075e000 	C:\WINDOWS\System32\ole32.dll
0x00007ffbb0ea0000 - 0x00007ffbb15ea000 	C:\WINDOWS\System32\SHELL32.dll
0x00007ffbafbc0000 - 0x00007ffbafd34000 	C:\WINDOWS\System32\wintypes.dll
0x00007ffb46670000 - 0x00007ffb46868000 	C:\Users\aaa\AppData\Local\Temp\idea_libasyncProfiler_dll_temp_folder2\libasyncProfiler.dll
0x00007ffb90b70000 - 0x00007ffb90b87000 	C:\Users\aaa\.jdks\openjdk-24.0.1\bin\zip.dll
0x00007ffbacd80000 - 0x00007ffbad5db000 	C:\WINDOWS\SYSTEM32\windows.storage.dll
0x00007ffbb08a0000 - 0x00007ffbb0995000 	C:\WINDOWS\System32\SHCORE.dll
0x00007ffbb0b60000 - 0x00007ffbb0bca000 	C:\WINDOWS\System32\shlwapi.dll
0x00007ffbaf000000 - 0x00007ffbaf02f000 	C:\WINDOWS\SYSTEM32\profapi.dll
0x00007ffb6dfc0000 - 0x00007ffb6e097000 	C:\Users\aaa\.jdks\openjdk-24.0.1\bin\jsvml.dll
0x00007ffb8e150000 - 0x00007ffb8e15c000 	C:\Users\aaa\.jdks\openjdk-24.0.1\bin\dt_socket.dll
0x00007ffbada10000 - 0x00007ffbada43000 	C:\WINDOWS\SYSTEM32\IPHLPAPI.DLL
0x00007ffbae540000 - 0x00007ffbae5aa000 	C:\WINDOWS\system32\mswsock.dll
0x00007ffb94cf0000 - 0x00007ffb94d00000 	C:\Users\aaa\.jdks\openjdk-24.0.1\bin\net.dll
0x00007ffb91a10000 - 0x00007ffb91a26000 	C:\Users\aaa\.jdks\openjdk-24.0.1\bin\nio.dll
0x00007ffb8e140000 - 0x00007ffb8e150000 	C:\Users\aaa\.jdks\openjdk-24.0.1\bin\verify.dll
0x00007ffbae7f0000 - 0x00007ffbae80b000 	C:\WINDOWS\SYSTEM32\CRYPTSP.dll
0x00007ffbadf20000 - 0x00007ffbadf5a000 	C:\WINDOWS\system32\rsaenh.dll
0x00007ffbae5e0000 - 0x00007ffbae60b000 	C:\WINDOWS\SYSTEM32\USERENV.dll
0x00007ffbaefd0000 - 0x00007ffbaeff6000 	C:\WINDOWS\SYSTEM32\bcrypt.dll
0x00007ffbae810000 - 0x00007ffbae81c000 	C:\WINDOWS\SYSTEM32\CRYPTBASE.dll
0x00007ffbb0c60000 - 0x00007ffbb0c6a000 	C:\WINDOWS\System32\NSI.dll
0x00007ffbada50000 - 0x00007ffbadb76000 	C:\WINDOWS\SYSTEM32\DNSAPI.dll
0x00007ffba5150000 - 0x00007ffba515b000 	C:\Windows\System32\rasadhlp.dll
0x00007ffba6c90000 - 0x00007ffba6d16000 	C:\WINDOWS\System32\fwpuclnt.dll
0x00007ffb90b60000 - 0x00007ffb90b69000 	C:\Users\aaa\.jdks\openjdk-24.0.1\bin\extnet.dll
0x00007ffb94ca0000 - 0x00007ffb94cae000 	C:\Users\aaa\.jdks\openjdk-24.0.1\bin\sunmscapi.dll
0x00007ffbaf7b0000 - 0x00007ffbaf927000 	C:\WINDOWS\System32\CRYPT32.dll
0x00007ffbaea10000 - 0x00007ffbaea40000 	C:\WINDOWS\SYSTEM32\ncrypt.dll
0x00007ffbae9c0000 - 0x00007ffbae9ff000 	C:\WINDOWS\SYSTEM32\NTASN1.dll

JVMTI agents:
jdwp path:C:\Users\aaa\.jdks\openjdk-24.0.1\bin\jdwp.dll, loaded, initialized, options:transport=dt_socket,address=127.0.0.1:64297,suspend=y,server=n
C:\Users\aaa\AppData\Local\JetBrains\IntelliJIdea2025.1\captureAgent\debugger-agent.jar path:C:\Users\aaa\.jdks\openjdk-24.0.1\bin\instrument.dll, loaded, initialized, instrumentlib options:file:///C:/Users/aaa/AppData/Local/Temp/capture7048281919548385836.props
C:\Users\aaa\AppData\Local\Temp\idea_libasyncProfiler_dll_temp_folder2\libasyncProfiler.dll path:C:\Users\aaa\AppData\Local\Temp\idea_libasyncProfiler_dll_temp_folder2\libasyncProfiler.dll, loaded, initialized, options:version,jfr,event=wall,interval=10ms,cstack=no,file=C:\Users\aaa\IdeaSnapshots\MainBot_2025_07_09_131018.jfr,dbghelppath=C:\Users\aaa\AppData\Local\Temp\idea_dbghelp_dll_temp_folder1\dbghelp.dll,log=C:\Users\aaa\AppData\Local\Temp\MainBot_2025_07_09_131018.jfr.log.txt,logLevel=DEBUG

dbghelp: loaded successfully - version: 4.0.5 - missing functions: none
symbol engine: initialized successfully - sym options: 0x614 - pdb path: .;C:\Users\aaa\.jdks\openjdk-24.0.1\bin;C:\WINDOWS\SYSTEM32;C:\WINDOWS\WinSxS\amd64_microsoft.windows.common-controls_6595b64144ccf1df_6.0.26100.4484_none_3e0e6d4ce32ef3b3;C:\Users\aaa\.jdks\openjdk-24.0.1\bin\server;C:\Users\aaa\AppData\Local\Temp\idea_libasyncProfiler_dll_temp_folder2

VM Arguments:
jvm_args: -agentlib:jdwp=transport=dt_socket,address=127.0.0.1:64297,suspend=y,server=n -javaagent:C:\Users\aaa\AppData\Local\JetBrains\IntelliJIdea2025.1\captureAgent\debugger-agent.jar=file:///C:/Users/aaa/AppData/Local/Temp/capture7048281919548385836.props -agentpath:C:\Users\aaa\AppData\Local\Temp\idea_libasyncProfiler_dll_temp_folder2\libasyncProfiler.dll=version,jfr,event=wall,interval=10ms,cstack=no,file=C:\Users\aaa\IdeaSnapshots\MainBot_2025_07_09_131018.jfr,dbghelppath=C:\Users\aaa\AppData\Local\Temp\idea_dbghelp_dll_temp_folder1\dbghelp.dll,log=C:\Users\aaa\AppData\Local\Temp\MainBot_2025_07_09_131018.jfr.log.txt,logLevel=DEBUG -Dkotlinx.coroutines.debug.enable.creation.stack.trace=false -Ddebugger.agent.enable.coroutines=true -Dkotlinx.coroutines.debug.enable.flows.stack.trace=true -Dkotlinx.coroutines.debug.enable.mutable.state.flows.stack.trace=true -Dfile.encoding=UTF-8 -Dsun.stdout.encoding=UTF-8 -Dsun.stderr.encoding=UTF-8 
java_command: uz.pdp.MainBot
java_class_path (initial): C:\Users\aaa\IdeaProjects\Rento\target\classes;C:\Users\aaa\.m2\repository\com\fasterxml\jackson\dataformat\jackson-dataformat-xml\2.17.0\jackson-dataformat-xml-2.17.0.jar;C:\Users\aaa\.m2\repository\com\fasterxml\jackson\core\jackson-core\2.17.0\jackson-core-2.17.0.jar;C:\Users\aaa\.m2\repository\com\fasterxml\jackson\core\jackson-annotations\2.17.0\jackson-annotations-2.17.0.jar;C:\Users\aaa\.m2\repository\org\codehaus\woodstox\stax2-api\4.2.2\stax2-api-4.2.2.jar;C:\Users\aaa\.m2\repository\com\fasterxml\woodstox\woodstox-core\6.6.1\woodstox-core-6.6.1.jar;C:\Users\aaa\.m2\repository\com\fasterxml\jackson\core\jackson-databind\2.17.0\jackson-databind-2.17.0.jar;C:\Users\aaa\.m2\repository\net\bytebuddy\byte-buddy\1.14.9\byte-buddy-1.14.9.jar;C:\Users\aaa\.m2\repository\org\projectlombok\lombok\1.18.38\lombok-1.18.38.jar;C:\Users\aaa\.m2\repository\org\telegram\telegrambots\6.9.7.1\telegrambots-6.9.7.1.jar;C:\Users\aaa\.m2\repository\org\telegram\telegrambots-meta\6.9.7.1\telegrambots-meta-6.9.7.1.jar;C:\Users\aaa\.m2\repository\org\apache\commons\commons-lang3\3.14.0\commons-lang3-3.14.0.jar;C:\Users\aaa\.m2\repository\com\fasterxml\jackson\datatype\jackson-datatype-jsr310\2.16.1\jackson-datatype-jsr310-2.16.1.jar;C:\Users\aaa\.m2\repository\com\fasterxml\jackson\jaxrs\jackson-jaxrs-json-provider\2.16.1\jackson-jaxrs-json-provider-2.16.1.jar;C:\Users\aaa\.m2\repository\com\fasterxml\jackson\jaxrs\jackson-jaxrs-base\2.16.1\jackson-jaxrs-base-2.16.1.jar;C:\Users\aaa\.m2\repository\com\fasterxml\jackson\module\jackson-module-jaxb-annotations\2.16.1\jackson-module-jaxb-annotations-2.16.1.jar;C:\Users\aaa\.m2\repository\jakarta\xml\bind\jakarta.xml.bind-api\2.3.3\jakarta.xml.bind-api-2.3.3.jar;C:\Users\aaa\.m2\repository\org\glassfish\jersey\inject\jersey-hk2\2.41\jersey-hk2-2.41.jar;C:\Users\aaa\.m2\repository\org\glassfish\jersey\core\jersey-common\2.41\jersey-common-2.41.jar;C:\Users\aaa\.m2\repository\org\glassfish\hk2\osgi-resource-locator\1.0.3\osgi-resource-locator-1.0.3.jar;C:\Users\aaa\.m2\repository\org\glassfish\hk2\hk2-locator\2.6.1\hk2-locator-2.6.1.jar;C:\Users\aaa\.m2\repository\org\glassfish\hk2\external\aopalliance-repackaged\2.6.1\aopalliance-repackaged-2.6.1.jar;C:\Users\aaa\.m2\repository\org\glassfish\hk2\hk2-api\2.6.1\hk2-api-2.6.1.jar;C:\Users\aaa\.m2\repository\org\glassfish\hk2\hk2-utils\2.6.1\hk2-utils-2.6.1.jar;C:\Users\aaa\.m2\repository\org\javassist\javassist\3.29.2-GA\javassist-3.29.2-GA.jar;C:\Users\aaa\.m2\repository\org\glassfish\jersey\media\jersey-media-json-jackson\2.41\jersey-media-json-jackson-2.41.jar;C:\Users\aaa\.m2\repository\org\glassfish\jersey\ext\jersey-entity-filtering\2.41\jersey-entity-filtering-2.41.jar;C:\Users\aaa\.m2\repository\org\glassfish\jersey\containers\jersey-container-grizzly2-http\2.41\jersey-container-grizzly2-http-2.41.jar;C:\Users\aaa\.m2\repository\org\glassfish\hk2\external\jakarta.inject\2.6.1\jakarta.inject-2.6.1.jar;C:\Users\aaa\.m2\repository\org\glassfish\grizzly\grizzly-http-server\2.4.4\grizzly-http-server-2.4.4.jar;C:\Users\aaa\.m2\repository\org\glassfish\grizzly\grizzly-http\2.4.4\grizzly-http-2.4.4.jar;C:\Users\aaa\.m2\repository\org\glassfish\grizzly\grizzly-framework\2.4.4\grizzly-framework-2.4.4.jar;C:\Users\aaa\.m2\repository\jakarta\ws\rs\jakarta.ws.rs-api\2.1.6\jakarta.ws.rs-api-2.1.6.jar;C:\Users\aaa\.m2\repository\org\glassfish\jersey\core\jersey-server\2.41\jersey-server-2.41.jar;C:\Users\aaa\.m2\repository\org\glassfish\jersey\core\jersey-client\2.41\jersey-client-2.41.jar;C:\Users\aaa\.m2\repository\jakarta\annotation\jakarta.annotation-api\1.3.5\jakarta.annotation-api-1.3.5.jar;C:\Users\aaa\.m2\repository\jakarta\validation\jakarta.validation-api\2.0.2\jakarta.validation-api-2.0.2.jar;C:\Users\aaa\.m2\repository\org\apache\httpcomponents\httpclient\4.5.14\httpclient-4.5.14.jar;C:\Users\aaa\.m2\repository\org\apache\httpcomponents\httpcore\4.4.16\httpcore-4.4.16.jar;C:\Users\aaa\.m2\repository\commons-logging\commons-logging\1.2\commons-logging-1.2.jar;C:\Users\aaa\.m2\repository\commons-codec\commons-codec\1.11\commons-codec-1.11.jar;C:\Users\aaa\.m2\repository\org\apache\httpcomponents\httpmime\4.5.14\httpmime-4.5.14.jar;C:\Users\aaa\.m2\repository\commons-io\commons-io\2.15.1\commons-io-2.15.1.jar;C:\Users\aaa\.m2\repository\org\slf4j\slf4j-api\2.0.16\slf4j-api-2.0.16.jar;C:\Program Files\JetBrains\IntelliJ IDEA 2025.1.2\lib\idea_rt.jar
Launcher Type: SUN_STANDARD

[Global flags]
     intx CICompilerCount                          = 4                                         {product} {ergonomic}
     uint ConcGCThreads                            = 2                                         {product} {ergonomic}
     uint G1ConcRefinementThreads                  = 8                                         {product} {ergonomic}
   size_t G1HeapRegionSize                         = 2097152                                   {product} {ergonomic}
   size_t InitialHeapSize                          = 264241152                                 {product} {ergonomic}
   size_t MarkStackSize                            = 4194304                                   {product} {ergonomic}
   size_t MarkStackSizeMax                         = 536870912                                 {product} {ergonomic}
   size_t MaxHeapSize                              = 4223664128                                {product} {ergonomic}
   size_t MaxNewSize                               = 2533359616                                {product} {ergonomic}
   size_t MinHeapDeltaBytes                        = 2097152                                   {product} {ergonomic}
   size_t MinHeapSize                              = 8388608                                   {product} {ergonomic}
    uintx NonNMethodCodeHeapSize                   = 5832704                                {pd product} {ergonomic}
    uintx NonProfiledCodeHeapSize                  = 122945536                              {pd product} {ergonomic}
    uintx ProfiledCodeHeapSize                     = 122880000                              {pd product} {ergonomic}
    uintx ReservedCodeCacheSize                    = 251658240                              {pd product} {ergonomic}
     bool SegmentedCodeCache                       = true                                      {product} {ergonomic}
   size_t SoftMaxHeapSize                          = 4223664128                             {manageable} {ergonomic}
     bool UseCompressedOops                        = true                           {product lp64_product} {ergonomic}
     bool UseG1GC                                  = true                                      {product} {ergonomic}
     bool UseLargePagesIndividualAllocation        = false                                  {pd product} {ergonomic}

Logging:
Log output configuration:
 #0: stdout all=warning uptime,level,tags foldmultilines=false
 #1: stderr all=off uptime,level,tags foldmultilines=false

Environment Variables:
PATH=C:\Program Files\Common Files\Oracle\Java\javapath;C:\WINDOWS\system32;C:\WINDOWS;C:\WINDOWS\System32\Wbem;C:\WINDOWS\System32\WindowsPowerShell\v1.0\;C:\WINDOWS\System32\OpenSSH\;C:\Program Files\Git\cmd;C:\Users\aaa\AppData\Local\Microsoft\WindowsApps;C:\Users\aaa\AppData\Local\Programs\Microsoft VS Code\bin;C:\Program Files\JetBrains\IntelliJ IDEA Community Edition 2024.3.2.2\bin;C:\Users\aaa\AppData\Local\JetBrains\Toolbox\scripts;C:\ProgramData\aaa\GitHubDesktop\bin
USERNAME=aaa
OS=Windows_NT
PROCESSOR_IDENTIFIER=Intel64 Family 6 Model 140 Stepping 1, GenuineIntel
TMP=C:\Users\aaa\AppData\Local\Temp
TEMP=C:\Users\aaa\AppData\Local\Temp




Periodic native trim disabled

---------------  S Y S T E M  ---------------

OS:
 Windows 11 , 64 bit Build 26100 (10.0.26100.4484)
OS uptime: 1 days 2:08 hours

CPU: total 8 (initial active 8) (4 cores per cpu, 2 threads per core) family 6 model 140 stepping 1 microcode 0x8a, cx8, cmov, fxsr, ht, mmx, 3dnowpref, sse, sse2, sse3, ssse3, sse4.1, sse4.2, popcnt, lzcnt, tsc, tscinvbit, avx, avx2, aes, erms, clmul, bmi1, bmi2, adx, avx512f, avx512dq, avx512cd, avx512bw, avx512vl, sha, fma, vzeroupper, avx512_vpopcntdq, avx512_vpclmulqdq, avx512_vaes, avx512_vnni, clflush, clflushopt, clwb, avx512_vbmi2, avx512_vbmi, rdtscp, rdpid, fsrm, gfni, avx512_bitalg, f16c, pku, cet_ibt, cet_ss, avx512_ifma
Processor Information for processor 0
  Max Mhz: 2803, Current Mhz: 1201, Mhz Limit: 2803
Processor Information for processor 1
  Max Mhz: 2803, Current Mhz: 2803, Mhz Limit: 2803
Processor Information for processor 2
  Max Mhz: 2803, Current Mhz: 2803, Mhz Limit: 2803
Processor Information for processor 3
  Max Mhz: 2803, Current Mhz: 2803, Mhz Limit: 2803
Processor Information for processor 4
  Max Mhz: 2803, Current Mhz: 2803, Mhz Limit: 2803
Processor Information for processor 5
  Max Mhz: 2803, Current Mhz: 1201, Mhz Limit: 2803
Processor Information for processor 6
  Max Mhz: 2803, Current Mhz: 1201, Mhz Limit: 2803
Processor Information for processor 7
  Max Mhz: 2803, Current Mhz: 2803, Mhz Limit: 2803

Memory: 4k page, system-wide physical 16107M (3219M free)
TotalPageFile size 28907M (AvailPageFile size 13586M)
current process WorkingSet (physical memory assigned to process): 123M, peak: 168M
current process commit charge ("private bytes"): 198M, peak: 426M

vm_info: OpenJDK 64-Bit Server VM (24.0.1+9-30) for windows-amd64 JRE (24.0.1+9-30), built on 2025-03-05T07:23:45Z with MS VC++ 17.6 (VS2022)

END.
