#
# A fatal error has been detected by the Java Runtime Environment:
#
#  EXCEPTION_ACCESS_VIOLATION (0xc0000005) at pc=0x00007ffb45d726c4, pid=15968, tid=15424
#
# JRE version: OpenJDK Runtime Environment (24.0.1+9) (build 24.0.1+9-30)
# Java VM: OpenJDK 64-Bit Server VM (24.0.1+9-30, mixed mode, sharing, tiered, compressed oops, compressed class ptrs, g1 gc, windows-amd64)
# Problematic frame:
# C  [libasyncProfiler.dll+0x926c4]
#
# No core dump will be written. Minidumps are not enabled by default on client versions of Windows
#
# JFR recording file will be written. Location: C:\Users\aaa\IdeaProjects\Rento\hs_err_pid15968.jfr
#
# If you would like to submit a bug report, please visit:
#   https://bugreport.java.com/bugreport/crash.jsp
# The crash happened outside the Java Virtual Machine in native code.
# See problematic frame for where to report the bug.
#

---------------  S U M M A R Y ------------

Command Line: -javaagent:C:\Program Files\JetBrains\IntelliJ IDEA 2025.1.2\lib\idea_rt.jar=52526 -Dfile.encoding=UTF-8 -Dsun.stdout.encoding=UTF-8 -Dsun.stderr.encoding=UTF-8 uz.pdp.MainBot

Host: 11th Gen Intel(R) Core(TM) i7-1165G7 @ 2.80GHz, 8 cores, 15G,  Windows 11 , 64 bit Build 26100 (10.0.26100.4484)
Time: Tue Jul  8 15:10:28 2025 West Asia Standard Time elapsed time: 91.422888 seconds (0d 0h 1m 31s)

---------------  T H R E A D  ---------------

Current thread (0x000001ac44cff410):  JavaThread "Attach Listener" daemon [_thread_in_native, id=15424, stack(0x0000002081b00000,0x0000002081c00000) (1024K)]

Stack: [0x0000002081b00000,0x0000002081c00000],  sp=0x0000002081bff1b0,  free space=1020k
Native frames: (J=compiled Java code, j=interpreted, Vv=VM code, C=native code)
C  [libasyncProfiler.dll+0x926c4]  (no source info available)
C  [libasyncProfiler.dll+0x92b9b]  (no source info available)
C  [libasyncProfiler.dll+0x917f4]  (no source info available)
C  [libasyncProfiler.dll+0x9206a]  (no source info available)
C  [libasyncProfiler.dll+0x8cc21]  (no source info available)
C  [libasyncProfiler.dll+0x7e5e1]  (no source info available)
C  [libasyncProfiler.dll+0x7d2f8]  (no source info available)
C  [libasyncProfiler.dll+0x7d1e0]  (no source info available)
C  [libasyncProfiler.dll+0x841b9]  (no source info available)
V  [jvm.dll+0x57eff7]  (no source info available)
V  [jvm.dll+0x57fdac]  (no source info available)
V  [jvm.dll+0x14ca17]  (no source info available)
V  [jvm.dll+0x14dfe1]  (no source info available)
V  [jvm.dll+0x42f456]  (no source info available)
V  [jvm.dll+0x87d76b]  (no source info available)
V  [jvm.dll+0x72ee55]  (no source info available)
C  [ucrtbase.dll+0x37b0]  (no source info available)
C  [KERNEL32.DLL+0x2e8d7]  (no source info available)
C  [ntdll.dll+0x3c34c]  (no source info available)


siginfo: EXCEPTION_ACCESS_VIOLATION (0xc0000005), reading address 0xffffffffffffffff


Registers:
RAX=0x0000000000000010, RBX=0x0000000000000000, RCX=0xffffffffffffffff, RDX=0x007ffb46fb300010
RSP=0x0000002081bff1b0, RBP=0x000001ac8a684c10, RSI=0x0000002081bff320, RDI=0x000001ac8a684c10
R8 =0x0000000000000042, R9 =0x000000071242c180, R10=0x00007ffb47229fb0, R11=0x000000000000000e
R12=0x0000002081bff320, R13=0x000001ac8b87c960, R14=0x000001ac44cff7d8, R15=0x000001ac44cff7d8
RIP=0x00007ffb45d726c4, EFLAGS=0x0000000000010202

XMM[0]=0x0000000000000000 0x0000000000000000
XMM[1]=0x0000000000000000 0x0000000000000000
XMM[2]=0x0000000000000000 0x0000000000000000
XMM[3]=0x0000000000000000 0x0000000000000000
XMM[4]=0x0000000000000000 0x0000000000000000
XMM[5]=0x0000000000000000 0x0000000000000000
XMM[6]=0x0000000000000000 0x0000000000000000
XMM[7]=0x0000000000000000 0x0000000000000000
XMM[8]=0x0000000000000000 0x0000000000000000
XMM[9]=0x0000000000000000 0x0000000000000000
XMM[10]=0x0000000000000000 0x0000000000000000
XMM[11]=0x0000000000000000 0x0000000000000000
XMM[12]=0x0000000000000000 0x0000000000000000
XMM[13]=0x0000000000000000 0x0000000000000000
XMM[14]=0x0000000000000000 0x0000000000000000
XMM[15]=0x0000000000000000 0x0000000000000000
  MXCSR=0x00001fa0


Register to memory mapping:

RAX=0x0000000000000010 is an unknown value
RBX=0x0 is null
RCX=0xffffffffffffffff is an unknown value
RDX=0x007ffb46fb300010 is an unknown value
RSP=0x0000002081bff1b0 is pointing into the stack for thread: 0x000001ac44cff410
RBP=0x000001ac8a684c10 points into unknown readable memory: 0x000000071242c180 | 80 c1 42 12 07 00 00 00
RSI=0x0000002081bff320 is pointing into the stack for thread: 0x000001ac44cff410
RDI=0x000001ac8a684c10 points into unknown readable memory: 0x000000071242c180 | 80 c1 42 12 07 00 00 00
R8 =0x0000000000000042 is an unknown value
R9 =0x000000071242c180 is an oop: java.lang.ref.Reference$ReferenceHandler 
{0x000000071242c180} - klass: 'java/lang/ref/Reference$ReferenceHandler' - flags: 

 - ---- fields (total size 14 words):
 - 'threadLocalRandomProbe' 'I' @12  0 (0x00000000)
 - private volatile 'eetop' 'J' @16  1839400460192 (0x000001ac44cf9fa0)
 - private final 'tid' 'J' @24  14 (0x000000000000000e)
 - 'threadLocalRandomSeed' 'J' @32  0 (0x0000000000000000)
 - injected 'jvmti_thread_state' 'J' @40  1840584855904 (0x000001ac8b681160)
 - 'threadLocalRandomSecondarySeed' 'I' @48  0 (0x00000000)
 - injected 'jvmti_VTMS_transition_disable_count' 'I' @52  0 (0x00000000)
 - injected 'jfr_epoch' 'S' @56  0 (0x0000)
 - volatile 'interrupted' 'Z' @58  false (0x00)
 - injected 'jvmti_is_in_VTMS_transition' 'Z' @59  false (0x00)
 - private volatile 'name' 'Ljava/lang/String;' @60  "Reference Handler"{0x00000007ffe0a468} (0xfffc148d)
 - private volatile 'contextClassLoader' 'Ljava/lang/ClassLoader;' @64  null (0x00000000)
 - private final 'holder' 'Ljava/lang/Thread$FieldHolder;' @68  a 'java/lang/Thread$FieldHolder'{0x0000000711f68db8} (0xe23ed1b7)
 - 'threadLocals' 'Ljava/lang/ThreadLocal$ThreadLocalMap;' @72  null (0x00000000)
 - 'inheritableThreadLocals' 'Ljava/lang/ThreadLocal$ThreadLocalMap;' @76  null (0x00000000)
 - private 'scopedValueBindings' 'Ljava/lang/Object;' @80  a 'java/lang/Class'{0x00000007ffe7c258} = 'java/lang/Thread' (0xfffcf84b)
 - final 'interruptLock' 'Ljava/lang/Object;' @84  a 'java/lang/Object'{0x0000000711f68da8} (0xe23ed1b5)
 - private volatile 'parkBlocker' 'Ljava/lang/Object;' @88  null (0x00000000)
 - private 'nioBlocker' 'Lsun/nio/ch/Interruptible;' @92  null (0x00000000)
 - private 'cont' 'Ljdk/internal/vm/Continuation;' @96  null (0x00000000)
 - private volatile 'uncaughtExceptionHandler' 'Ljava/lang/Thread$UncaughtExceptionHandler;' @100  null (0x00000000)
 - private 'container' 'Ljdk/internal/vm/ThreadContainer;' @104  null (0x00000000)
 - private volatile 'headStackableScopes' 'Ljdk/internal/vm/StackableScope;' @108  null (0x00000000)
R10=0x00007ffb47229fb0 jvm.dll
R11=0x000000000000000e is an unknown value
R12=0x0000002081bff320 is pointing into the stack for thread: 0x000001ac44cff410
R13=0x000001ac8b87c960 points into unknown readable memory: 0x00007ffb4719a510 | 10 a5 19 47 fb 7f 00 00
R14=0x000001ac44cff7d8 points into unknown readable memory: 0x00007ffb471917b0 | b0 17 19 47 fb 7f 00 00
R15=0x000001ac44cff7d8 points into unknown readable memory: 0x00007ffb471917b0 | b0 17 19 47 fb 7f 00 00

Top of Stack: (sp=0x0000002081bff1b0)
0x0000002081bff1b0:   0000002081bff320 000001ac8a684c10    ... ....Lh.....
0x0000002081bff1c0:   0000000000000000 000001ac44cffb60   ........`..D....
0x0000002081bff1d0:   0000000000000028 00007ffb45d72b9b   (........+.E....
0x0000002081bff1e0:   0000000000000000 000001ac44cff7d8   ...........D....
0x0000002081bff1f0:   0000002081bff301 0000000000000000   .... ...........
0x0000002081bff200:   000001ac8b01bd10 00007ffb45d717f4   ...........E....
0x0000002081bff210:   0000000000000000 0000000000000028   ........(.......
0x0000002081bff220:   0000000000000000 0000000000000028   ........(.......
0x0000002081bff230:   0000001000000002 000001ac8dd7e600   ................
0x0000002081bff240:   000001ac8b01bd10 000001ac8b01bdb0   ................
0x0000002081bff250:   000001ac8b01bdb8 0000000000004df4   .........M......
0x0000002081bff260:   0000000000000000 0000000000000000   ................
0x0000002081bff270:   0000000000000000 00007ffb469f57d4   .........W.F....
0x0000002081bff280:   00007ffb45eb4ca0 0000000000003e60   .L.E....`>......
0x0000002081bff290:   00007ffb45eb4ca0 00000000ffffffff   .L.E............
0x0000002081bff2a0:   0000000000000000 00007ffb45d7206a   ........j .E....
0x0000002081bff2b0:   000001ac44cff7d8 0000000000000000   ...D............
0x0000002081bff2c0:   0000002081bff329 000001ac8b87c960   )... ...`.......
0x0000002081bff2d0:   0000000000000004 0000000000000048   ........H.......
0x0000002081bff2e0:   0000000800800310 0000000000000020   ........ .......
0x0000002081bff2f0:   000001ac44cff7d8 00007ffb45eb4ca0   ...D.....L.E....
0x0000002081bff300:   000001ac44cd9170 000001ac8b681160   p..D....`.h.....
0x0000002081bff310:   0000000800800390 000001ac44cff7d8   ...........D....
0x0000002081bff320:   000001ac8cede990 000001ac8cedee90   ................
0x0000002081bff330:   000001ac8cedee90 00007ffb45eb4ca0   .........L.E....
0x0000002081bff340:   000001ac8ab931d8 0000002081bff4b8   .1.......... ...
0x0000002081bff350:   0000002081bff5f0 0000000000008840   .... ...@.......
0x0000002081bff360:   0000002081bff7d0 00007ffb45eb4cf0   .... ....L.E....
0x0000002081bff370:   0000000000989680 0000000000989680   ................
0x0000002081bff380:   0000002081bff490 00007ffb45d6cc21   .... ...!..E....
0x0000002081bff390:   00007ffb45eb4ca0 00007ffb45eb4cf8   .L.E.....L.E....
0x0000002081bff3a0:   00007ffb00000000 00007ffb00000001   ................

Instructions: (pc=0x00007ffb45d726c4)
  0x00007ffb45d725c4:   cc cc cc cc cc cc cc cc cc cc cc cc cc cc cc cc
  0x00007ffb45d725d4:   cc cc cc cc cc cc cc cc cc cc cc cc cc cc cc cc
  0x00007ffb45d725e4:   cc cc cc cc cc cc cc cc cc cc cc cc cc cc cc cc
  0x00007ffb45d725f4:   cc cc cc cc cc cc cc cc cc cc cc cc cc cc cc cc
  0x00007ffb45d72604:   cc cc cc cc cc cc cc cc cc cc cc cc cc cc cc cc
  0x00007ffb45d72614:   cc cc cc cc cc cc cc cc cc cc cc cc cc cc cc cc
  0x00007ffb45d72624:   cc cc cc cc cc cc cc cc cc cc cc cc cc cc cc cc
  0x00007ffb45d72634:   cc cc cc cc cc cc cc cc cc cc cc cc cc cc cc cc
  0x00007ffb45d72644:   cc cc cc cc cc cc cc cc cc cc cc cc 40 57 48 83
  0x00007ffb45d72654:   ec 20 48 8b f9 48 8b 0d 10 28 14 00 48 85 c9 74
  0x00007ffb45d72664:   20 48 8b 01 48 8d 54 24 38 41 b8 06 00 01 00 4c
  0x00007ffb45d72674:   8b 48 30 41 ff d1 85 c0 75 07 48 8b 4c 24 38 eb
  0x00007ffb45d72684:   02 33 c9 4c 8b 05 ea 28 14 00 48 89 5c 24 30 4d
  0x00007ffb45d72694:   85 c0 74 4a 48 8b 01 48 8b d7 4c 8b 88 28 03 00
  0x00007ffb45d726a4:   00 41 ff d1 48 85 c0 74 35 48 63 0d f8 e6 13 00
  0x00007ffb45d726b4:   48 8b 14 01 48 85 d2 74 15 48 63 05 fc e6 13 00
=>0x00007ffb45d726c4:   8b 04 10 48 8b 5c 24 30 48 83 c4 20 5f c3 b8 ff
  0x00007ffb45d726d4:   ff ff ff 48 8b 5c 24 30 48 83 c4 20 5f c3 80 3d
  0x00007ffb45d726e4:   9b 27 14 00 00 bb ff ff ff ff 74 20 4c 8b 0d 31
  0x00007ffb45d726f4:   24 14 00 4c 8d 44 24 38 48 8b 0d 15 24 14 00 48
  0x00007ffb45d72704:   8b d7 41 ff d1 85 c0 0f 44 5c 24 38 8b c3 48 8b
  0x00007ffb45d72714:   5c 24 30 48 83 c4 20 5f c3 cc cc cc cc cc cc cc
  0x00007ffb45d72724:   cc cc cc cc cc cc cc cc cc cc cc cc cc cc cc cc
  0x00007ffb45d72734:   cc cc cc cc cc cc cc cc cc cc cc cc cc cc cc cc
  0x00007ffb45d72744:   cc cc cc cc cc cc cc cc cc cc cc cc 48 89 54 24
  0x00007ffb45d72754:   10 53 55 56 57 41 56 41 57 48 83 ec 28 48 8b f2
  0x00007ffb45d72764:   4c 8b f1 48 89 4c 24 78 45 33 ff 44 89 7c 24 68
  0x00007ffb45d72774:   c7 44 24 60 01 00 00 00 48 8d 4c 24 68 e8 ed 42
  0x00007ffb45d72784:   f7 ff 8b d8 48 8d 4c 24 60 e8 e1 42 f7 ff 8b e8
  0x00007ffb45d72794:   49 8b ce e8 00 fc f6 ff 48 8b f8 90 8b c3 f0 0f
  0x00007ffb45d727a4:   b1 2f 74 04 f3 90 eb f4 4c 89 3e 4c 89 7e 08 4c
  0x00007ffb45d727b4:   89 7e 10 49 8b 6e 08 4d 8b 76 10 49 3b ee 0f 84


Stack slot to memory mapping:

stack at sp + 0 slots: 0x0000002081bff320 is pointing into the stack for thread: 0x000001ac44cff410
stack at sp + 1 slots: 0x000001ac8a684c10 points into unknown readable memory: 0x000000071242c180 | 80 c1 42 12 07 00 00 00
stack at sp + 2 slots: 0x0 is null
stack at sp + 3 slots: 0x000001ac44cffb60 points into unknown readable memory: 0x6e616c2e6176616a | 6a 61 76 61 2e 6c 61 6e
stack at sp + 4 slots: 0x0000000000000028 is an unknown value
stack at sp + 5 slots: 0x00007ffb45d72b9b libasyncProfiler.dll
stack at sp + 6 slots: 0x0 is null
stack at sp + 7 slots: 0x000001ac44cff7d8 points into unknown readable memory: 0x00007ffb471917b0 | b0 17 19 47 fb 7f 00 00

Lock stack of current Java thread (top to bottom):


---------------  P R O C E S S  ---------------

Threads class SMR info:
_java_thread_list=0x000001ac8ba21a50, length=21, elements={
0x000001ac44cf9fa0, 0x000001ac44cfa8e0, 0x000001ac44cfe4c0, 0x000001ac44cff410,
0x000001ac44d007d0, 0x000001ac44d05f10, 0x000001ac44d07a50, 0x000001ac44d0d4a0,
0x000001ac8a1c11a0, 0x000001ac8a500a90, 0x000001ac8a431680, 0x000001ac8b133420,
0x000001ac8b16d530, 0x000001ac8b20f0b0, 0x000001ac8b212f60, 0x000001ac8b25f120,
0x000001ac8b25d3e0, 0x000001ac8b25e9d0, 0x000001ac8a0f6050, 0x000001ac8b25cc90,
0x000001ac8b25f870
}

Java Threads: ( => current thread )
  0x000001ac44cf9fa0 JavaThread "Reference Handler"          daemon [_thread_blocked, id=15904, stack(0x0000002081800000,0x0000002081900000) (1024K)]
  0x000001ac44cfa8e0 JavaThread "Finalizer"                  daemon [_thread_blocked, id=19384, stack(0x0000002081900000,0x0000002081a00000) (1024K)]
  0x000001ac44cfe4c0 JavaThread "Signal Dispatcher"          daemon [_thread_blocked, id=10584, stack(0x0000002081a00000,0x0000002081b00000) (1024K)]
=>0x000001ac44cff410 JavaThread "Attach Listener"            daemon [_thread_in_native, id=15424, stack(0x0000002081b00000,0x0000002081c00000) (1024K)]
  0x000001ac44d007d0 JavaThread "Service Thread"             daemon [_thread_blocked, id=868, stack(0x0000002081c00000,0x0000002081d00000) (1024K)]
  0x000001ac44d05f10 JavaThread "Monitor Deflation Thread"   daemon [_thread_blocked, id=20076, stack(0x0000002081d00000,0x0000002081e00000) (1024K)]
  0x000001ac44d07a50 JavaThread "C2 CompilerThread0"         daemon [_thread_blocked, id=5812, stack(0x0000002081e00000,0x0000002081f00000) (1024K)]
  0x000001ac44d0d4a0 JavaThread "C1 CompilerThread0"         daemon [_thread_blocked, id=20640, stack(0x0000002081f00000,0x0000002082000000) (1024K)]
  0x000001ac8a1c11a0 JavaThread "Common-Cleaner"             daemon [_thread_blocked, id=20556, stack(0x0000002082000000,0x0000002082100000) (1024K)]
  0x000001ac8a500a90 JavaThread "Monitor Ctrl-Break"         daemon [_thread_in_native, id=10244, stack(0x0000002082200000,0x0000002082300000) (1024K)]
  0x000001ac8a431680 JavaThread "Notification Thread"        daemon [_thread_blocked, id=3128, stack(0x0000002082300000,0x0000002082400000) (1024K)]
  0x000001ac8b133420 JavaThread "RMI TCP Accept-0"           daemon [_thread_in_native, id=17092, stack(0x0000002082500000,0x0000002082600000) (1024K)]
  0x000001ac8b16d530 JavaThread "RMI TCP Connection(1)-10.10.1.73" daemon [_thread_in_native, id=1652, stack(0x0000002082600000,0x0000002082700000) (1024K)]
  0x000001ac8b20f0b0 JavaThread "RMI Scheduler(0)"           daemon [_thread_blocked, id=10000, stack(0x0000002082700000,0x0000002082800000) (1024K)]
  0x000001ac8b212f60 JavaThread "JMX server connection timeout 31" daemon [_thread_blocked, id=21068, stack(0x0000002082800000,0x0000002082900000) (1024K)]
  0x000001ac8b25f120 JavaThread "t.me/Rento_helper_bot Telegram Connection"        [_thread_in_native, id=18656, stack(0x0000002082f00000,0x0000002083000000) (1024K)]
  0x000001ac8b25d3e0 JavaThread "t.me/Rento_helper_bot Telegram Executor"        [_thread_blocked, id=19528, stack(0x0000002083000000,0x0000002083100000) (1024K)]
  0x000001ac8b25e9d0 JavaThread "DestroyJavaVM"                     [_thread_blocked, id=21452, stack(0x0000002081000000,0x0000002081100000) (1024K)]
  0x000001ac8a0f6050 JavaThread "C2 CompilerThread1"         daemon [_thread_in_native, id=17496, stack(0x0000002080e00000,0x0000002080f00000) (1024K)]
  0x000001ac8b25cc90 JavaThread "JFR Recorder Thread"        daemon [_thread_in_native, id=20408, stack(0x0000002080f00000,0x0000002081000000) (1024K)]
  0x000001ac8b25f870 JavaThread "JFR Periodic Tasks"         daemon [_thread_blocked, id=19956, stack(0x0000002083100000,0x0000002083200000) (1024K)]
Total: 21

Other Threads:
  0x000001ac44ce7f80 VMThread "VM Thread"                           [id=10164, stack(0x0000002081700000,0x0000002081800000) (1024K)]
  0x000001ac44cd7200 WatcherThread "VM Periodic Task Thread"        [id=5320, stack(0x0000002081600000,0x0000002081700000) (1024K)]
  0x000001ac257783a0 WorkerThread "GC Thread#0"                     [id=18864, stack(0x0000002081100000,0x0000002081200000) (1024K)]
  0x000001ac8b22e1f0 WorkerThread "GC Thread#1"                     [id=20904, stack(0x0000002082100000,0x0000002082200000) (1024K)]
  0x000001ac8b22d6e0 WorkerThread "GC Thread#2"                     [id=10360, stack(0x0000002082400000,0x0000002082500000) (1024K)]
  0x000001ac8b22e5a0 WorkerThread "GC Thread#3"                     [id=19476, stack(0x0000002082a00000,0x0000002082b00000) (1024K)]
  0x000001ac8b22cf80 WorkerThread "GC Thread#4"                     [id=324, stack(0x0000002082b00000,0x0000002082c00000) (1024K)]
  0x000001ac8b22d330 WorkerThread "GC Thread#5"                     [id=17696, stack(0x0000002082c00000,0x0000002082d00000) (1024K)]
  0x000001ac8b22da90 WorkerThread "GC Thread#6"                     [id=6264, stack(0x0000002082d00000,0x0000002082e00000) (1024K)]
  0x000001ac8b22e950 WorkerThread "GC Thread#7"                     [id=1724, stack(0x0000002082e00000,0x0000002082f00000) (1024K)]
  0x000001ac2578cea0 ConcurrentGCThread "G1 Main Marker"            [id=3652, stack(0x0000002081200000,0x0000002081300000) (1024K)]
  0x000001ac2578e8a0 WorkerThread "G1 Conc#0"                       [id=7660, stack(0x0000002081300000,0x0000002081400000) (1024K)]
  0x000001ac8b630cb0 WorkerThread "G1 Conc#1"                       [id=16216, stack(0x0000002080d00000,0x0000002080e00000) (1024K)]
  0x000001ac44b8c990 ConcurrentGCThread "G1 Refine#0"               [id=16608, stack(0x0000002081400000,0x0000002081500000) (1024K)]
  0x000001ac44b8d320 ConcurrentGCThread "G1 Service"                [id=20236, stack(0x0000002081500000,0x0000002081600000) (1024K)]
Total: 15

Threads with active compile tasks:
C2 CompilerThread1  91509 3889   !   4       java.lang.reflect.Executable::declaredAnnotations (85 bytes)
Total: 1

VM state: not at safepoint (normal execution)

VM Mutex/Monitor currently owned by a thread: None

Heap address: 0x0000000704400000, size: 4028 MB, Compressed Oops mode: Zero based, Oop shift amount: 3

CDS archive(s) mapped at: [0x000001ac45000000-0x000001ac45d40000-0x000001ac45d40000), size 13893632, SharedBaseAddress: 0x000001ac45000000, ArchiveRelocationMode: 1.
Compressed class space mapped at: 0x000001ac46000000-0x000001ac86000000, reserved size: 1073741824
UseCompressedClassPointers 1, UseCompactObjectHeaders 0
Narrow klass pointer bits 32, Max shift 3
Narrow klass base: 0x000001ac45000000, Narrow klass shift: 0
Encoding Range: [0x000001ac45000000 - 0x000001ad45000000), (4294967296 bytes)
Klass Range:    [0x000001ac45000000 - 0x000001ac86000000), (1090519040 bytes)
Klass ID Range:  [8 - 1090519033) (1090519025)

GC Precious Log:
 CardTable entry size: 512
 Card Set container configuration: InlinePtr #cards 4 size 8 Array Of Cards #cards 16 size 48 Howl #buckets 8 coarsen threshold 3686 Howl Bitmap #cards 512 size 80 coarsen threshold 460 Card regions per heap region 1 cards per card region 4096
 CPUs: 8 total, 8 available
 Memory: 16107M
 Large Page Support: Disabled
 NUMA Support: Disabled
 Compressed Oops: Enabled (Zero based)
 Heap Region Size: 2M
 Heap Min Capacity: 8M
 Heap Initial Capacity: 252M
 Heap Max Capacity: 4028M
 Pre-touch: Disabled
 Parallel Workers: 8
 Concurrent Workers: 2
 Concurrent Refinement Workers: 8
 Periodic GC: Disabled

Heap:
 garbage-first heap   total reserved 4124672K, committed 61440K, used 24942K [0x0000000704400000, 0x0000000800000000)
  region size 2048K, 12 young (24576K), 6 survivors (12288K)
 Metaspace       used 22419K, committed 22656K, reserved 1114112K
  class space    used 2051K, committed 2176K, reserved 1048576K

Heap Regions: E=young(eden), S=young(survivor), O=old, HS=humongous(starts), HC=humongous(continues), CS=collection set, F=free, TAMS=top-at-mark-start, PB=parsable bottom
|   0|0x0000000704400000, 0x0000000704600000, 0x0000000704600000|100%| O|  |TAMS 0x0000000704400000| PB 0x0000000704400000| Untracked |  0
|   1|0x0000000704600000, 0x00000007046630c0, 0x0000000704800000| 19%| O|  |TAMS 0x0000000704600000| PB 0x0000000704600000| Untracked |  0
|   2|0x0000000704800000, 0x0000000704800000, 0x0000000704a00000|  0%| F|  |TAMS 0x0000000704800000| PB 0x0000000704800000| Untracked |  0
|   3|0x0000000704a00000, 0x0000000704a00000, 0x0000000704c00000|  0%| F|  |TAMS 0x0000000704a00000| PB 0x0000000704a00000| Untracked |  0
|   4|0x0000000704c00000, 0x0000000704c00000, 0x0000000704e00000|  0%| F|  |TAMS 0x0000000704c00000| PB 0x0000000704c00000| Untracked |  0
|   5|0x0000000704e00000, 0x0000000704e00000, 0x0000000705000000|  0%| F|  |TAMS 0x0000000704e00000| PB 0x0000000704e00000| Untracked |  0
|   6|0x0000000705000000, 0x0000000705000000, 0x0000000705200000|  0%| F|  |TAMS 0x0000000705000000| PB 0x0000000705000000| Untracked |  0
|   7|0x0000000705200000, 0x0000000705200000, 0x0000000705400000|  0%| F|  |TAMS 0x0000000705200000| PB 0x0000000705200000| Untracked |  0
|   8|0x0000000705400000, 0x0000000705400000, 0x0000000705600000|  0%| F|  |TAMS 0x0000000705400000| PB 0x0000000705400000| Untracked |  0
|   9|0x0000000705600000, 0x0000000705600000, 0x0000000705800000|  0%| F|  |TAMS 0x0000000705600000| PB 0x0000000705600000| Untracked |  0
|  10|0x0000000705800000, 0x0000000705800000, 0x0000000705a00000|  0%| F|  |TAMS 0x0000000705800000| PB 0x0000000705800000| Untracked |  0
|  11|0x0000000705a00000, 0x0000000705a00000, 0x0000000705c00000|  0%| F|  |TAMS 0x0000000705a00000| PB 0x0000000705a00000| Untracked |  0
|  12|0x0000000705c00000, 0x0000000705c00000, 0x0000000705e00000|  0%| F|  |TAMS 0x0000000705c00000| PB 0x0000000705c00000| Untracked |  0
|  13|0x0000000705e00000, 0x0000000705e00000, 0x0000000706000000|  0%| F|  |TAMS 0x0000000705e00000| PB 0x0000000705e00000| Untracked |  0
|  14|0x0000000706000000, 0x0000000706000000, 0x0000000706200000|  0%| F|  |TAMS 0x0000000706000000| PB 0x0000000706000000| Untracked |  0
|  15|0x0000000706200000, 0x0000000706200000, 0x0000000706400000|  0%| F|  |TAMS 0x0000000706200000| PB 0x0000000706200000| Untracked |  0
|  16|0x0000000706400000, 0x0000000706400000, 0x0000000706600000|  0%| F|  |TAMS 0x0000000706400000| PB 0x0000000706400000| Untracked |  0
|  17|0x0000000706600000, 0x0000000706800000, 0x0000000706800000|100%| E|  |TAMS 0x0000000706600000| PB 0x0000000706600000| Complete |  0
|  18|0x0000000706800000, 0x0000000706a00000, 0x0000000706a00000|100%| E|CS|TAMS 0x0000000706800000| PB 0x0000000706800000| Complete |  0
|  19|0x0000000706a00000, 0x0000000706c00000, 0x0000000706c00000|100%| E|CS|TAMS 0x0000000706a00000| PB 0x0000000706a00000| Complete |  0
|  20|0x0000000706c00000, 0x0000000706e00000, 0x0000000706e00000|100%| E|CS|TAMS 0x0000000706c00000| PB 0x0000000706c00000| Complete |  0
|  21|0x0000000706e00000, 0x0000000707000000, 0x0000000707000000|100%| E|CS|TAMS 0x0000000706e00000| PB 0x0000000706e00000| Complete |  0
| 107|0x0000000711a00000, 0x0000000711adc780, 0x0000000711c00000| 43%| S|CS|TAMS 0x0000000711a00000| PB 0x0000000711a00000| Complete |  0
| 108|0x0000000711c00000, 0x0000000711e00000, 0x0000000711e00000|100%| S|CS|TAMS 0x0000000711c00000| PB 0x0000000711c00000| Complete |  0
| 109|0x0000000711e00000, 0x0000000712000000, 0x0000000712000000|100%| S|CS|TAMS 0x0000000711e00000| PB 0x0000000711e00000| Complete |  0
| 110|0x0000000712000000, 0x0000000712200000, 0x0000000712200000|100%| S|CS|TAMS 0x0000000712000000| PB 0x0000000712000000| Complete |  0
| 111|0x0000000712200000, 0x0000000712400000, 0x0000000712400000|100%| S|CS|TAMS 0x0000000712200000| PB 0x0000000712200000| Complete |  0
| 112|0x0000000712400000, 0x0000000712600000, 0x0000000712600000|100%| S|CS|TAMS 0x0000000712400000| PB 0x0000000712400000| Complete |  0
| 125|0x0000000713e00000, 0x0000000714000000, 0x0000000714000000|100%| E|CS|TAMS 0x0000000713e00000| PB 0x0000000713e00000| Complete |  0
|2013|0x00000007ffe00000, 0x00000007fff1c288, 0x0000000800000000| 55%| O|Cm|TAMS 0x00000007ffe00000| PB 0x00000007ffe00000| Complete |  0

Card table byte_map: [0x000001ac3dbd0000,0x000001ac3e3b0000] _byte_map_base: 0x000001ac3a3ae000

Marking Bits: (CMBitMap*) 0x000001ac25778ab0
 Bits: [0x000001ac3e3b0000, 0x000001ac422a0000)

Polling page: 0x000001ac23500000

Metaspace:

Usage:
  Non-class:     19.89 MB used.
      Class:      2.00 MB used.
       Both:     21.89 MB used.

Virtual space:
  Non-class space:       64.00 MB reserved,      20.00 MB ( 31%) committed,  1 nodes.
      Class space:        1.00 GB reserved,       2.12 MB ( <1%) committed,  1 nodes.
             Both:        1.06 GB reserved,      22.12 MB (  2%) committed. 

Chunk freelists:
   Non-Class:  12.01 MB
       Class:  13.74 MB
        Both:  25.75 MB

MaxMetaspaceSize: unlimited
CompressedClassSpaceSize: 1.00 GB
Initial GC threshold: 21.00 MB
Current GC threshold: 35.12 MB
CDS: on
 - commit_granule_bytes: 65536.
 - commit_granule_words: 8192.
 - virtual_space_node_default_size: 8388608.
 - enlarge_chunks_in_place: 1.
UseCompressedClassPointers 1, UseCompactObjectHeaders 0
Narrow klass pointer bits 32, Max shift 3
Narrow klass base: 0x000001ac45000000, Narrow klass shift: 0
Encoding Range: [0x000001ac45000000 - 0x000001ad45000000), (4294967296 bytes)
Klass Range:    [0x000001ac45000000 - 0x000001ac86000000), (1090519040 bytes)
Klass ID Range:  [8 - 1090519033) (1090519025)


Internal statistics:

num_allocs_failed_limit: 3.
num_arena_births: 248.
num_arena_deaths: 0.
num_vsnodes_births: 2.
num_vsnodes_deaths: 0.
num_space_committed: 354.
num_space_uncommitted: 0.
num_chunks_returned_to_freelist: 3.
num_chunks_taken_from_freelist: 698.
num_chunk_merges: 0.
num_chunk_splits: 438.
num_chunks_enlarged: 289.
num_inconsistent_stats: 0.

CodeHeap 'non-profiled nmethods': size=120064Kb used=1319Kb max_used=1319Kb free=118744Kb
 bounds [0x000001ac35a70000, 0x000001ac35ce0000, 0x000001ac3cfb0000]
CodeHeap 'profiled nmethods': size=120000Kb used=6568Kb max_used=6568Kb free=113431Kb
 bounds [0x000001ac2dfb0000, 0x000001ac2e620000, 0x000001ac354e0000]
CodeHeap 'non-nmethods': size=5696Kb used=1601Kb max_used=1665Kb free=4094Kb
 bounds [0x000001ac354e0000, 0x000001ac35750000, 0x000001ac35a70000]
CodeCache: size=245760Kb, used=9488Kb, max_used=9552Kb, free=236269Kb
 total_blobs=4601, nmethods=3992, adapters=514, full_count=0
Compilation: enabled, stopped_count=0, restarted_count=0

Compilation events (20 events):
Event: 91.390 Thread 0x000001ac44d0d4a0 3988       1       jdk.jfr.internal.PlatformEventType::isEnabled (5 bytes)
Event: 91.390 Thread 0x000001ac44d0d4a0 nmethod 3988 0x000001ac35baf608 code [0x000001ac35baf700, 0x000001ac35baf7c8]
Event: 91.390 Thread 0x000001ac44d0d4a0 3985       1       jdk.jfr.internal.EventControl::getEventType (5 bytes)
Event: 91.390 Thread 0x000001ac44d0d4a0 nmethod 3985 0x000001ac35baf908 code [0x000001ac35bafa00, 0x000001ac35bafac8]
Event: 91.390 Thread 0x000001ac44d0d4a0 3986       1       jdk.jfr.internal.EventControl::getSettingsId (5 bytes)
Event: 91.391 Thread 0x000001ac44d0d4a0 nmethod 3986 0x000001ac35bafc08 code [0x000001ac35bafd00, 0x000001ac35bafdc8]
Event: 91.391 Thread 0x000001ac44d0d4a0 3987       1       jdk.jfr.internal.EventControl::getNamedControls (5 bytes)
Event: 91.391 Thread 0x000001ac44d0d4a0 nmethod 3987 0x000001ac35baff08 code [0x000001ac35bb0000, 0x000001ac35bb00c8]
Event: 91.392 Thread 0x000001ac44d0d4a0 3990       1       jdk.jfr.internal.periodic.EventTask::getEventType (5 bytes)
Event: 91.392 Thread 0x000001ac44d0d4a0 nmethod 3990 0x000001ac35bb0208 code [0x000001ac35bb0300, 0x000001ac35bb03c8]
Event: 91.393 Thread 0x000001ac44d0d4a0 3991       1       jdk.jfr.internal.periodic.PeriodicTask::getPeriod (5 bytes)
Event: 91.393 Thread 0x000001ac44d0d4a0 nmethod 3991 0x000001ac35bb0508 code [0x000001ac35bb0600, 0x000001ac35bb06c8]
Event: 91.393 Thread 0x000001ac44d0d4a0 3992       3       java.util.Comparator$$Lambda/0x000001ac461bd648::compare (10 bytes)
Event: 91.393 Thread 0x000001ac44d0d4a0 nmethod 3992 0x000001ac2e619788 code [0x000001ac2e6198e0, 0x000001ac2e619d58]
Event: 91.393 Thread 0x000001ac44d0d4a0 3993       3       java.util.Comparator::lambda$comparingLong$6043328a$1 (18 bytes)
Event: 91.393 Thread 0x000001ac44d0d4a0 nmethod 3993 0x000001ac2e619d88 code [0x000001ac2e619ee0, 0x000001ac2e61a2c0]
Event: 91.401 Thread 0x000001ac44d07a50 nmethod 3965 0x000001ac35bb0808 code [0x000001ac35bb0b80, 0x000001ac35bb3038]
Event: 91.401 Thread 0x000001ac44d07a50 3974       4       java.util.LinkedHashMap::get (29 bytes)
Event: 91.405 Thread 0x000001ac44d07a50 nmethod 3974 0x000001ac35bb3188 code [0x000001ac35bb32c0, 0x000001ac35bb3620]
Event: 91.405 Thread 0x000001ac44d07a50 3972       4       jdk.jfr.internal.MetadataWriter::writeString (67 bytes)

GC Heap History (4 events):
Event: 0.775 GC heap before
{Heap before GC invocations=0 (full 0):
 garbage-first heap   total reserved 4124672K, committed 260096K, used 48240K [0x0000000704400000, 0x0000000800000000)
  region size 2048K, 24 young (49152K), 0 survivors (0K)
 Metaspace       used 15963K, committed 16192K, reserved 1114112K
  class space    used 1409K, committed 1472K, reserved 1048576K
}
Event: 0.781 GC heap after
{Heap after GC invocations=1 (full 0):
 garbage-first heap   total reserved 4124672K, committed 260096K, used 9724K [0x0000000704400000, 0x0000000800000000)
  region size 2048K, 3 young (6144K), 3 survivors (6144K)
 Metaspace       used 15963K, committed 16192K, reserved 1114112K
  class space    used 1409K, committed 1472K, reserved 1048576K
}
Event: 91.266 GC heap before
{Heap before GC invocations=1 (full 0):
 garbage-first heap   total reserved 4124672K, committed 260096K, used 34300K [0x0000000704400000, 0x0000000800000000)
  region size 2048K, 16 young (32768K), 3 survivors (6144K)
 Metaspace       used 21290K, committed 21504K, reserved 1114112K
  class space    used 1925K, committed 2048K, reserved 1048576K
}
Event: 91.272 GC heap after
{Heap after GC invocations=2 (full 0):
 garbage-first heap   total reserved 4124672K, committed 260096K, used 14702K [0x0000000704400000, 0x0000000800000000)
  region size 2048K, 6 young (12288K), 6 survivors (12288K)
 Metaspace       used 21290K, committed 21504K, reserved 1114112K
  class space    used 1925K, committed 2048K, reserved 1048576K
}

Dll operation events (14 events):
Event: 0.009 Loaded shared library C:\Users\aaa\.jdks\openjdk-24.0.1\bin\java.dll
Event: 0.036 Loaded shared library C:\Users\aaa\.jdks\openjdk-24.0.1\bin\jsvml.dll
Event: 0.078 Loaded shared library C:\Users\aaa\.jdks\openjdk-24.0.1\bin\zip.dll
Event: 0.082 Loaded shared library C:\Users\aaa\.jdks\openjdk-24.0.1\bin\instrument.dll
Event: 0.085 Loaded shared library C:\Users\aaa\.jdks\openjdk-24.0.1\bin\net.dll
Event: 0.086 Loaded shared library C:\Users\aaa\.jdks\openjdk-24.0.1\bin\nio.dll
Event: 0.089 Loaded shared library C:\Users\aaa\.jdks\openjdk-24.0.1\bin\zip.dll
Event: 0.136 Loaded shared library C:\Users\aaa\.jdks\openjdk-24.0.1\bin\extnet.dll
Event: 0.148 Loaded shared library C:\Users\aaa\.jdks\openjdk-24.0.1\bin\jimage.dll
Event: 0.197 Loaded shared library C:\Users\aaa\.jdks\openjdk-24.0.1\bin\management.dll
Event: 0.206 Loaded shared library C:\Users\aaa\.jdks\openjdk-24.0.1\bin\management_ext.dll
Event: 0.362 Loaded shared library C:\Users\aaa\.jdks\openjdk-24.0.1\bin\verify.dll
Event: 0.757 Loaded shared library C:\Users\aaa\.jdks\openjdk-24.0.1\bin\sunmscapi.dll
Event: 91.247 Loaded shared library C:\Users\aaa\AppData\Local\Temp\idea_libasyncProfiler_dll_temp_folder2\libasyncProfiler.dll

Deoptimization events (20 events):
Event: 91.345 Thread 0x000001ac44cff410 Uncommon trap: trap_request=0xffffff4d fr.pc=0x000001ac35b6bf6c relative=0x00000000000002ac
Event: 91.345 Thread 0x000001ac44cff410 Uncommon trap: reason=unstable_if action=reinterpret pc=0x000001ac35b6bf6c method=java.util.concurrent.ConcurrentHashMap.get(Ljava/lang/Object;)Ljava/lang/Object; @ 152 c2
Event: 91.345 Thread 0x000001ac44cff410 DEOPT PACKING pc=0x000001ac35b6bf6c sp=0x0000002081bfe430
Event: 91.345 Thread 0x000001ac44cff410 DEOPT UNPACKING pc=0x000001ac35608082 sp=0x0000002081bfe3a8 mode 2
Event: 91.346 Thread 0x000001ac44cff410 Uncommon trap: trap_request=0xffffffde fr.pc=0x000001ac35ba0590 relative=0x0000000000000070
Event: 91.346 Thread 0x000001ac44cff410 Uncommon trap: reason=class_check action=maybe_recompile pc=0x000001ac35ba0590 method=jdk.jfr.FlightRecorderPermission$InternalAccess.getType(Ljava/lang/Object;)Ljdk/jfr/internal/Type; @ 18 c2
Event: 91.346 Thread 0x000001ac44cff410 DEOPT PACKING pc=0x000001ac35ba0590 sp=0x0000002081bfe710
Event: 91.346 Thread 0x000001ac44cff410 DEOPT UNPACKING pc=0x000001ac35608082 sp=0x0000002081bfe6a8 mode 2
Event: 91.346 Thread 0x000001ac44cff410 Uncommon trap: trap_request=0xffffffde fr.pc=0x000001ac35ba0590 relative=0x0000000000000070
Event: 91.346 Thread 0x000001ac44cff410 Uncommon trap: reason=class_check action=maybe_recompile pc=0x000001ac35ba0590 method=jdk.jfr.FlightRecorderPermission$InternalAccess.getType(Ljava/lang/Object;)Ljdk/jfr/internal/Type; @ 18 c2
Event: 91.346 Thread 0x000001ac44cff410 DEOPT PACKING pc=0x000001ac35ba0590 sp=0x0000002081bfe710
Event: 91.346 Thread 0x000001ac44cff410 DEOPT UNPACKING pc=0x000001ac35608082 sp=0x0000002081bfe6a8 mode 2
Event: 91.346 Thread 0x000001ac44cff410 Uncommon trap: trap_request=0xffffffde fr.pc=0x000001ac35ba0590 relative=0x0000000000000070
Event: 91.346 Thread 0x000001ac44cff410 Uncommon trap: reason=class_check action=maybe_recompile pc=0x000001ac35ba0590 method=jdk.jfr.FlightRecorderPermission$InternalAccess.getType(Ljava/lang/Object;)Ljdk/jfr/internal/Type; @ 18 c2
Event: 91.346 Thread 0x000001ac44cff410 DEOPT PACKING pc=0x000001ac35ba0590 sp=0x0000002081bfe710
Event: 91.346 Thread 0x000001ac44cff410 DEOPT UNPACKING pc=0x000001ac35608082 sp=0x0000002081bfe6a8 mode 2
Event: 91.346 Thread 0x000001ac44cff410 Uncommon trap: trap_request=0xffffffde fr.pc=0x000001ac35ba0590 relative=0x0000000000000070
Event: 91.346 Thread 0x000001ac44cff410 Uncommon trap: reason=class_check action=maybe_recompile pc=0x000001ac35ba0590 method=jdk.jfr.FlightRecorderPermission$InternalAccess.getType(Ljava/lang/Object;)Ljdk/jfr/internal/Type; @ 18 c2
Event: 91.346 Thread 0x000001ac44cff410 DEOPT PACKING pc=0x000001ac35ba0590 sp=0x0000002081bfe710
Event: 91.346 Thread 0x000001ac44cff410 DEOPT UNPACKING pc=0x000001ac35608082 sp=0x0000002081bfe6a8 mode 2

Classes loaded (20 events):
Event: 91.372 Loading class jdk/jfr/internal/MetadataWriter
Event: 91.372 Loading class jdk/jfr/internal/MetadataWriter done
Event: 91.372 Loading class jdk/jfr/internal/MetadataDescriptor$Element
Event: 91.372 Loading class jdk/jfr/internal/MetadataDescriptor$Element done
Event: 91.372 Loading class jdk/jfr/internal/MetadataDescriptor$Attribute
Event: 91.372 Loading class jdk/jfr/internal/MetadataDescriptor$Attribute done
Event: 91.377 Loading class jdk/jfr/internal/consumer/StringParser$Encoding
Event: 91.378 Loading class jdk/jfr/internal/consumer/StringParser$Encoding done
Event: 91.385 Loading class jdk/jfr/internal/consumer/RepositoryFiles
Event: 91.386 Loading class jdk/jfr/internal/consumer/RepositoryFiles done
Event: 91.387 Loading class jdk/jfr/internal/SettingsManager$InternalSetting
Event: 91.388 Loading class jdk/jfr/internal/SettingsManager$InternalSetting done
Event: 91.388 Loading class jdk/jfr/internal/util/Rate
Event: 91.388 Loading class jdk/jfr/internal/util/Rate done
Event: 91.388 Loading class jdk/jfr/internal/util/TimespanUnit
Event: 91.388 Loading class jdk/jfr/internal/util/TimespanUnit done
Event: 91.388 Loading class jdk/jfr/internal/util/ValueParser
Event: 91.389 Loading class jdk/jfr/internal/util/ValueParser done
Event: 91.390 Loading class jdk/jfr/internal/periodic/PeriodicType
Event: 91.390 Loading class jdk/jfr/internal/periodic/PeriodicType done

Classes unloaded (0 events):
No events

Classes redefined (0 events):
No events

Internal exceptions (20 events):
Event: 0.530 Thread 0x000001ac2570fea0 Exception <a 'java/lang/NoSuchMethodError'{0x00000007115423c8}: 'void java.lang.invoke.DirectMethodHandle$Holder.invokeSpecial(java.lang.Object, java.lang.Object, java.lang.Object, java.lang.Object, java.lang.Object)'> (0x00000007115423c8) 
thrown [s\open\src\hotspot\share\interpreter\linkResolver.cpp, line 805]
Event: 0.538 Thread 0x000001ac2570fea0 Exception <a 'java/lang/NoSuchMethodError'{0x00000007115b2288}: 'java.lang.Object java.lang.invoke.DirectMethodHandle$Holder.newInvokeSpecial(java.lang.Object, java.lang.Object, java.lang.Object, java.lang.Object, java.lang.Object)'> (0x00000007115b2288) 
thrown [s\open\src\hotspot\share\interpreter\linkResolver.cpp, line 805]
Event: 0.657 Thread 0x000001ac8b16d530 Exception <a 'java/lang/NoSuchMethodError'{0x0000000711ac8ab0}: 'long java.lang.invoke.DirectMethodHandle$Holder.invokeVirtual(java.lang.Object, java.lang.Object)'> (0x0000000711ac8ab0) 
thrown [s\open\src\hotspot\share\interpreter\linkResolver.cpp, line 805]
Event: 0.658 Thread 0x000001ac8b16d530 Exception <a 'java/lang/NoSuchMethodError'{0x0000000711ad0da0}: 'java.lang.Object java.lang.invoke.DirectMethodHandle$Holder.invokeStatic(java.lang.Object, long)'> (0x0000000711ad0da0) 
thrown [s\open\src\hotspot\share\interpreter\linkResolver.cpp, line 805]
Event: 0.658 Thread 0x000001ac8b16d530 Exception <a 'java/lang/NoSuchMethodError'{0x0000000711ae0e48}: 'long java.lang.invoke.DelegatingMethodHandle$Holder.reinvoke_L(java.lang.Object, java.lang.Object)'> (0x0000000711ae0e48) 
thrown [s\open\src\hotspot\share\interpreter\linkResolver.cpp, line 805]
Event: 0.994 Thread 0x000001ac2570fea0 Exception <a 'java/lang/NoSuchMethodError'{0x0000000713c2a7f8}: 'void java.lang.invoke.DirectMethodHandle$Holder.invokeStaticInit(java.lang.Object, java.lang.Object, java.lang.Object)'> (0x0000000713c2a7f8) 
thrown [s\open\src\hotspot\share\interpreter\linkResolver.cpp, line 805]
Event: 1.202 Thread 0x000001ac2570fea0 Exception <a 'java/lang/NoSuchMethodError'{0x0000000713d23028}: 'java.lang.Object java.lang.invoke.Invokers$Holder.invoke_MT(java.lang.Object, java.lang.Object, java.lang.Object, java.lang.Object, java.lang.Object, java.lang.Object)'> (0x0000000713d23028) 
thrown [s\open\src\hotspot\share\interpreter\linkResolver.cpp, line 805]
Event: 1.203 Thread 0x000001ac2570fea0 Exception <a 'java/lang/NoSuchMethodError'{0x0000000713d2bcf8}: 'java.lang.Object java.lang.invoke.DirectMethodHandle$Holder.invokeStatic(java.lang.Object, java.lang.Object, int)'> (0x0000000713d2bcf8) 
thrown [s\open\src\hotspot\share\interpreter\linkResolver.cpp, line 805]
Event: 1.206 Thread 0x000001ac2570fea0 Exception <a 'java/lang/NoSuchMethodError'{0x0000000713d4d0c8}: 'void java.lang.invoke.DelegatingMethodHandle$Holder.delegate(java.lang.Object, java.lang.Object, int, java.lang.Object)'> (0x0000000713d4d0c8) 
thrown [s\open\src\hotspot\share\interpreter\linkResolver.cpp, line 805]
Event: 1.246 Thread 0x000001ac2570fea0 Exception <a 'java/lang/NoSuchMethodError'{0x00000007138f7a20}: 'void java.lang.invoke.Invokers$Holder.invokeExact_MT(java.lang.Object, java.lang.Object, java.lang.Object, java.lang.Object)'> (0x00000007138f7a20) 
thrown [s\open\src\hotspot\share\interpreter\linkResolver.cpp, line 805]
Event: 5.080 Thread 0x000001ac8b25d3e0 Exception <a 'java/lang/NoSuchMethodError'{0x00000007139cb7d0}: 'void java.lang.invoke.DirectMethodHandle$Holder.invokeInterface(java.lang.Object, java.lang.Object, java.lang.Object)'> (0x00000007139cb7d0) 
thrown [s\open\src\hotspot\share\interpreter\linkResolver.cpp, line 805]
Event: 91.293 Thread 0x000001ac44cff410 Exception <a 'java/lang/NoSuchMethodError'{0x0000000713ead2e8}: 'void java.lang.invoke.DirectMethodHandle$Holder.invokeStaticInit(java.lang.Object)'> (0x0000000713ead2e8) 
thrown [s\open\src\hotspot\share\interpreter\linkResolver.cpp, line 805]
Event: 91.321 Thread 0x000001ac44cff410 Exception <a 'java/lang/NoSuchMethodError'{0x0000000706f6a348}: 'int java.lang.invoke.DirectMethodHandle$Holder.invokeStatic(java.lang.Object, java.lang.Object, java.lang.Object, java.lang.Object)'> (0x0000000706f6a348) 
thrown [s\open\src\hotspot\share\interpreter\linkResolver.cpp, line 805]
Event: 91.361 Thread 0x000001ac44cff410 Exception <a 'java/lang/NoSuchMethodError'{0x0000000706b64240}: 'void java.lang.invoke.DirectMethodHandle$Holder.invokeSpecial(java.lang.Object, java.lang.Object, int)'> (0x0000000706b64240) 
thrown [s\open\src\hotspot\share\interpreter\linkResolver.cpp, line 805]
Event: 91.361 Thread 0x000001ac44cff410 Exception <a 'java/lang/NoSuchMethodError'{0x0000000706b6be60}: 'void java.lang.invoke.Invokers$Holder.invokeExact_MT(java.lang.Object, int, java.lang.Object)'> (0x0000000706b6be60) 
thrown [s\open\src\hotspot\share\interpreter\linkResolver.cpp, line 805]
Event: 91.362 Thread 0x000001ac44cff410 Exception <a 'java/lang/NoSuchMethodError'{0x0000000706b865e0}: 'void java.lang.invoke.DirectMethodHandle$Holder.invokeStatic(java.lang.Object, java.lang.Object, int)'> (0x0000000706b865e0) 
thrown [s\open\src\hotspot\share\interpreter\linkResolver.cpp, line 805]
Event: 91.363 Thread 0x000001ac44cff410 Exception <a 'java/lang/NoSuchMethodError'{0x0000000706b954e8}: 'java.lang.Object java.lang.invoke.DirectMethodHandle$Holder.newInvokeSpecial(java.lang.Object, java.lang.Object, int)'> (0x0000000706b954e8) 
thrown [s\open\src\hotspot\share\interpreter\linkResolver.cpp, line 805]
Event: 91.366 Thread 0x000001ac44cff410 Exception <a 'sun/nio/fs/WindowsException'{0x0000000706bc97b8}> (0x0000000706bc97b8) 
thrown [s\open\src\hotspot\share\prims\jni.cpp, line 518]
Event: 91.368 Thread 0x000001ac44cff410 Exception <a 'sun/nio/fs/WindowsException'{0x0000000706bd6568}> (0x0000000706bd6568) 
thrown [s\open\src\hotspot\share\prims\jni.cpp, line 518]
Event: 91.370 Thread 0x000001ac44cff410 Exception <a 'sun/nio/fs/WindowsException'{0x0000000706be8288}> (0x0000000706be8288) 
thrown [s\open\src\hotspot\share\prims\jni.cpp, line 518]

VM Operations (20 events):
Event: 5.093 Executing VM operation: HandshakeAllThreads (Deoptimize)
Event: 5.093 Executing VM operation: HandshakeAllThreads (Deoptimize) done
Event: 45.514 Executing VM operation: PrintThreads
Event: 45.515 Executing VM operation: PrintThreads done
Event: 45.515 Executing VM operation: FindDeadlocks
Event: 45.515 Executing VM operation: FindDeadlocks done
Event: 60.019 Executing VM operation: HandshakeAllThreads (HandshakeForDeflation)
Event: 60.019 Executing VM operation: HandshakeAllThreads (HandshakeForDeflation) done
Event: 60.019 Executing VM operation: RendezvousGCThreads
Event: 60.019 Executing VM operation: RendezvousGCThreads done
Event: 91.266 Executing VM operation: CollectForMetadataAllocation (Metadata GC Threshold)
Event: 91.272 Executing VM operation: CollectForMetadataAllocation (Metadata GC Threshold) done
Event: 91.277 Executing VM operation: G1PauseRemark
Event: 91.279 Executing VM operation: G1PauseRemark done
Event: 91.281 Executing VM operation: G1PauseCleanup
Event: 91.281 Executing VM operation: G1PauseCleanup done
Event: 91.364 Executing VM operation: HandshakeAllThreads (Deoptimize)
Event: 91.364 Executing VM operation: HandshakeAllThreads (Deoptimize) done
Event: 91.386 Executing VM operation: JFRSafepointClear
Event: 91.386 Executing VM operation: JFRSafepointClear done

Memory protections (0 events):
No events

Nmethod flushes (0 events):
No events

Events (20 events):
Event: 0.424 Thread 0x000001ac8b16d530 Thread added: 0x000001ac8b212f60
Event: 0.754 Thread 0x000001ac8b0fe400 Thread exited: 0x000001ac8b0fe400
Event: 0.760 Thread 0x000001ac8a3030d0 Thread exited: 0x000001ac8a3030d0
Event: 0.781 Thread 0x000001ac44d0d4a0 Thread added: 0x000001ac8b291ce0
Event: 0.784 Thread 0x000001ac44d0d4a0 Thread added: 0x000001ac8b634d20
Event: 0.972 Thread 0x000001ac8b634d20 Thread exited: 0x000001ac8b634d20
Event: 0.973 Thread 0x000001ac8b291ce0 Thread exited: 0x000001ac8b291ce0
Event: 0.978 Thread 0x000001ac44d0d4a0 Thread added: 0x000001ac8b291ce0
Event: 1.202 Thread 0x000001ac8b291ce0 Thread exited: 0x000001ac8b291ce0
Event: 1.464 Thread 0x000001ac2570fea0 Thread added: 0x000001ac8b25f120
Event: 1.464 Thread 0x000001ac2570fea0 Thread added: 0x000001ac8b25d3e0
Event: 1.465 Thread 0x000001ac2570fea0 Thread exited: 0x000001ac2570fea0
Event: 1.465 Thread 0x000001ac8b25e9d0 Thread added: 0x000001ac8b25e9d0
Event: 8.107 Thread 0x000001ac8b133420 Thread added: 0x000001ac8b25f870
Event: 11.766 Thread 0x000001ac44d0d4a0 Thread added: 0x000001ac8bf14970
Event: 12.258 Thread 0x000001ac8bf14970 Thread exited: 0x000001ac8bf14970
Event: 90.461 Thread 0x000001ac8b25f870 Thread exited: 0x000001ac8b25f870
Event: 91.276 Thread 0x000001ac44d0d4a0 Thread added: 0x000001ac8a0f6050
Event: 91.291 Thread 0x000001ac44cff410 Thread added: 0x000001ac8b25cc90
Event: 91.363 Thread 0x000001ac44cff410 Thread added: 0x000001ac8b25f870


Dynamic libraries:
0x00007ff66c700000 - 0x00007ff66c70e000 	C:\Users\aaa\.jdks\openjdk-24.0.1\bin\java.exe
0x00007ffbb1fa0000 - 0x00007ffbb2208000 	C:\WINDOWS\SYSTEM32\ntdll.dll
0x00007ffbb09a0000 - 0x00007ffbb0a69000 	C:\WINDOWS\System32\KERNEL32.DLL
0x00007ffbaf0f0000 - 0x00007ffbaf4dd000 	C:\WINDOWS\System32\KERNELBASE.dll
0x00007ffbaf510000 - 0x00007ffbaf65b000 	C:\WINDOWS\System32\ucrtbase.dll
0x00007ffba7550000 - 0x00007ffba7566000 	C:\Users\aaa\.jdks\openjdk-24.0.1\bin\jli.dll
0x00007ffba74d0000 - 0x00007ffba74eb000 	C:\Users\aaa\.jdks\openjdk-24.0.1\bin\VCRUNTIME140.dll
0x00007ffbb15f0000 - 0x00007ffbb17bc000 	C:\WINDOWS\System32\USER32.dll
0x00007ffbaf4e0000 - 0x00007ffbaf507000 	C:\WINDOWS\System32\win32u.dll
0x00007ffb96130000 - 0x00007ffb963ca000 	C:\WINDOWS\WinSxS\amd64_microsoft.windows.common-controls_6595b64144ccf1df_6.0.26100.4484_none_3e0e6d4ce32ef3b3\COMCTL32.dll
0x00007ffbafdc0000 - 0x00007ffbafdeb000 	C:\WINDOWS\System32\GDI32.dll
0x00007ffbafdf0000 - 0x00007ffbafe99000 	C:\WINDOWS\System32\msvcrt.dll
0x00007ffbaf9e0000 - 0x00007ffbafb17000 	C:\WINDOWS\System32\gdi32full.dll
0x00007ffbaf930000 - 0x00007ffbaf9d3000 	C:\WINDOWS\System32\msvcp_win.dll
0x00007ffbb1e90000 - 0x00007ffbb1ebf000 	C:\WINDOWS\System32\IMM32.DLL
0x00007ffba74c0000 - 0x00007ffba74cc000 	C:\Users\aaa\.jdks\openjdk-24.0.1\bin\vcruntime140_1.dll
0x00007ffb928f0000 - 0x00007ffb9297e000 	C:\Users\aaa\.jdks\openjdk-24.0.1\bin\msvcp140.dll
0x00007ffb46560000 - 0x00007ffb47302000 	C:\Users\aaa\.jdks\openjdk-24.0.1\bin\server\jvm.dll
0x00007ffbb1930000 - 0x00007ffbb19e4000 	C:\WINDOWS\System32\ADVAPI32.dll
0x00007ffbb0080000 - 0x00007ffbb0126000 	C:\WINDOWS\System32\sechost.dll
0x00007ffbb0d60000 - 0x00007ffbb0e78000 	C:\WINDOWS\System32\RPCRT4.dll
0x00007ffbb0770000 - 0x00007ffbb07e4000 	C:\WINDOWS\System32\WS2_32.dll
0x00007ffbadd20000 - 0x00007ffbadd7e000 	C:\WINDOWS\SYSTEM32\POWRPROF.dll
0x00007ffb99c60000 - 0x00007ffb99c95000 	C:\WINDOWS\SYSTEM32\WINMM.dll
0x00007ffba4fb0000 - 0x00007ffba4fbb000 	C:\WINDOWS\SYSTEM32\VERSION.dll
0x00007ffbadd00000 - 0x00007ffbadd14000 	C:\WINDOWS\SYSTEM32\UMPDC.dll
0x00007ffbadfc0000 - 0x00007ffbadfdb000 	C:\WINDOWS\SYSTEM32\kernel.appcore.dll
0x00007ffba74b0000 - 0x00007ffba74ba000 	C:\Users\aaa\.jdks\openjdk-24.0.1\bin\jimage.dll
0x00007ffbac730000 - 0x00007ffbac971000 	C:\WINDOWS\SYSTEM32\DBGHELP.DLL
0x00007ffbb1a00000 - 0x00007ffbb1d86000 	C:\WINDOWS\System32\combase.dll
0x00007ffbb0c70000 - 0x00007ffbb0d50000 	C:\WINDOWS\System32\OLEAUT32.dll
0x00007ffb9b8f0000 - 0x00007ffb9b933000 	C:\WINDOWS\SYSTEM32\dbgcore.DLL
0x00007ffbafb20000 - 0x00007ffbafbb9000 	C:\WINDOWS\System32\bcryptPrimitives.dll
0x00007ffb9e130000 - 0x00007ffb9e13f000 	C:\Users\aaa\.jdks\openjdk-24.0.1\bin\instrument.dll
0x00007ffba7490000 - 0x00007ffba74ae000 	C:\Users\aaa\.jdks\openjdk-24.0.1\bin\java.dll
0x00007ffbb05c0000 - 0x00007ffbb075e000 	C:\WINDOWS\System32\ole32.dll
0x00007ffbb0ea0000 - 0x00007ffbb15ea000 	C:\WINDOWS\System32\SHELL32.dll
0x00007ffbafbc0000 - 0x00007ffbafd34000 	C:\WINDOWS\System32\wintypes.dll
0x00007ffbacd80000 - 0x00007ffbad5db000 	C:\WINDOWS\SYSTEM32\windows.storage.dll
0x00007ffbb08a0000 - 0x00007ffbb0995000 	C:\WINDOWS\System32\SHCORE.dll
0x00007ffbb0b60000 - 0x00007ffbb0bca000 	C:\WINDOWS\System32\shlwapi.dll
0x00007ffbaf000000 - 0x00007ffbaf02f000 	C:\WINDOWS\SYSTEM32\profapi.dll
0x00007ffb90b90000 - 0x00007ffb90c67000 	C:\Users\aaa\.jdks\openjdk-24.0.1\bin\jsvml.dll
0x00007ffb9e150000 - 0x00007ffb9e167000 	C:\Users\aaa\.jdks\openjdk-24.0.1\bin\zip.dll
0x00007ffba7480000 - 0x00007ffba7490000 	C:\Users\aaa\.jdks\openjdk-24.0.1\bin\net.dll
0x00007ffbae540000 - 0x00007ffbae5aa000 	C:\WINDOWS\system32\mswsock.dll
0x00007ffba6970000 - 0x00007ffba6986000 	C:\Users\aaa\.jdks\openjdk-24.0.1\bin\nio.dll
0x00007ffba6fe0000 - 0x00007ffba6fe9000 	C:\Users\aaa\.jdks\openjdk-24.0.1\bin\extnet.dll
0x00007ffbada50000 - 0x00007ffbadb76000 	C:\WINDOWS\SYSTEM32\DNSAPI.dll
0x00007ffbada10000 - 0x00007ffbada43000 	C:\WINDOWS\SYSTEM32\IPHLPAPI.DLL
0x00007ffbb0c60000 - 0x00007ffbb0c6a000 	C:\WINDOWS\System32\NSI.dll
0x00007ffba5150000 - 0x00007ffba515b000 	C:\Windows\System32\rasadhlp.dll
0x00007ffba6c90000 - 0x00007ffba6d16000 	C:\WINDOWS\System32\fwpuclnt.dll
0x00007ffba6960000 - 0x00007ffba696a000 	C:\Users\aaa\.jdks\openjdk-24.0.1\bin\management.dll
0x00007ffb9e140000 - 0x00007ffb9e14b000 	C:\Users\aaa\.jdks\openjdk-24.0.1\bin\management_ext.dll
0x00007ffbb19f0000 - 0x00007ffbb19f8000 	C:\WINDOWS\System32\PSAPI.DLL
0x00007ffb9dd80000 - 0x00007ffb9dd90000 	C:\Users\aaa\.jdks\openjdk-24.0.1\bin\verify.dll
0x00007ffbae7f0000 - 0x00007ffbae80b000 	C:\WINDOWS\SYSTEM32\CRYPTSP.dll
0x00007ffbadf20000 - 0x00007ffbadf5a000 	C:\WINDOWS\system32\rsaenh.dll
0x00007ffbae5e0000 - 0x00007ffbae60b000 	C:\WINDOWS\SYSTEM32\USERENV.dll
0x00007ffbaefd0000 - 0x00007ffbaeff6000 	C:\WINDOWS\SYSTEM32\bcrypt.dll
0x00007ffbae810000 - 0x00007ffbae81c000 	C:\WINDOWS\SYSTEM32\CRYPTBASE.dll
0x00007ffb8a230000 - 0x00007ffb8a248000 	C:\WINDOWS\system32\napinsp.dll
0x00007ffb8a210000 - 0x00007ffb8a222000 	C:\WINDOWS\System32\winrnr.dll
0x00007ffb8a1d0000 - 0x00007ffb8a200000 	C:\WINDOWS\system32\nlansp_c.dll
0x00007ffb8a1a0000 - 0x00007ffb8a1c0000 	C:\WINDOWS\system32\wshbth.dll
0x00007ffb4c9b0000 - 0x00007ffb4c9fe000 	C:\WINDOWS\SYSTEM32\pdh.dll
0x00007ffb99bf0000 - 0x00007ffb99c02000 	C:\WINDOWS\System32\perfproc.dll
0x00007ffb80020000 - 0x00007ffb80031000 	C:\WINDOWS\System32\perfos.dll
0x00007ffbad600000 - 0x00007ffbad612000 	C:\WINDOWS\SYSTEM32\pfclient.dll
0x00007ffba7470000 - 0x00007ffba747e000 	C:\Users\aaa\.jdks\openjdk-24.0.1\bin\sunmscapi.dll
0x00007ffbaf7b0000 - 0x00007ffbaf927000 	C:\WINDOWS\System32\CRYPT32.dll
0x00007ffbaea10000 - 0x00007ffbaea40000 	C:\WINDOWS\SYSTEM32\ncrypt.dll
0x00007ffbae9c0000 - 0x00007ffbae9ff000 	C:\WINDOWS\SYSTEM32\NTASN1.dll
0x00007ffb45ce0000 - 0x00007ffb45ed8000 	C:\Users\aaa\AppData\Local\Temp\idea_libasyncProfiler_dll_temp_folder2\libasyncProfiler.dll

JVMTI agents:
C:\Program Files\JetBrains\IntelliJ IDEA 2025.1.2\lib\idea_rt.jar path:C:\Users\aaa\.jdks\openjdk-24.0.1\bin\instrument.dll, loaded, initialized, instrumentlib options:52526

dbghelp: loaded successfully - version: 4.0.5 - missing functions: none
symbol engine: initialized successfully - sym options: 0x614 - pdb path: .;C:\Users\aaa\.jdks\openjdk-24.0.1\bin;C:\WINDOWS\SYSTEM32;C:\WINDOWS\WinSxS\amd64_microsoft.windows.common-controls_6595b64144ccf1df_6.0.26100.4484_none_3e0e6d4ce32ef3b3;C:\Users\aaa\.jdks\openjdk-24.0.1\bin\server;C:\Users\aaa\AppData\Local\Temp\idea_libasyncProfiler_dll_temp_folder2

VM Arguments:
jvm_args: -javaagent:C:\Program Files\JetBrains\IntelliJ IDEA 2025.1.2\lib\idea_rt.jar=52526 -Dfile.encoding=UTF-8 -Dsun.stdout.encoding=UTF-8 -Dsun.stderr.encoding=UTF-8 
java_command: uz.pdp.MainBot
java_class_path (initial): C:\Users\aaa\IdeaProjects\Rento\target\classes;C:\Users\aaa\.m2\repository\com\fasterxml\jackson\dataformat\jackson-dataformat-xml\2.17.0\jackson-dataformat-xml-2.17.0.jar;C:\Users\aaa\.m2\repository\com\fasterxml\jackson\core\jackson-core\2.17.0\jackson-core-2.17.0.jar;C:\Users\aaa\.m2\repository\com\fasterxml\jackson\core\jackson-annotations\2.17.0\jackson-annotations-2.17.0.jar;C:\Users\aaa\.m2\repository\org\codehaus\woodstox\stax2-api\4.2.2\stax2-api-4.2.2.jar;C:\Users\aaa\.m2\repository\com\fasterxml\woodstox\woodstox-core\6.6.1\woodstox-core-6.6.1.jar;C:\Users\aaa\.m2\repository\com\fasterxml\jackson\core\jackson-databind\2.17.0\jackson-databind-2.17.0.jar;C:\Users\aaa\.m2\repository\net\bytebuddy\byte-buddy\1.14.9\byte-buddy-1.14.9.jar;C:\Users\aaa\.m2\repository\org\projectlombok\lombok\1.18.38\lombok-1.18.38.jar;C:\Users\aaa\.m2\repository\org\telegram\telegrambots\6.9.7.1\telegrambots-6.9.7.1.jar;C:\Users\aaa\.m2\repository\org\telegram\telegrambots-meta\6.9.7.1\telegrambots-meta-6.9.7.1.jar;C:\Users\aaa\.m2\repository\org\apache\commons\commons-lang3\3.14.0\commons-lang3-3.14.0.jar;C:\Users\aaa\.m2\repository\com\fasterxml\jackson\datatype\jackson-datatype-jsr310\2.16.1\jackson-datatype-jsr310-2.16.1.jar;C:\Users\aaa\.m2\repository\com\fasterxml\jackson\jaxrs\jackson-jaxrs-json-provider\2.16.1\jackson-jaxrs-json-provider-2.16.1.jar;C:\Users\aaa\.m2\repository\com\fasterxml\jackson\jaxrs\jackson-jaxrs-base\2.16.1\jackson-jaxrs-base-2.16.1.jar;C:\Users\aaa\.m2\repository\com\fasterxml\jackson\module\jackson-module-jaxb-annotations\2.16.1\jackson-module-jaxb-annotations-2.16.1.jar;C:\Users\aaa\.m2\repository\jakarta\xml\bind\jakarta.xml.bind-api\2.3.3\jakarta.xml.bind-api-2.3.3.jar;C:\Users\aaa\.m2\repository\org\glassfish\jersey\inject\jersey-hk2\2.41\jersey-hk2-2.41.jar;C:\Users\aaa\.m2\repository\org\glassfish\jersey\core\jersey-common\2.41\jersey-common-2.41.jar;C:\Users\aaa\.m2\repository\org\glassfish\hk2\osgi-resource-locator\1.0.3\osgi-resource-locator-1.0.3.jar;C:\Users\aaa\.m2\repository\org\glassfish\hk2\hk2-locator\2.6.1\hk2-locator-2.6.1.jar;C:\Users\aaa\.m2\repository\org\glassfish\hk2\external\aopalliance-repackaged\2.6.1\aopalliance-repackaged-2.6.1.jar;C:\Users\aaa\.m2\repository\org\glassfish\hk2\hk2-api\2.6.1\hk2-api-2.6.1.jar;C:\Users\aaa\.m2\repository\org\glassfish\hk2\hk2-utils\2.6.1\hk2-utils-2.6.1.jar;C:\Users\aaa\.m2\repository\org\javassist\javassist\3.29.2-GA\javassist-3.29.2-GA.jar;C:\Users\aaa\.m2\repository\org\glassfish\jersey\media\jersey-media-json-jackson\2.41\jersey-media-json-jackson-2.41.jar;C:\Users\aaa\.m2\repository\org\glassfish\jersey\ext\jersey-entity-filtering\2.41\jersey-entity-filtering-2.41.jar;C:\Users\aaa\.m2\repository\org\glassfish\jersey\containers\jersey-container-grizzly2-http\2.41\jersey-container-grizzly2-http-2.41.jar;C:\Users\aaa\.m2\repository\org\glassfish\hk2\external\jakarta.inject\2.6.1\jakarta.inject-2.6.1.jar;C:\Users\aaa\.m2\repository\org\glassfish\grizzly\grizzly-http-server\2.4.4\grizzly-http-server-2.4.4.jar;C:\Users\aaa\.m2\repository\org\glassfish\grizzly\grizzly-http\2.4.4\grizzly-http-2.4.4.jar;C:\Users\aaa\.m2\repository\org\glassfish\grizzly\grizzly-framework\2.4.4\grizzly-framework-2.4.4.jar;C:\Users\aaa\.m2\repository\jakarta\ws\rs\jakarta.ws.rs-api\2.1.6\jakarta.ws.rs-api-2.1.6.jar;C:\Users\aaa\.m2\repository\org\glassfish\jersey\core\jersey-server\2.41\jersey-server-2.41.jar;C:\Users\aaa\.m2\repository\org\glassfish\jersey\core\jersey-client\2.41\jersey-client-2.41.jar;C:\Users\aaa\.m2\repository\jakarta\annotation\jakarta.annotation-api\1.3.5\jakarta.annotation-api-1.3.5.jar;C:\Users\aaa\.m2\repository\jakarta\validation\jakarta.validation-api\2.0.2\jakarta.validation-api-2.0.2.jar;C:\Users\aaa\.m2\repository\org\apache\httpcomponents\httpclient\4.5.14\httpclient-4.5.14.jar;C:\Users\aaa\.m2\repository\org\apache\httpcomponents\httpcore\4.4.16\httpcore-4.4.16.jar;C:\Users\aaa\.m2\repository\commons-logging\commons-logging\1.2\commons-logging-1.2.jar;C:\Users\aaa\.m2\repository\commons-codec\commons-codec\1.11\commons-codec-1.11.jar;C:\Users\aaa\.m2\repository\org\apache\httpcomponents\httpmime\4.5.14\httpmime-4.5.14.jar;C:\Users\aaa\.m2\repository\commons-io\commons-io\2.15.1\commons-io-2.15.1.jar;C:\Users\aaa\.m2\repository\org\slf4j\slf4j-api\2.0.16\slf4j-api-2.0.16.jar
Launcher Type: SUN_STANDARD

[Global flags]
     intx CICompilerCount                          = 4                                         {product} {ergonomic}
     uint ConcGCThreads                            = 2                                         {product} {ergonomic}
     bool FlightRecorder                           = true                                      {product} {management}
     uint G1ConcRefinementThreads                  = 8                                         {product} {ergonomic}
   size_t G1HeapRegionSize                         = 2097152                                   {product} {ergonomic}
   size_t InitialHeapSize                          = 264241152                                 {product} {ergonomic}
   size_t MarkStackSize                            = 4194304                                   {product} {ergonomic}
   size_t MarkStackSizeMax                         = 536870912                                 {product} {ergonomic}
   size_t MaxHeapSize                              = 4223664128                                {product} {ergonomic}
   size_t MaxNewSize                               = 2533359616                                {product} {ergonomic}
   size_t MinHeapDeltaBytes                        = 2097152                                   {product} {ergonomic}
   size_t MinHeapSize                              = 8388608                                   {product} {ergonomic}
    uintx NonNMethodCodeHeapSize                   = 5832704                                {pd product} {ergonomic}
    uintx NonProfiledCodeHeapSize                  = 122945536                              {pd product} {ergonomic}
    uintx ProfiledCodeHeapSize                     = 122880000                              {pd product} {ergonomic}
    uintx ReservedCodeCacheSize                    = 251658240                              {pd product} {ergonomic}
     bool SegmentedCodeCache                       = true                                      {product} {ergonomic}
   size_t SoftMaxHeapSize                          = 4223664128                             {manageable} {ergonomic}
     bool UseCompressedOops                        = true                           {product lp64_product} {ergonomic}
     bool UseG1GC                                  = true                                      {product} {ergonomic}
     bool UseLargePagesIndividualAllocation        = false                                  {pd product} {ergonomic}

Logging:
Log output configuration:
 #0: stdout all=warning uptime,level,tags foldmultilines=false
 #1: stderr all=off uptime,level,tags foldmultilines=false

Environment Variables:
PATH=C:\Program Files\Common Files\Oracle\Java\javapath;C:\WINDOWS\system32;C:\WINDOWS;C:\WINDOWS\System32\Wbem;C:\WINDOWS\System32\WindowsPowerShell\v1.0\;C:\WINDOWS\System32\OpenSSH\;C:\Program Files\Git\cmd;C:\Users\aaa\AppData\Local\Microsoft\WindowsApps;C:\Users\aaa\AppData\Local\Programs\Microsoft VS Code\bin;C:\Program Files\JetBrains\IntelliJ IDEA Community Edition 2024.3.2.2\bin;C:\Users\aaa\AppData\Local\JetBrains\Toolbox\scripts;C:\ProgramData\aaa\GitHubDesktop\bin
USERNAME=aaa
OS=Windows_NT
PROCESSOR_IDENTIFIER=Intel64 Family 6 Model 140 Stepping 1, GenuineIntel
TMP=C:\Users\aaa\AppData\Local\Temp
TEMP=C:\Users\aaa\AppData\Local\Temp




Periodic native trim disabled

---------------  S Y S T E M  ---------------

OS:
 Windows 11 , 64 bit Build 26100 (10.0.26100.4484)
OS uptime: 0 days 4:07 hours

CPU: total 8 (initial active 8) (4 cores per cpu, 2 threads per core) family 6 model 140 stepping 1 microcode 0x8a, cx8, cmov, fxsr, ht, mmx, 3dnowpref, sse, sse2, sse3, ssse3, sse4.1, sse4.2, popcnt, lzcnt, tsc, tscinvbit, avx, avx2, aes, erms, clmul, bmi1, bmi2, adx, avx512f, avx512dq, avx512cd, avx512bw, avx512vl, sha, fma, vzeroupper, avx512_vpopcntdq, avx512_vpclmulqdq, avx512_vaes, avx512_vnni, clflush, clflushopt, clwb, avx512_vbmi2, avx512_vbmi, rdtscp, rdpid, fsrm, gfni, avx512_bitalg, f16c, pku, cet_ibt, cet_ss, avx512_ifma
Processor Information for the first 8 processors :
  Max Mhz: 2803, Current Mhz: 2803, Mhz Limit: 2803

Memory: 4k page, system-wide physical 16107M (4886M free)
TotalPageFile size 28907M (AvailPageFile size 15190M)
current process WorkingSet (physical memory assigned to process): 151M, peak: 155M
current process commit charge ("private bytes"): 242M, peak: 400M

vm_info: OpenJDK 64-Bit Server VM (24.0.1+9-30) for windows-amd64 JRE (24.0.1+9-30), built on 2025-03-05T07:23:45Z with MS VC++ 17.6 (VS2022)

END.
