#
# A fatal error has been detected by the Java Runtime Environment:
#
#  EXCEPTION_ACCESS_VIOLATION (0xc0000005) at pc=0x00007ff8cf8326c4, pid=26296, tid=27544
#
# JRE version: OpenJDK Runtime Environment (24.0.1+9) (build 24.0.1+9-30)
# Java VM: OpenJDK 64-Bit Server VM (24.0.1+9-30, mixed mode, sharing, tiered, compressed oops, compressed class ptrs, g1 gc, windows-amd64)
# Problematic frame:
# C  [libasyncProfiler.dll+0x926c4]
#
# No core dump will be written. Minidumps are not enabled by default on client versions of Windows
#
# If you would like to submit a bug report, please visit:
#   https://bugreport.java.com/bugreport/crash.jsp
# The crash happened outside the Java Virtual Machine in native code.
# See problematic frame for where to report the bug.
#

---------------  S U M M A R Y ------------

Command Line: -agentlib:jdwp=transport=dt_socket,address=127.0.0.1:65132,suspend=y,server=n -javaagent:C:\Users\aaa\AppData\Local\JetBrains\IntelliJIdea2025.1\captureAgent\debugger-agent.jar=file:///C:/Users/aaa/AppData/Local/Temp/capture13207307905329645061.props -agentpath:C:\Users\aaa\AppData\Local\Temp\idea_libasyncProfiler_dll_temp_folder1\libasyncProfiler.dll=version,jfr,event=wall,interval=10ms,cstack=no,file=C:\Users\aaa\IdeaSnapshots\MainBot_2025_07_08_100020.jfr,dbghelppath=C:\Users\aaa\AppData\Local\Temp\idea_dbghelp_dll_temp_folder\dbghelp.dll,log=C:\Users\aaa\AppData\Local\Temp\MainBot_2025_07_08_100020.jfr.log.txt,logLevel=DEBUG -Dkotlinx.coroutines.debug.enable.creation.stack.trace=false -Ddebugger.agent.enable.coroutines=true -Dkotlinx.coroutines.debug.enable.flows.stack.trace=true -Dkotlinx.coroutines.debug.enable.mutable.state.flows.stack.trace=true -Dfile.encoding=UTF-8 -Dsun.stdout.encoding=UTF-8 -Dsun.stderr.encoding=UTF-8 uz.pdp.MainBot

Host: 11th Gen Intel(R) Core(TM) i7-1165G7 @ 2.80GHz, 8 cores, 15G,  Windows 11 , 64 bit Build 26100 (10.0.26100.4484)
Time: Tue Jul  8 10:01:17 2025 West Asia Standard Time elapsed time: 55.494711 seconds (0d 0h 0m 55s)

---------------  T H R E A D  ---------------

Current thread (0x000002117613ed70):  JavaThread "Attach Listener" daemon [_thread_in_native, id=27544, stack(0x00000031a8100000,0x00000031a8200000) (1024K)]

Stack: [0x00000031a8100000,0x00000031a8200000],  sp=0x00000031a81ff150,  free space=1020k
Native frames: (J=compiled Java code, j=interpreted, Vv=VM code, C=native code)
C  [libasyncProfiler.dll+0x926c4]  (no source info available)
C  [libasyncProfiler.dll+0x92b9b]  (no source info available)
C  [libasyncProfiler.dll+0x917f4]  (no source info available)
C  [libasyncProfiler.dll+0x9206a]  (no source info available)
C  [libasyncProfiler.dll+0x8cc21]  (no source info available)
C  [libasyncProfiler.dll+0x7e5e1]  (no source info available)
C  [libasyncProfiler.dll+0x7d2f8]  (no source info available)
C  [libasyncProfiler.dll+0x7d1e0]  (no source info available)
C  [libasyncProfiler.dll+0x841b9]  (no source info available)
V  [jvm.dll+0x57eff7]  (no source info available)
V  [jvm.dll+0x57fdac]  (no source info available)
V  [jvm.dll+0x14ca17]  (no source info available)
V  [jvm.dll+0x14dfe1]  (no source info available)
V  [jvm.dll+0x42f456]  (no source info available)
V  [jvm.dll+0x87d76b]  (no source info available)
V  [jvm.dll+0x72ee55]  (no source info available)
C  [ucrtbase.dll+0x37b0]  (no source info available)
C  [KERNEL32.DLL+0x2e8d7]  (no source info available)
C  [ntdll.dll+0x3c34c]  (no source info available)


siginfo: EXCEPTION_ACCESS_VIOLATION (0xc0000005), reading address 0xffffffffffffffff


Registers:
RAX=0x0000000000000010, RBX=0x0000000000000000, RCX=0xffffffffffffffff, RDX=0x007ff8c3ff300010
RSP=0x00000031a81ff150, RBP=0x000002117616ead0, RSI=0x00000031a81ff2c0, RDI=0x000002117616ead0
R8 =0x0000000000000042, R9 =0x0000000713e01ed8, R10=0x00007ff8c4269fb0, R11=0x000000000000043e
R12=0x00000031a81ff2c0, R13=0x00000211129fa7f0, R14=0x000002117613f138, R15=0x000002117613f138
RIP=0x00007ff8cf8326c4, EFLAGS=0x0000000000010202

XMM[0]=0x0000000000000000 0x0000000000000000
XMM[1]=0x0000000000000000 0x0000000000000000
XMM[2]=0x0000000000000000 0x0000000000000000
XMM[3]=0x0000000000000000 0x0000000000000000
XMM[4]=0x0000000000000000 0x0000000000000000
XMM[5]=0x0000000000000000 0x0000000000000000
XMM[6]=0x0000000000000000 0x0000000000000000
XMM[7]=0x0000000000000000 0x0000000000000000
XMM[8]=0x0000000000000000 0x0000000000000000
XMM[9]=0x0000000000000000 0x0000000000000000
XMM[10]=0x0000000000000000 0x0000000000000000
XMM[11]=0x0000000000000000 0x0000000000000000
XMM[12]=0x0000000000000000 0x0000000000000000
XMM[13]=0x0000000000000000 0x0000000000000000
XMM[14]=0x0000000000000000 0x0000000000000000
XMM[15]=0x0000000000000000 0x0000000000000000
  MXCSR=0x00001fa0


Register to memory mapping:

RAX=0x0000000000000010 is an unknown value
RBX=0x0 is null
RCX=0xffffffffffffffff is an unknown value
RDX=0x007ff8c3ff300010 is an unknown value
RSP=0x00000031a81ff150 is pointing into the stack for thread: 0x000002117613ed70
RBP=0x000002117616ead0 points into unknown readable memory: 0x0000000713e01ed8 | d8 1e e0 13 07 00 00 00
RSI=0x00000031a81ff2c0 is pointing into the stack for thread: 0x000002117613ed70
RDI=0x000002117616ead0 points into unknown readable memory: 0x0000000713e01ed8 | d8 1e e0 13 07 00 00 00
R8 =0x0000000000000042 is an unknown value
R9 =0x0000000713e01ed8 is an oop: java.lang.Thread 
{0x0000000713e01ed8} - klass: 'java/lang/Thread' - flags: 

 - ---- fields (total size 14 words):
 - 'threadLocalRandomProbe' 'I' @12  0 (0x00000000)
 - private volatile 'eetop' 'J' @16  2272388575728 (0x0000021114e9f1f0)
 - private final 'tid' 'J' @24  3 (0x0000000000000003)
 - 'threadLocalRandomSeed' 'J' @32  0 (0x0000000000000000)
 - injected 'jvmti_thread_state' 'J' @40  2272350166880 (0x00000211129fdf60)
 - 'threadLocalRandomSecondarySeed' 'I' @48  0 (0x00000000)
 - injected 'jvmti_VTMS_transition_disable_count' 'I' @52  0 (0x00000000)
 - injected 'jfr_epoch' 'S' @56  0 (0x0000)
 - volatile 'interrupted' 'Z' @58  false (0x00)
 - injected 'jvmti_is_in_VTMS_transition' 'Z' @59  false (0x00)
 - private volatile 'name' 'Ljava/lang/String;' @60  "main"{0x0000000713e01f48} (0xe27c03e9)
 - private volatile 'contextClassLoader' 'Ljava/lang/ClassLoader;' @64  a 'jdk/internal/loader/ClassLoaders$AppClassLoader'{0x0000000713e46870} (0xe27c8d0e)
 - private final 'holder' 'Ljava/lang/Thread$FieldHolder;' @68  a 'java/lang/Thread$FieldHolder'{0x0000000713e01f88} (0xe27c03f1)
 - 'threadLocals' 'Ljava/lang/ThreadLocal$ThreadLocalMap;' @72  a 'java/lang/ThreadLocal$ThreadLocalMap'{0x0000000713ac0640} (0xe27580c8)
 - 'inheritableThreadLocals' 'Ljava/lang/ThreadLocal$ThreadLocalMap;' @76  null (0x00000000)
 - private 'scopedValueBindings' 'Ljava/lang/Object;' @80  a 'java/lang/Class'{0x00000007ffe7c258} = 'java/lang/Thread' (0xfffcf84b)
 - final 'interruptLock' 'Ljava/lang/Object;' @84  a 'java/lang/Object'{0x0000000713e01f78} (0xe27c03ef)
 - private volatile 'parkBlocker' 'Ljava/lang/Object;' @88  null (0x00000000)
 - private 'nioBlocker' 'Lsun/nio/ch/Interruptible;' @92  null (0x00000000)
 - private 'cont' 'Ljdk/internal/vm/Continuation;' @96  null (0x00000000)
 - private volatile 'uncaughtExceptionHandler' 'Ljava/lang/Thread$UncaughtExceptionHandler;' @100  null (0x00000000)
 - private 'container' 'Ljdk/internal/vm/ThreadContainer;' @104  null (0x00000000)
 - private volatile 'headStackableScopes' 'Ljdk/internal/vm/StackableScope;' @108  null (0x00000000)
R10=0x00007ff8c4269fb0 jvm.dll
R11=0x000000000000043e is an unknown value
R12=0x00000031a81ff2c0 is pointing into the stack for thread: 0x000002117613ed70
R13=0x00000211129fa7f0 points into unknown readable memory: 0x00007ff8c41da510 | 10 a5 1d c4 f8 7f 00 00
R14=0x000002117613f138 points into unknown readable memory: 0x00007ff8c41d17b0 | b0 17 1d c4 f8 7f 00 00
R15=0x000002117613f138 points into unknown readable memory: 0x00007ff8c41d17b0 | b0 17 1d c4 f8 7f 00 00

Top of Stack: (sp=0x00000031a81ff150)
0x00000031a81ff150:   00000031a81ff2c0 000002117616ead0   ....1......v....
0x00000031a81ff160:   0000000000000000 000002117613f4c0   ...........v....
0x00000031a81ff170:   000000000000001a 00007ff8cf832b9b   .........+......
0x00000031a81ff180:   0000000000000000 000002117613f138   ........8..v....
0x00000031a81ff190:   00000031a81ff201 0000000000000000   ....1...........
0x00000031a81ff1a0:   0000021176472f40 00007ff8cf8317f4   @/Gv............
0x00000031a81ff1b0:   0000000000000000 000000000000001a   ................
0x00000031a81ff1c0:   0000000000000000 000000000000001a   ................
0x00000031a81ff1d0:   0000000b00000002 0000021176861320   ........ ..v....
0x00000031a81ff1e0:   0000021176472f40 0000021176472fa8   @/Gv...../Gv....
0x00000031a81ff1f0:   0000021176472fb0 0000000000007b74   ./Gv....t{......
0x00000031a81ff200:   0000000000000000 0000000000000000   ................
0x00000031a81ff210:   0000000000000000 00007ff8c3a357d4   .........W......
0x00000031a81ff220:   00007ff8cf974ca0 00000000000066b8   .L.......f......
0x00000031a81ff230:   00007ff8cf974ca0 00000000ffffffff   .L..............
0x00000031a81ff240:   0000000000000000 00007ff8cf83206a   ........j ......
0x00000031a81ff250:   000002117613f138 0000000000000000   8..v............
0x00000031a81ff260:   00000031a81ff2c9 00000211129fa7f0   ....1...........
0x00000031a81ff270:   00007ff95fe088b0 00007ff95fce0139   ..._....9.._....
0x00000031a81ff280:   000000000000001b 00007ff96039f559   ........Y.9`....
0x00000031a81ff290:   000002117613f138 00007ff8cf974ca0   8..v.....L......
0x00000031a81ff2a0:   000000000000000b 00007ff8c3cc1712   ................
0x00000031a81ff2b0:   0000000000000000 000002117613f138   ........8..v....
0x00000031a81ff2c0:   0000021176486210 0000021176486550   .bHv....PeHv....
0x00000031a81ff2d0:   0000021176486550 00007ff8cf974ca0   PeHv.....L......
0x00000031a81ff2e0:   0000021114eb4938 00000031a81ff458   8I......X...1...
0x00000031a81ff2f0:   00000031a81ff590 0000000000008840   ....1...@.......
0x00000031a81ff300:   00000031a81ff770 00007ff8cf974cf0   p...1....L......
0x00000031a81ff310:   0000000000989680 0000000000989680   ................
0x00000031a81ff320:   00000031a81ff430 00007ff8cf82cc21   0...1...!.......
0x00000031a81ff330:   00007ff8cf974ca0 00007ff8cf974cf8   .L.......L......
0x00000031a81ff340:   00007ff800000000 003eeb1a00000001   ..............>.

Instructions: (pc=0x00007ff8cf8326c4)
  0x00007ff8cf8325c4:   cc cc cc cc cc cc cc cc cc cc cc cc cc cc cc cc
  0x00007ff8cf8325d4:   cc cc cc cc cc cc cc cc cc cc cc cc cc cc cc cc
  0x00007ff8cf8325e4:   cc cc cc cc cc cc cc cc cc cc cc cc cc cc cc cc
  0x00007ff8cf8325f4:   cc cc cc cc cc cc cc cc cc cc cc cc cc cc cc cc
  0x00007ff8cf832604:   cc cc cc cc cc cc cc cc cc cc cc cc cc cc cc cc
  0x00007ff8cf832614:   cc cc cc cc cc cc cc cc cc cc cc cc cc cc cc cc
  0x00007ff8cf832624:   cc cc cc cc cc cc cc cc cc cc cc cc cc cc cc cc
  0x00007ff8cf832634:   cc cc cc cc cc cc cc cc cc cc cc cc cc cc cc cc
  0x00007ff8cf832644:   cc cc cc cc cc cc cc cc cc cc cc cc 40 57 48 83
  0x00007ff8cf832654:   ec 20 48 8b f9 48 8b 0d 10 28 14 00 48 85 c9 74
  0x00007ff8cf832664:   20 48 8b 01 48 8d 54 24 38 41 b8 06 00 01 00 4c
  0x00007ff8cf832674:   8b 48 30 41 ff d1 85 c0 75 07 48 8b 4c 24 38 eb
  0x00007ff8cf832684:   02 33 c9 4c 8b 05 ea 28 14 00 48 89 5c 24 30 4d
  0x00007ff8cf832694:   85 c0 74 4a 48 8b 01 48 8b d7 4c 8b 88 28 03 00
  0x00007ff8cf8326a4:   00 41 ff d1 48 85 c0 74 35 48 63 0d f8 e6 13 00
  0x00007ff8cf8326b4:   48 8b 14 01 48 85 d2 74 15 48 63 05 fc e6 13 00
=>0x00007ff8cf8326c4:   8b 04 10 48 8b 5c 24 30 48 83 c4 20 5f c3 b8 ff
  0x00007ff8cf8326d4:   ff ff ff 48 8b 5c 24 30 48 83 c4 20 5f c3 80 3d
  0x00007ff8cf8326e4:   9b 27 14 00 00 bb ff ff ff ff 74 20 4c 8b 0d 31
  0x00007ff8cf8326f4:   24 14 00 4c 8d 44 24 38 48 8b 0d 15 24 14 00 48
  0x00007ff8cf832704:   8b d7 41 ff d1 85 c0 0f 44 5c 24 38 8b c3 48 8b
  0x00007ff8cf832714:   5c 24 30 48 83 c4 20 5f c3 cc cc cc cc cc cc cc
  0x00007ff8cf832724:   cc cc cc cc cc cc cc cc cc cc cc cc cc cc cc cc
  0x00007ff8cf832734:   cc cc cc cc cc cc cc cc cc cc cc cc cc cc cc cc
  0x00007ff8cf832744:   cc cc cc cc cc cc cc cc cc cc cc cc 48 89 54 24
  0x00007ff8cf832754:   10 53 55 56 57 41 56 41 57 48 83 ec 28 48 8b f2
  0x00007ff8cf832764:   4c 8b f1 48 89 4c 24 78 45 33 ff 44 89 7c 24 68
  0x00007ff8cf832774:   c7 44 24 60 01 00 00 00 48 8d 4c 24 68 e8 ed 42
  0x00007ff8cf832784:   f7 ff 8b d8 48 8d 4c 24 60 e8 e1 42 f7 ff 8b e8
  0x00007ff8cf832794:   49 8b ce e8 00 fc f6 ff 48 8b f8 90 8b c3 f0 0f
  0x00007ff8cf8327a4:   b1 2f 74 04 f3 90 eb f4 4c 89 3e 4c 89 7e 08 4c
  0x00007ff8cf8327b4:   89 7e 10 49 8b 6e 08 4d 8b 76 10 49 3b ee 0f 84


Stack slot to memory mapping:

stack at sp + 0 slots: 0x00000031a81ff2c0 is pointing into the stack for thread: 0x000002117613ed70
stack at sp + 1 slots: 0x000002117616ead0 points into unknown readable memory: 0x0000000713e01ed8 | d8 1e e0 13 07 00 00 00
stack at sp + 2 slots: 0x0 is null
stack at sp + 3 slots: 0x000002117613f4c0 points into unknown readable memory: 0x6e616c2e6176616a | 6a 61 76 61 2e 6c 61 6e
stack at sp + 4 slots: 0x000000000000001a is an unknown value
stack at sp + 5 slots: 0x00007ff8cf832b9b libasyncProfiler.dll
stack at sp + 6 slots: 0x0 is null
stack at sp + 7 slots: 0x000002117613f138 points into unknown readable memory: 0x00007ff8c41d17b0 | b0 17 1d c4 f8 7f 00 00

Lock stack of current Java thread (top to bottom):


---------------  P R O C E S S  ---------------

Threads class SMR info:
_java_thread_list=0x00000211766f0410, length=15, elements={
0x0000021114e9f1f0, 0x0000021176138540, 0x0000021176138d80, 0x000002117613dfc0,
0x000002117613ed70, 0x00000211761478b0, 0x000002117616a660, 0x00000211761832e0,
0x0000021176183f90, 0x000002117637c560, 0x0000021176371e30, 0x0000021176395060,
0x0000021176258be0, 0x0000021176259330, 0x0000021176259a80
}

Java Threads: ( => current thread )
  0x0000021114e9f1f0 JavaThread "main"                              [_thread_blocked, id=35016, stack(0x00000031a7600000,0x00000031a7700000) (1024K)]
  0x0000021176138540 JavaThread "Reference Handler"          daemon [_thread_blocked, id=23064, stack(0x00000031a7e00000,0x00000031a7f00000) (1024K)]
  0x0000021176138d80 JavaThread "Finalizer"                  daemon [_thread_blocked, id=23096, stack(0x00000031a7f00000,0x00000031a8000000) (1024K)]
  0x000002117613dfc0 JavaThread "Signal Dispatcher"          daemon [_thread_blocked, id=33336, stack(0x00000031a8000000,0x00000031a8100000) (1024K)]
=>0x000002117613ed70 JavaThread "Attach Listener"            daemon [_thread_in_native, id=27544, stack(0x00000031a8100000,0x00000031a8200000) (1024K)]
  0x00000211761478b0 JavaThread "Service Thread"             daemon [_thread_blocked, id=33588, stack(0x00000031a8200000,0x00000031a8300000) (1024K)]
  0x000002117616a660 JavaThread "Monitor Deflation Thread"   daemon [_thread_blocked, id=35144, stack(0x00000031a8300000,0x00000031a8400000) (1024K)]
  0x00000211761832e0 JavaThread "C2 CompilerThread0"         daemon [_thread_blocked, id=36048, stack(0x00000031a8400000,0x00000031a8500000) (1024K)]
  0x0000021176183f90 JavaThread "C1 CompilerThread0"         daemon [_thread_blocked, id=4828, stack(0x00000031a8500000,0x00000031a8600000) (1024K)]
  0x000002117637c560 JavaThread "JDWP Transport Listener: dt_socket" daemon [_thread_blocked, id=37376, stack(0x00000031a8600000,0x00000031a8700000) (1024K)]
  0x0000021176371e30 JavaThread "JDWP Event Helper Thread"   daemon [_thread_blocked, id=36516, stack(0x00000031a8700000,0x00000031a8800000) (1024K)]
  0x0000021176395060 JavaThread "JDWP Command Reader"        daemon [_thread_in_native, id=32056, stack(0x00000031a8800000,0x00000031a8900000) (1024K)]
  0x0000021176258be0 JavaThread "Common-Cleaner"             daemon [_thread_blocked, id=36460, stack(0x00000031a8900000,0x00000031a8a00000) (1024K)]
  0x0000021176259330 JavaThread "IntelliJ Suspend Helper"    daemon [_thread_blocked, id=20524, stack(0x00000031a8a00000,0x00000031a8b00000) (1024K)]
  0x0000021176259a80 JavaThread "Notification Thread"        daemon [_thread_blocked, id=31604, stack(0x00000031a8b00000,0x00000031a8c00000) (1024K)]
Total: 15

Other Threads:
  0x0000021114bbe1b0 VMThread "VM Thread"                           [id=34156, stack(0x00000031a7d00000,0x00000031a7e00000) (1024K)]
  0x000002117611d0d0 WatcherThread "VM Periodic Task Thread"        [id=9848, stack(0x00000031a7c00000,0x00000031a7d00000) (1024K)]
  0x0000021114a97ef0 WorkerThread "GC Thread#0"                     [id=1620, stack(0x00000031a7700000,0x00000031a7800000) (1024K)]
  0x0000021114ae8010 ConcurrentGCThread "G1 Main Marker"            [id=36708, stack(0x00000031a7800000,0x00000031a7900000) (1024K)]
  0x0000021114ae8a30 WorkerThread "G1 Conc#0"                       [id=35876, stack(0x00000031a7900000,0x00000031a7a00000) (1024K)]
  0x0000021114b8ba10 ConcurrentGCThread "G1 Refine#0"               [id=30680, stack(0x00000031a7a00000,0x00000031a7b00000) (1024K)]
  0x0000021114b8e8c0 ConcurrentGCThread "G1 Service"                [id=36440, stack(0x00000031a7b00000,0x00000031a7c00000) (1024K)]
Total: 7

Threads with active compile tasks:
Total: 0

VM state: not at safepoint (normal execution)

VM Mutex/Monitor currently owned by a thread: None

Heap address: 0x0000000704400000, size: 4028 MB, Compressed Oops mode: Zero based, Oop shift amount: 3

CDS archive(s) mapped at: [0x0000021135000000-0x0000021135d40000-0x0000021135d40000), size 13893632, SharedBaseAddress: 0x0000021135000000, ArchiveRelocationMode: 1.
Compressed class space mapped at: 0x0000021136000000-0x0000021176000000, reserved size: 1073741824
UseCompressedClassPointers 1, UseCompactObjectHeaders 0
Narrow klass pointer bits 32, Max shift 3
Narrow klass base: 0x0000021135000000, Narrow klass shift: 0
Encoding Range: [0x0000021135000000 - 0x0000021235000000), (4294967296 bytes)
Klass Range:    [0x0000021135000000 - 0x0000021176000000), (1090519040 bytes)
Klass ID Range:  [8 - 1090519033) (1090519025)

GC Precious Log:
 CardTable entry size: 512
 Card Set container configuration: InlinePtr #cards 4 size 8 Array Of Cards #cards 16 size 48 Howl #buckets 8 coarsen threshold 3686 Howl Bitmap #cards 512 size 80 coarsen threshold 460 Card regions per heap region 1 cards per card region 4096
 CPUs: 8 total, 8 available
 Memory: 16107M
 Large Page Support: Disabled
 NUMA Support: Disabled
 Compressed Oops: Enabled (Zero based)
 Heap Region Size: 2M
 Heap Min Capacity: 8M
 Heap Initial Capacity: 252M
 Heap Max Capacity: 4028M
 Pre-touch: Disabled
 Parallel Workers: 8
 Concurrent Workers: 2
 Concurrent Refinement Workers: 8
 Periodic GC: Disabled

Heap:
 garbage-first heap   total reserved 4124672K, committed 260096K, used 13424K [0x0000000704400000, 0x0000000800000000)
  region size 2048K, 7 young (14336K), 0 survivors (0K)
 Metaspace       used 3715K, committed 3840K, reserved 1114112K
  class space    used 268K, committed 320K, reserved 1048576K

Heap Regions: E=young(eden), S=young(survivor), O=old, HS=humongous(starts), HC=humongous(continues), CS=collection set, F=free, TAMS=top-at-mark-start, PB=parsable bottom
|   0|0x0000000704400000, 0x0000000704400000, 0x0000000704600000|  0%| F|  |TAMS 0x0000000704400000| PB 0x0000000704400000| Untracked |  0
|   1|0x0000000704600000, 0x0000000704600000, 0x0000000704800000|  0%| F|  |TAMS 0x0000000704600000| PB 0x0000000704600000| Untracked |  0
|   2|0x0000000704800000, 0x0000000704800000, 0x0000000704a00000|  0%| F|  |TAMS 0x0000000704800000| PB 0x0000000704800000| Untracked |  0
|   3|0x0000000704a00000, 0x0000000704a00000, 0x0000000704c00000|  0%| F|  |TAMS 0x0000000704a00000| PB 0x0000000704a00000| Untracked |  0
|   4|0x0000000704c00000, 0x0000000704c00000, 0x0000000704e00000|  0%| F|  |TAMS 0x0000000704c00000| PB 0x0000000704c00000| Untracked |  0
|   5|0x0000000704e00000, 0x0000000704e00000, 0x0000000705000000|  0%| F|  |TAMS 0x0000000704e00000| PB 0x0000000704e00000| Untracked |  0
|   6|0x0000000705000000, 0x0000000705000000, 0x0000000705200000|  0%| F|  |TAMS 0x0000000705000000| PB 0x0000000705000000| Untracked |  0
|   7|0x0000000705200000, 0x0000000705200000, 0x0000000705400000|  0%| F|  |TAMS 0x0000000705200000| PB 0x0000000705200000| Untracked |  0
|   8|0x0000000705400000, 0x0000000705400000, 0x0000000705600000|  0%| F|  |TAMS 0x0000000705400000| PB 0x0000000705400000| Untracked |  0
|   9|0x0000000705600000, 0x0000000705600000, 0x0000000705800000|  0%| F|  |TAMS 0x0000000705600000| PB 0x0000000705600000| Untracked |  0
|  10|0x0000000705800000, 0x0000000705800000, 0x0000000705a00000|  0%| F|  |TAMS 0x0000000705800000| PB 0x0000000705800000| Untracked |  0
|  11|0x0000000705a00000, 0x0000000705a00000, 0x0000000705c00000|  0%| F|  |TAMS 0x0000000705a00000| PB 0x0000000705a00000| Untracked |  0
|  12|0x0000000705c00000, 0x0000000705c00000, 0x0000000705e00000|  0%| F|  |TAMS 0x0000000705c00000| PB 0x0000000705c00000| Untracked |  0
|  13|0x0000000705e00000, 0x0000000705e00000, 0x0000000706000000|  0%| F|  |TAMS 0x0000000705e00000| PB 0x0000000705e00000| Untracked |  0
|  14|0x0000000706000000, 0x0000000706000000, 0x0000000706200000|  0%| F|  |TAMS 0x0000000706000000| PB 0x0000000706000000| Untracked |  0
|  15|0x0000000706200000, 0x0000000706200000, 0x0000000706400000|  0%| F|  |TAMS 0x0000000706200000| PB 0x0000000706200000| Untracked |  0
|  16|0x0000000706400000, 0x0000000706400000, 0x0000000706600000|  0%| F|  |TAMS 0x0000000706400000| PB 0x0000000706400000| Untracked |  0
|  17|0x0000000706600000, 0x0000000706600000, 0x0000000706800000|  0%| F|  |TAMS 0x0000000706600000| PB 0x0000000706600000| Untracked |  0
|  18|0x0000000706800000, 0x0000000706800000, 0x0000000706a00000|  0%| F|  |TAMS 0x0000000706800000| PB 0x0000000706800000| Untracked |  0
|  19|0x0000000706a00000, 0x0000000706a00000, 0x0000000706c00000|  0%| F|  |TAMS 0x0000000706a00000| PB 0x0000000706a00000| Untracked |  0
|  20|0x0000000706c00000, 0x0000000706c00000, 0x0000000706e00000|  0%| F|  |TAMS 0x0000000706c00000| PB 0x0000000706c00000| Untracked |  0
|  21|0x0000000706e00000, 0x0000000706e00000, 0x0000000707000000|  0%| F|  |TAMS 0x0000000706e00000| PB 0x0000000706e00000| Untracked |  0
|  22|0x0000000707000000, 0x0000000707000000, 0x0000000707200000|  0%| F|  |TAMS 0x0000000707000000| PB 0x0000000707000000| Untracked |  0
|  23|0x0000000707200000, 0x0000000707200000, 0x0000000707400000|  0%| F|  |TAMS 0x0000000707200000| PB 0x0000000707200000| Untracked |  0
|  24|0x0000000707400000, 0x0000000707400000, 0x0000000707600000|  0%| F|  |TAMS 0x0000000707400000| PB 0x0000000707400000| Untracked |  0
|  25|0x0000000707600000, 0x0000000707600000, 0x0000000707800000|  0%| F|  |TAMS 0x0000000707600000| PB 0x0000000707600000| Untracked |  0
|  26|0x0000000707800000, 0x0000000707800000, 0x0000000707a00000|  0%| F|  |TAMS 0x0000000707800000| PB 0x0000000707800000| Untracked |  0
|  27|0x0000000707a00000, 0x0000000707a00000, 0x0000000707c00000|  0%| F|  |TAMS 0x0000000707a00000| PB 0x0000000707a00000| Untracked |  0
|  28|0x0000000707c00000, 0x0000000707c00000, 0x0000000707e00000|  0%| F|  |TAMS 0x0000000707c00000| PB 0x0000000707c00000| Untracked |  0
|  29|0x0000000707e00000, 0x0000000707e00000, 0x0000000708000000|  0%| F|  |TAMS 0x0000000707e00000| PB 0x0000000707e00000| Untracked |  0
|  30|0x0000000708000000, 0x0000000708000000, 0x0000000708200000|  0%| F|  |TAMS 0x0000000708000000| PB 0x0000000708000000| Untracked |  0
|  31|0x0000000708200000, 0x0000000708200000, 0x0000000708400000|  0%| F|  |TAMS 0x0000000708200000| PB 0x0000000708200000| Untracked |  0
|  32|0x0000000708400000, 0x0000000708400000, 0x0000000708600000|  0%| F|  |TAMS 0x0000000708400000| PB 0x0000000708400000| Untracked |  0
|  33|0x0000000708600000, 0x0000000708600000, 0x0000000708800000|  0%| F|  |TAMS 0x0000000708600000| PB 0x0000000708600000| Untracked |  0
|  34|0x0000000708800000, 0x0000000708800000, 0x0000000708a00000|  0%| F|  |TAMS 0x0000000708800000| PB 0x0000000708800000| Untracked |  0
|  35|0x0000000708a00000, 0x0000000708a00000, 0x0000000708c00000|  0%| F|  |TAMS 0x0000000708a00000| PB 0x0000000708a00000| Untracked |  0
|  36|0x0000000708c00000, 0x0000000708c00000, 0x0000000708e00000|  0%| F|  |TAMS 0x0000000708c00000| PB 0x0000000708c00000| Untracked |  0
|  37|0x0000000708e00000, 0x0000000708e00000, 0x0000000709000000|  0%| F|  |TAMS 0x0000000708e00000| PB 0x0000000708e00000| Untracked |  0
|  38|0x0000000709000000, 0x0000000709000000, 0x0000000709200000|  0%| F|  |TAMS 0x0000000709000000| PB 0x0000000709000000| Untracked |  0
|  39|0x0000000709200000, 0x0000000709200000, 0x0000000709400000|  0%| F|  |TAMS 0x0000000709200000| PB 0x0000000709200000| Untracked |  0
|  40|0x0000000709400000, 0x0000000709400000, 0x0000000709600000|  0%| F|  |TAMS 0x0000000709400000| PB 0x0000000709400000| Untracked |  0
|  41|0x0000000709600000, 0x0000000709600000, 0x0000000709800000|  0%| F|  |TAMS 0x0000000709600000| PB 0x0000000709600000| Untracked |  0
|  42|0x0000000709800000, 0x0000000709800000, 0x0000000709a00000|  0%| F|  |TAMS 0x0000000709800000| PB 0x0000000709800000| Untracked |  0
|  43|0x0000000709a00000, 0x0000000709a00000, 0x0000000709c00000|  0%| F|  |TAMS 0x0000000709a00000| PB 0x0000000709a00000| Untracked |  0
|  44|0x0000000709c00000, 0x0000000709c00000, 0x0000000709e00000|  0%| F|  |TAMS 0x0000000709c00000| PB 0x0000000709c00000| Untracked |  0
|  45|0x0000000709e00000, 0x0000000709e00000, 0x000000070a000000|  0%| F|  |TAMS 0x0000000709e00000| PB 0x0000000709e00000| Untracked |  0
|  46|0x000000070a000000, 0x000000070a000000, 0x000000070a200000|  0%| F|  |TAMS 0x000000070a000000| PB 0x000000070a000000| Untracked |  0
|  47|0x000000070a200000, 0x000000070a200000, 0x000000070a400000|  0%| F|  |TAMS 0x000000070a200000| PB 0x000000070a200000| Untracked |  0
|  48|0x000000070a400000, 0x000000070a400000, 0x000000070a600000|  0%| F|  |TAMS 0x000000070a400000| PB 0x000000070a400000| Untracked |  0
|  49|0x000000070a600000, 0x000000070a600000, 0x000000070a800000|  0%| F|  |TAMS 0x000000070a600000| PB 0x000000070a600000| Untracked |  0
|  50|0x000000070a800000, 0x000000070a800000, 0x000000070aa00000|  0%| F|  |TAMS 0x000000070a800000| PB 0x000000070a800000| Untracked |  0
|  51|0x000000070aa00000, 0x000000070aa00000, 0x000000070ac00000|  0%| F|  |TAMS 0x000000070aa00000| PB 0x000000070aa00000| Untracked |  0
|  52|0x000000070ac00000, 0x000000070ac00000, 0x000000070ae00000|  0%| F|  |TAMS 0x000000070ac00000| PB 0x000000070ac00000| Untracked |  0
|  53|0x000000070ae00000, 0x000000070ae00000, 0x000000070b000000|  0%| F|  |TAMS 0x000000070ae00000| PB 0x000000070ae00000| Untracked |  0
|  54|0x000000070b000000, 0x000000070b000000, 0x000000070b200000|  0%| F|  |TAMS 0x000000070b000000| PB 0x000000070b000000| Untracked |  0
|  55|0x000000070b200000, 0x000000070b200000, 0x000000070b400000|  0%| F|  |TAMS 0x000000070b200000| PB 0x000000070b200000| Untracked |  0
|  56|0x000000070b400000, 0x000000070b400000, 0x000000070b600000|  0%| F|  |TAMS 0x000000070b400000| PB 0x000000070b400000| Untracked |  0
|  57|0x000000070b600000, 0x000000070b600000, 0x000000070b800000|  0%| F|  |TAMS 0x000000070b600000| PB 0x000000070b600000| Untracked |  0
|  58|0x000000070b800000, 0x000000070b800000, 0x000000070ba00000|  0%| F|  |TAMS 0x000000070b800000| PB 0x000000070b800000| Untracked |  0
|  59|0x000000070ba00000, 0x000000070ba00000, 0x000000070bc00000|  0%| F|  |TAMS 0x000000070ba00000| PB 0x000000070ba00000| Untracked |  0
|  60|0x000000070bc00000, 0x000000070bc00000, 0x000000070be00000|  0%| F|  |TAMS 0x000000070bc00000| PB 0x000000070bc00000| Untracked |  0
|  61|0x000000070be00000, 0x000000070be00000, 0x000000070c000000|  0%| F|  |TAMS 0x000000070be00000| PB 0x000000070be00000| Untracked |  0
|  62|0x000000070c000000, 0x000000070c000000, 0x000000070c200000|  0%| F|  |TAMS 0x000000070c000000| PB 0x000000070c000000| Untracked |  0
|  63|0x000000070c200000, 0x000000070c200000, 0x000000070c400000|  0%| F|  |TAMS 0x000000070c200000| PB 0x000000070c200000| Untracked |  0
|  64|0x000000070c400000, 0x000000070c400000, 0x000000070c600000|  0%| F|  |TAMS 0x000000070c400000| PB 0x000000070c400000| Untracked |  0
|  65|0x000000070c600000, 0x000000070c600000, 0x000000070c800000|  0%| F|  |TAMS 0x000000070c600000| PB 0x000000070c600000| Untracked |  0
|  66|0x000000070c800000, 0x000000070c800000, 0x000000070ca00000|  0%| F|  |TAMS 0x000000070c800000| PB 0x000000070c800000| Untracked |  0
|  67|0x000000070ca00000, 0x000000070ca00000, 0x000000070cc00000|  0%| F|  |TAMS 0x000000070ca00000| PB 0x000000070ca00000| Untracked |  0
|  68|0x000000070cc00000, 0x000000070cc00000, 0x000000070ce00000|  0%| F|  |TAMS 0x000000070cc00000| PB 0x000000070cc00000| Untracked |  0
|  69|0x000000070ce00000, 0x000000070ce00000, 0x000000070d000000|  0%| F|  |TAMS 0x000000070ce00000| PB 0x000000070ce00000| Untracked |  0
|  70|0x000000070d000000, 0x000000070d000000, 0x000000070d200000|  0%| F|  |TAMS 0x000000070d000000| PB 0x000000070d000000| Untracked |  0
|  71|0x000000070d200000, 0x000000070d200000, 0x000000070d400000|  0%| F|  |TAMS 0x000000070d200000| PB 0x000000070d200000| Untracked |  0
|  72|0x000000070d400000, 0x000000070d400000, 0x000000070d600000|  0%| F|  |TAMS 0x000000070d400000| PB 0x000000070d400000| Untracked |  0
|  73|0x000000070d600000, 0x000000070d600000, 0x000000070d800000|  0%| F|  |TAMS 0x000000070d600000| PB 0x000000070d600000| Untracked |  0
|  74|0x000000070d800000, 0x000000070d800000, 0x000000070da00000|  0%| F|  |TAMS 0x000000070d800000| PB 0x000000070d800000| Untracked |  0
|  75|0x000000070da00000, 0x000000070da00000, 0x000000070dc00000|  0%| F|  |TAMS 0x000000070da00000| PB 0x000000070da00000| Untracked |  0
|  76|0x000000070dc00000, 0x000000070dc00000, 0x000000070de00000|  0%| F|  |TAMS 0x000000070dc00000| PB 0x000000070dc00000| Untracked |  0
|  77|0x000000070de00000, 0x000000070de00000, 0x000000070e000000|  0%| F|  |TAMS 0x000000070de00000| PB 0x000000070de00000| Untracked |  0
|  78|0x000000070e000000, 0x000000070e000000, 0x000000070e200000|  0%| F|  |TAMS 0x000000070e000000| PB 0x000000070e000000| Untracked |  0
|  79|0x000000070e200000, 0x000000070e200000, 0x000000070e400000|  0%| F|  |TAMS 0x000000070e200000| PB 0x000000070e200000| Untracked |  0
|  80|0x000000070e400000, 0x000000070e400000, 0x000000070e600000|  0%| F|  |TAMS 0x000000070e400000| PB 0x000000070e400000| Untracked |  0
|  81|0x000000070e600000, 0x000000070e600000, 0x000000070e800000|  0%| F|  |TAMS 0x000000070e600000| PB 0x000000070e600000| Untracked |  0
|  82|0x000000070e800000, 0x000000070e800000, 0x000000070ea00000|  0%| F|  |TAMS 0x000000070e800000| PB 0x000000070e800000| Untracked |  0
|  83|0x000000070ea00000, 0x000000070ea00000, 0x000000070ec00000|  0%| F|  |TAMS 0x000000070ea00000| PB 0x000000070ea00000| Untracked |  0
|  84|0x000000070ec00000, 0x000000070ec00000, 0x000000070ee00000|  0%| F|  |TAMS 0x000000070ec00000| PB 0x000000070ec00000| Untracked |  0
|  85|0x000000070ee00000, 0x000000070ee00000, 0x000000070f000000|  0%| F|  |TAMS 0x000000070ee00000| PB 0x000000070ee00000| Untracked |  0
|  86|0x000000070f000000, 0x000000070f000000, 0x000000070f200000|  0%| F|  |TAMS 0x000000070f000000| PB 0x000000070f000000| Untracked |  0
|  87|0x000000070f200000, 0x000000070f200000, 0x000000070f400000|  0%| F|  |TAMS 0x000000070f200000| PB 0x000000070f200000| Untracked |  0
|  88|0x000000070f400000, 0x000000070f400000, 0x000000070f600000|  0%| F|  |TAMS 0x000000070f400000| PB 0x000000070f400000| Untracked |  0
|  89|0x000000070f600000, 0x000000070f600000, 0x000000070f800000|  0%| F|  |TAMS 0x000000070f600000| PB 0x000000070f600000| Untracked |  0
|  90|0x000000070f800000, 0x000000070f800000, 0x000000070fa00000|  0%| F|  |TAMS 0x000000070f800000| PB 0x000000070f800000| Untracked |  0
|  91|0x000000070fa00000, 0x000000070fa00000, 0x000000070fc00000|  0%| F|  |TAMS 0x000000070fa00000| PB 0x000000070fa00000| Untracked |  0
|  92|0x000000070fc00000, 0x000000070fc00000, 0x000000070fe00000|  0%| F|  |TAMS 0x000000070fc00000| PB 0x000000070fc00000| Untracked |  0
|  93|0x000000070fe00000, 0x000000070fe00000, 0x0000000710000000|  0%| F|  |TAMS 0x000000070fe00000| PB 0x000000070fe00000| Untracked |  0
|  94|0x0000000710000000, 0x0000000710000000, 0x0000000710200000|  0%| F|  |TAMS 0x0000000710000000| PB 0x0000000710000000| Untracked |  0
|  95|0x0000000710200000, 0x0000000710200000, 0x0000000710400000|  0%| F|  |TAMS 0x0000000710200000| PB 0x0000000710200000| Untracked |  0
|  96|0x0000000710400000, 0x0000000710400000, 0x0000000710600000|  0%| F|  |TAMS 0x0000000710400000| PB 0x0000000710400000| Untracked |  0
|  97|0x0000000710600000, 0x0000000710600000, 0x0000000710800000|  0%| F|  |TAMS 0x0000000710600000| PB 0x0000000710600000| Untracked |  0
|  98|0x0000000710800000, 0x0000000710800000, 0x0000000710a00000|  0%| F|  |TAMS 0x0000000710800000| PB 0x0000000710800000| Untracked |  0
|  99|0x0000000710a00000, 0x0000000710a00000, 0x0000000710c00000|  0%| F|  |TAMS 0x0000000710a00000| PB 0x0000000710a00000| Untracked |  0
| 100|0x0000000710c00000, 0x0000000710c00000, 0x0000000710e00000|  0%| F|  |TAMS 0x0000000710c00000| PB 0x0000000710c00000| Untracked |  0
| 101|0x0000000710e00000, 0x0000000710e00000, 0x0000000711000000|  0%| F|  |TAMS 0x0000000710e00000| PB 0x0000000710e00000| Untracked |  0
| 102|0x0000000711000000, 0x0000000711000000, 0x0000000711200000|  0%| F|  |TAMS 0x0000000711000000| PB 0x0000000711000000| Untracked |  0
| 103|0x0000000711200000, 0x0000000711200000, 0x0000000711400000|  0%| F|  |TAMS 0x0000000711200000| PB 0x0000000711200000| Untracked |  0
| 104|0x0000000711400000, 0x0000000711400000, 0x0000000711600000|  0%| F|  |TAMS 0x0000000711400000| PB 0x0000000711400000| Untracked |  0
| 105|0x0000000711600000, 0x0000000711600000, 0x0000000711800000|  0%| F|  |TAMS 0x0000000711600000| PB 0x0000000711600000| Untracked |  0
| 106|0x0000000711800000, 0x0000000711800000, 0x0000000711a00000|  0%| F|  |TAMS 0x0000000711800000| PB 0x0000000711800000| Untracked |  0
| 107|0x0000000711a00000, 0x0000000711a00000, 0x0000000711c00000|  0%| F|  |TAMS 0x0000000711a00000| PB 0x0000000711a00000| Untracked |  0
| 108|0x0000000711c00000, 0x0000000711c00000, 0x0000000711e00000|  0%| F|  |TAMS 0x0000000711c00000| PB 0x0000000711c00000| Untracked |  0
| 109|0x0000000711e00000, 0x0000000711e00000, 0x0000000712000000|  0%| F|  |TAMS 0x0000000711e00000| PB 0x0000000711e00000| Untracked |  0
| 110|0x0000000712000000, 0x0000000712000000, 0x0000000712200000|  0%| F|  |TAMS 0x0000000712000000| PB 0x0000000712000000| Untracked |  0
| 111|0x0000000712200000, 0x0000000712200000, 0x0000000712400000|  0%| F|  |TAMS 0x0000000712200000| PB 0x0000000712200000| Untracked |  0
| 112|0x0000000712400000, 0x0000000712400000, 0x0000000712600000|  0%| F|  |TAMS 0x0000000712400000| PB 0x0000000712400000| Untracked |  0
| 113|0x0000000712600000, 0x0000000712600000, 0x0000000712800000|  0%| F|  |TAMS 0x0000000712600000| PB 0x0000000712600000| Untracked |  0
| 114|0x0000000712800000, 0x0000000712800000, 0x0000000712a00000|  0%| F|  |TAMS 0x0000000712800000| PB 0x0000000712800000| Untracked |  0
| 115|0x0000000712a00000, 0x0000000712a00000, 0x0000000712c00000|  0%| F|  |TAMS 0x0000000712a00000| PB 0x0000000712a00000| Untracked |  0
| 116|0x0000000712c00000, 0x0000000712c00000, 0x0000000712e00000|  0%| F|  |TAMS 0x0000000712c00000| PB 0x0000000712c00000| Untracked |  0
| 117|0x0000000712e00000, 0x0000000712e00000, 0x0000000713000000|  0%| F|  |TAMS 0x0000000712e00000| PB 0x0000000712e00000| Untracked |  0
| 118|0x0000000713000000, 0x0000000713000000, 0x0000000713200000|  0%| F|  |TAMS 0x0000000713000000| PB 0x0000000713000000| Untracked |  0
| 119|0x0000000713200000, 0x00000007132f9c38, 0x0000000713400000| 48%| E|  |TAMS 0x0000000713200000| PB 0x0000000713200000| Complete |  0
| 120|0x0000000713400000, 0x0000000713600000, 0x0000000713600000|100%| E|CS|TAMS 0x0000000713400000| PB 0x0000000713400000| Complete |  0
| 121|0x0000000713600000, 0x0000000713800000, 0x0000000713800000|100%| E|CS|TAMS 0x0000000713600000| PB 0x0000000713600000| Complete |  0
| 122|0x0000000713800000, 0x0000000713a00000, 0x0000000713a00000|100%| E|CS|TAMS 0x0000000713800000| PB 0x0000000713800000| Complete |  0
| 123|0x0000000713a00000, 0x0000000713c00000, 0x0000000713c00000|100%| E|CS|TAMS 0x0000000713a00000| PB 0x0000000713a00000| Complete |  0
| 124|0x0000000713c00000, 0x0000000713e00000, 0x0000000713e00000|100%| E|CS|TAMS 0x0000000713c00000| PB 0x0000000713c00000| Complete |  0
| 125|0x0000000713e00000, 0x0000000714000000, 0x0000000714000000|100%| E|CS|TAMS 0x0000000713e00000| PB 0x0000000713e00000| Complete |  0
|2013|0x00000007ffe00000, 0x00000007fff1c288, 0x0000000800000000| 55%| O|  |TAMS 0x00000007ffe00000| PB 0x00000007ffe00000| Untracked |  0

Card table byte_map: [0x000002112df90000,0x000002112e770000] _byte_map_base: 0x000002112a76e000

Marking Bits: (CMBitMap*) 0x0000021114a98510
 Bits: [0x000002112e770000, 0x0000021132660000)

Polling page: 0x0000021112c50000

Metaspace:

Usage:
  Non-class:      3.37 MB used.
      Class:    268.35 KB used.
       Both:      3.63 MB used.

Virtual space:
  Non-class space:       64.00 MB reserved,       3.44 MB (  5%) committed,  1 nodes.
      Class space:        1.00 GB reserved,     320.00 KB ( <1%) committed,  1 nodes.
             Both:        1.06 GB reserved,       3.75 MB ( <1%) committed. 

Chunk freelists:
   Non-Class:  11.88 MB
       Class:  15.71 MB
        Both:  27.59 MB

MaxMetaspaceSize: unlimited
CompressedClassSpaceSize: 1.00 GB
Initial GC threshold: 21.00 MB
Current GC threshold: 21.00 MB
CDS: on
 - commit_granule_bytes: 65536.
 - commit_granule_words: 8192.
 - virtual_space_node_default_size: 8388608.
 - enlarge_chunks_in_place: 1.
UseCompressedClassPointers 1, UseCompactObjectHeaders 0
Narrow klass pointer bits 32, Max shift 3
Narrow klass base: 0x0000021135000000, Narrow klass shift: 0
Encoding Range: [0x0000021135000000 - 0x0000021235000000), (4294967296 bytes)
Klass Range:    [0x0000021135000000 - 0x0000021176000000), (1090519040 bytes)
Klass ID Range:  [8 - 1090519033) (1090519025)


Internal statistics:

num_allocs_failed_limit: 0.
num_arena_births: 48.
num_arena_deaths: 0.
num_vsnodes_births: 2.
num_vsnodes_deaths: 0.
num_space_committed: 60.
num_space_uncommitted: 0.
num_chunks_returned_to_freelist: 0.
num_chunks_taken_from_freelist: 65.
num_chunk_merges: 0.
num_chunk_splits: 41.
num_chunks_enlarged: 18.
num_inconsistent_stats: 0.

CodeHeap 'non-profiled nmethods': size=120064Kb used=181Kb max_used=181Kb free=119883Kb
 bounds [0x00000211259f0000, 0x0000021125c60000, 0x000002112cf30000]
CodeHeap 'profiled nmethods': size=120000Kb used=785Kb max_used=785Kb free=119214Kb
 bounds [0x000002111df30000, 0x000002111e1a0000, 0x0000021125460000]
CodeHeap 'non-nmethods': size=5696Kb used=1463Kb max_used=1463Kb free=4232Kb
 bounds [0x0000021125460000, 0x00000211256d0000, 0x00000211259f0000]
CodeCache: size=245760Kb, used=2429Kb, max_used=2429Kb, free=243329Kb
 total_blobs=1026, nmethods=566, adapters=366, full_count=0
Compilation: enabled, stopped_count=0, restarted_count=0

Compilation events (20 events):
Event: 0.569 Thread 0x00000211761832e0 nmethod 518 0x0000021125a19f08 code [0x0000021125a1a0a0, 0x0000021125a1b490]
Event: 0.569 Thread 0x00000211761832e0  548       4       sun.nio.fs.WindowsPathParser::isSlash (18 bytes)
Event: 0.571 Thread 0x00000211761832e0 nmethod 548 0x0000021125a1b608 code [0x0000021125a1b700, 0x0000021125a1b790]
Event: 0.572 Thread 0x0000021176183f90  556       1       java.lang.invoke.MethodTypeForm::parameterSlotCount (5 bytes)
Event: 0.572 Thread 0x0000021176183f90 nmethod 556 0x0000021125a1b908 code [0x0000021125a1ba00, 0x0000021125a1bac8]
Event: 0.572 Thread 0x0000021176183f90  557       3       com.intellij.rt.debugger.agent.SharedFlowTransformer::transform (80 bytes)
Event: 0.573 Thread 0x0000021176183f90 nmethod 557 0x000002111dfef108 code [0x000002111dfef2c0, 0x000002111dfefac0]
Event: 0.573 Thread 0x0000021176183f90  558       3       java.lang.invoke.MethodType::makeImpl (155 bytes)
Event: 0.574 Thread 0x000002117b114b20 nmethod 542 0x0000021125a1bc08 code [0x0000021125a1bd40, 0x0000021125a1c4c0]
Event: 0.574 Thread 0x0000021176183f90 nmethod 558 0x000002111dfefb08 code [0x000002111dfefe00, 0x000002111dff1900]
Event: 0.574 Thread 0x0000021176183f90  560       3       java.lang.System$1::countNonZeroAscii (5 bytes)
Event: 0.574 Thread 0x0000021176183f90 nmethod 560 0x000002111dff1a08 code [0x000002111dff1b80, 0x000002111dff21a8]
Event: 0.574 Thread 0x0000021176183f90  561       3       java.lang.StringCoding::countNonZeroAscii (30 bytes)
Event: 0.574 Thread 0x0000021176183f90 nmethod 561 0x000002111dff2208 code [0x000002111dff2360, 0x000002111dff2a08]
Event: 0.574 Thread 0x0000021176183f90  562       3       jdk.internal.util.ModifiedUtf::utfLen (58 bytes)
Event: 0.575 Thread 0x0000021176183f90 nmethod 562 0x000002111dff2a88 code [0x000002111dff2c20, 0x000002111dff35b8]
Event: 0.575 Thread 0x0000021176183f90  563       3       java.lang.String::getBytes (60 bytes)
Event: 0.575 Thread 0x0000021176183f90 nmethod 563 0x000002111dff3688 code [0x000002111dff3880, 0x000002111dff42a8]
Event: 0.575 Thread 0x0000021176183f90  559       3       java.lang.ref.WeakReference::<init> (7 bytes)
Event: 0.575 Thread 0x0000021176183f90 nmethod 559 0x000002111dff4308 code [0x000002111dff4440, 0x000002111dff4718]

GC Heap History (0 events):
No events

Dll operation events (8 events):
Event: 0.012 Loaded shared library C:\Users\aaa\.jdks\openjdk-24.0.1\bin\java.dll
Event: 0.013 Loaded shared library C:\Users\aaa\.jdks\openjdk-24.0.1\bin\zip.dll
Event: 0.039 Loaded shared library C:\Users\aaa\.jdks\openjdk-24.0.1\bin\jsvml.dll
Event: 0.108 Loaded shared library C:\Users\aaa\.jdks\openjdk-24.0.1\bin\instrument.dll
Event: 0.169 Loaded shared library C:\Users\aaa\.jdks\openjdk-24.0.1\bin\net.dll
Event: 0.170 Loaded shared library C:\Users\aaa\.jdks\openjdk-24.0.1\bin\nio.dll
Event: 0.179 Loaded shared library C:\Users\aaa\.jdks\openjdk-24.0.1\bin\zip.dll
Event: 55.440 Loaded shared library C:\Users\aaa\AppData\Local\Temp\idea_libasyncProfiler_dll_temp_folder1\libasyncProfiler.dll

Deoptimization events (20 events):
Event: 0.127 Thread 0x0000021114e9f1f0 DEOPT PACKING pc=0x00000211259fa9d4 sp=0x00000031a76fd040
Event: 0.127 Thread 0x0000021114e9f1f0 DEOPT UNPACKING pc=0x0000021125597f02 sp=0x00000031a76fcfd8 mode 2
Event: 0.227 Thread 0x0000021114e9f1f0 Uncommon trap: trap_request=0xffffff4d fr.pc=0x00000211259ff980 relative=0x0000000000000740
Event: 0.227 Thread 0x0000021114e9f1f0 Uncommon trap: reason=unstable_if action=reinterpret pc=0x00000211259ff980 method=java.util.HashMap.putVal(ILjava/lang/Object;Ljava/lang/Object;ZZ)Ljava/lang/Object; @ 181 c2
Event: 0.227 Thread 0x0000021114e9f1f0 DEOPT PACKING pc=0x00000211259ff980 sp=0x00000031a76fe520
Event: 0.227 Thread 0x0000021114e9f1f0 DEOPT UNPACKING pc=0x0000021125597f02 sp=0x00000031a76fe4b0 mode 2
Event: 0.244 Thread 0x0000021114e9f1f0 Uncommon trap: trap_request=0xffffff4d fr.pc=0x0000021125a09010 relative=0x0000000000000090
Event: 0.244 Thread 0x0000021114e9f1f0 Uncommon trap: reason=unstable_if action=reinterpret pc=0x0000021125a09010 method=jdk.internal.misc.Unsafe.convEndian(ZI)I @ 4 c2
Event: 0.244 Thread 0x0000021114e9f1f0 DEOPT PACKING pc=0x0000021125a09010 sp=0x00000031a76fe210
Event: 0.244 Thread 0x0000021114e9f1f0 DEOPT UNPACKING pc=0x0000021125597f02 sp=0x00000031a76fe150 mode 2
Event: 0.279 Thread 0x0000021114e9f1f0 Uncommon trap: trap_request=0xffffff4d fr.pc=0x0000021125a0a4e8 relative=0x00000000000001c8
Event: 0.279 Thread 0x0000021114e9f1f0 Uncommon trap: reason=unstable_if action=reinterpret pc=0x0000021125a0a4e8 method=jdk.internal.util.ArraysSupport.vectorizedHashCode(Ljava/lang/Object;IIII)I @ 2 c2
Event: 0.279 Thread 0x0000021114e9f1f0 DEOPT PACKING pc=0x0000021125a0a4e8 sp=0x00000031a76ff5b0
Event: 0.279 Thread 0x0000021114e9f1f0 DEOPT UNPACKING pc=0x0000021125597f02 sp=0x00000031a76ff580 mode 2
Event: 0.555 Thread 0x0000021114e9f1f0 DEOPT PACKING pc=0x000002111df77b2b sp=0x00000031a76fdd10
Event: 0.555 Thread 0x0000021114e9f1f0 DEOPT UNPACKING pc=0x00000211254b6642 sp=0x00000031a76fd1d0 mode 0
Event: 0.569 Thread 0x0000021114e9f1f0 Uncommon trap: trap_request=0xffffff4d fr.pc=0x0000021125a18b38 relative=0x0000000000000198
Event: 0.569 Thread 0x0000021114e9f1f0 Uncommon trap: reason=unstable_if action=reinterpret pc=0x0000021125a18b38 method=java.util.zip.ZipFile$Source.isMetaName([BII)Z @ 57 c2
Event: 0.569 Thread 0x0000021114e9f1f0 DEOPT PACKING pc=0x0000021125a18b38 sp=0x00000031a76fdc70
Event: 0.569 Thread 0x0000021114e9f1f0 DEOPT UNPACKING pc=0x0000021125597f02 sp=0x00000031a76fdc18 mode 2

Classes loaded (20 events):
Event: 0.569 Loading class sun/nio/cs/UTF_8$Decoder
Event: 0.569 Loading class sun/nio/cs/UTF_8$Decoder done
Event: 0.572 Loading class java/io/DataOutputStream
Event: 0.572 Loading class java/io/DataOutputStream done
Event: 0.572 Loading class jdk/internal/util/HexDigits
Event: 0.572 Loading class jdk/internal/util/HexDigits done
Event: 0.572 Loading class java/lang/invoke/VarHandleByteArrayAsShorts$ArrayHandle
Event: 0.572 Loading class java/lang/invoke/VarHandleByteArrayAsShorts$ArrayHandle done
Event: 0.572 Loading class java/lang/invoke/VarHandleByteArrayAsChars$ArrayHandle
Event: 0.572 Loading class java/lang/invoke/VarHandleByteArrayAsChars$ArrayHandle done
Event: 0.573 Loading class java/lang/invoke/VarHandleByteArrayAsFloats$ArrayHandle
Event: 0.573 Loading class java/lang/invoke/VarHandleByteArrayAsFloats$ArrayHandle done
Event: 0.573 Loading class java/lang/invoke/VarHandleByteArrayAsDoubles$ArrayHandle
Event: 0.573 Loading class java/lang/invoke/VarHandleByteArrayAsDoubles$ArrayHandle done
Event: 17.078 Loading class uz/pdp/model/Product
Event: 17.078 Loading class uz/pdp/model/Product done
Event: 31.288 Loading class jdk/internal/math/DoubleToDecimal
Event: 31.288 Loading class jdk/internal/math/DoubleToDecimal done
Event: 55.410 Loading class kotlinx/coroutines/debug/internal/DebugProbesImpl
Event: 55.410 Loading class kotlinx/coroutines/debug/internal/DebugProbesImpl done

Classes unloaded (0 events):
No events

Classes redefined (1 events):
Event: 0.137 Thread 0x0000021114bbe1b0 redefined class name=java.lang.Throwable, count=1

Internal exceptions (7 events):
Event: 0.109 Thread 0x0000021114e9f1f0 Exception <a 'java/lang/NoSuchMethodError'{0x0000000713c88d28}: 'void java.lang.invoke.DirectMethodHandle$Holder.invokeStatic(java.lang.Object, java.lang.Object, java.lang.Object)'> (0x0000000713c88d28) 
thrown [s\open\src\hotspot\share\interpreter\linkResolver.cpp, line 805]
Event: 0.115 Thread 0x0000021114e9f1f0 Exception <a 'java/lang/NoSuchMethodError'{0x0000000713cbd8e8}: 'java.lang.Object java.lang.invoke.Invokers$Holder.invokeExact_MT(java.lang.Object, java.lang.Object, java.lang.Object, java.lang.Object, java.lang.Object)'> (0x0000000713cbd8e8) 
thrown [s\open\src\hotspot\share\interpreter\linkResolver.cpp, line 805]
Event: 0.199 Thread 0x0000021114e9f1f0 Exception <a 'java/lang/NoSuchMethodError'{0x000000071396c078}: 'java.lang.Object java.lang.invoke.DirectMethodHandle$Holder.invokeStaticInit(java.lang.Object)'> (0x000000071396c078) 
thrown [s\open\src\hotspot\share\interpreter\linkResolver.cpp, line 805]
Event: 0.234 Thread 0x0000021114e9f1f0 Exception <a 'java/lang/NoSuchMethodError'{0x000000071363d000}: 'java.lang.Object java.lang.invoke.DirectMethodHandle$Holder.invokeStaticInit(java.lang.Object, int, int, int, int)'> (0x000000071363d000) 
thrown [s\open\src\hotspot\share\interpreter\linkResolver.cpp, line 805]
Event: 0.264 Thread 0x0000021114e9f1f0 Exception <a 'java/lang/NoSuchMethodError'{0x00000007137585b8}: 'java.lang.Object java.lang.invoke.DirectMethodHandle$Holder.invokeStaticInit(java.lang.Object, java.lang.Object, int, int, int, int)'> (0x00000007137585b8) 
thrown [s\open\src\hotspot\share\interpreter\linkResolver.cpp, line 805]
Event: 0.274 Thread 0x0000021114e9f1f0 Exception <a 'java/lang/NoSuchMethodError'{0x0000000713771d38}: 'int java.lang.invoke.DirectMethodHandle$Holder.invokeVirtual(java.lang.Object, java.lang.Object)'> (0x0000000713771d38) 
thrown [s\open\src\hotspot\share\interpreter\linkResolver.cpp, line 805]
Event: 31.285 Thread 0x0000021114e9f1f0 Exception <a 'java/lang/NoSuchMethodError'{0x00000007135c4ce0}: 'java.lang.Object java.lang.invoke.DelegatingMethodHandle$Holder.reinvoke_L(java.lang.Object, java.lang.Object, java.lang.Object, java.lang.Object, double, int, int, java.lang.Object)'> (0x00000007135c4ce0) 
thrown [s\open\src\hotspot\share\interpreter\linkResolver.cpp, line 805]

VM Operations (20 events):
Event: 44.077 Executing VM operation: get/set locals
Event: 44.077 Executing VM operation: get/set locals done
Event: 44.077 Executing VM operation: get/set locals
Event: 44.077 Executing VM operation: get/set locals done
Event: 44.077 Executing VM operation: get/set locals
Event: 44.077 Executing VM operation: get/set locals done
Event: 46.705 Executing VM operation: ChangeSingleStep
Event: 46.705 Executing VM operation: ChangeSingleStep done
Event: 46.705 Executing VM operation: ChangeSingleStep
Event: 46.705 Executing VM operation: ChangeSingleStep done
Event: 46.706 Executing VM operation: ChangeSingleStep
Event: 46.706 Executing VM operation: ChangeSingleStep done
Event: 46.706 Executing VM operation: ChangeSingleStep
Event: 46.706 Executing VM operation: ChangeSingleStep done
Event: 46.715 Executing VM operation: get/set locals
Event: 46.716 Executing VM operation: get/set locals done
Event: 46.720 Executing VM operation: get/set locals
Event: 46.720 Executing VM operation: get/set locals done
Event: 55.422 Executing VM operation: ChangeBreakpoints
Event: 55.422 Executing VM operation: ChangeBreakpoints done

Memory protections (0 events):
No events

Nmethod flushes (0 events):
No events

Events (17 events):
Event: 0.024 Thread 0x0000021114e9f1f0 Thread added: 0x0000021114e9f1f0
Event: 0.036 Thread 0x0000021114e9f1f0 Thread added: 0x0000021176138540
Event: 0.036 Thread 0x0000021114e9f1f0 Thread added: 0x0000021176138d80
Event: 0.037 Thread 0x0000021114e9f1f0 Thread added: 0x000002117613dfc0
Event: 0.037 Thread 0x0000021114e9f1f0 Thread added: 0x000002117613ed70
Event: 0.037 Thread 0x0000021114e9f1f0 Thread added: 0x00000211761478b0
Event: 0.037 Thread 0x0000021114e9f1f0 Thread added: 0x000002117616a660
Event: 0.037 Thread 0x0000021114e9f1f0 Thread added: 0x00000211761832e0
Event: 0.037 Thread 0x0000021114e9f1f0 Thread added: 0x0000021176183f90
Event: 0.091 Thread 0x0000021114e9f1f0 Thread added: 0x000002117637c560
Event: 0.091 Thread 0x0000021114e9f1f0 Thread added: 0x0000021176371e30
Event: 0.091 Thread 0x000002117637c560 Thread added: 0x0000021176395060
Event: 0.116 Thread 0x0000021114e9f1f0 Thread added: 0x0000021176258be0
Event: 0.141 Thread 0x0000021114e9f1f0 Thread added: 0x0000021176259330
Event: 0.156 Thread 0x0000021114e9f1f0 Thread added: 0x0000021176259a80
Event: 0.560 Thread 0x0000021176183f90 Thread added: 0x000002117b114b20
Event: 5.573 Thread 0x000002117b114b20 Thread exited: 0x000002117b114b20


Dynamic libraries:
0x00007ff7c1010000 - 0x00007ff7c101e000 	C:\Users\aaa\.jdks\openjdk-24.0.1\bin\java.exe
0x00007ff962b80000 - 0x00007ff962de8000 	C:\WINDOWS\SYSTEM32\ntdll.dll
0x00007ff961450000 - 0x00007ff961519000 	C:\WINDOWS\System32\KERNEL32.DLL
0x00007ff9602f0000 - 0x00007ff9606dd000 	C:\WINDOWS\System32\KERNELBASE.dll
0x00007ff95fcd0000 - 0x00007ff95fe1b000 	C:\WINDOWS\System32\ucrtbase.dll
0x00007ff955d50000 - 0x00007ff955d66000 	C:\Users\aaa\.jdks\openjdk-24.0.1\bin\jli.dll
0x00007ff955cb0000 - 0x00007ff955ccb000 	C:\Users\aaa\.jdks\openjdk-24.0.1\bin\VCRUNTIME140.dll
0x00007ff961280000 - 0x00007ff96144c000 	C:\WINDOWS\System32\USER32.dll
0x00007ff9608f0000 - 0x00007ff960917000 	C:\WINDOWS\System32\win32u.dll
0x00007ff948720000 - 0x00007ff9489ba000 	C:\WINDOWS\WinSxS\amd64_microsoft.windows.common-controls_6595b64144ccf1df_6.0.26100.4484_none_3e0e6d4ce32ef3b3\COMCTL32.dll
0x00007ff962110000 - 0x00007ff96213b000 	C:\WINDOWS\System32\GDI32.dll
0x00007ff960ae0000 - 0x00007ff960b89000 	C:\WINDOWS\System32\msvcrt.dll
0x00007ff960120000 - 0x00007ff960257000 	C:\WINDOWS\System32\gdi32full.dll
0x00007ff9606e0000 - 0x00007ff960783000 	C:\WINDOWS\System32\msvcp_win.dll
0x00007ff962b00000 - 0x00007ff962b2f000 	C:\WINDOWS\System32\IMM32.DLL
0x00007ff958040000 - 0x00007ff95804c000 	C:\Users\aaa\.jdks\openjdk-24.0.1\bin\vcruntime140_1.dll
0x00007ff94e550000 - 0x00007ff94e5de000 	C:\Users\aaa\.jdks\openjdk-24.0.1\bin\msvcp140.dll
0x00007ff8c35a0000 - 0x00007ff8c4342000 	C:\Users\aaa\.jdks\openjdk-24.0.1\bin\server\jvm.dll
0x00007ff960920000 - 0x00007ff9609d4000 	C:\WINDOWS\System32\ADVAPI32.dll
0x00007ff962140000 - 0x00007ff9621e6000 	C:\WINDOWS\System32\sechost.dll
0x00007ff9615c0000 - 0x00007ff9616d8000 	C:\WINDOWS\System32\RPCRT4.dll
0x00007ff961f20000 - 0x00007ff961f94000 	C:\WINDOWS\System32\WS2_32.dll
0x00007ff95e900000 - 0x00007ff95e95e000 	C:\WINDOWS\SYSTEM32\POWRPROF.dll
0x00007ff952c20000 - 0x00007ff952c55000 	C:\WINDOWS\SYSTEM32\WINMM.dll
0x00007ff956070000 - 0x00007ff95607b000 	C:\WINDOWS\SYSTEM32\VERSION.dll
0x00007ff95e8e0000 - 0x00007ff95e8f4000 	C:\WINDOWS\SYSTEM32\UMPDC.dll
0x00007ff95eba0000 - 0x00007ff95ebbb000 	C:\WINDOWS\SYSTEM32\kernel.appcore.dll
0x00007ff957ef0000 - 0x00007ff957efa000 	C:\Users\aaa\.jdks\openjdk-24.0.1\bin\jimage.dll
0x00007ff95d4a0000 - 0x00007ff95d6e1000 	C:\WINDOWS\SYSTEM32\DBGHELP.DLL
0x00007ff960b90000 - 0x00007ff960f16000 	C:\WINDOWS\System32\combase.dll
0x00007ff9621f0000 - 0x00007ff9622d0000 	C:\WINDOWS\System32\OLEAUT32.dll
0x00007ff936390000 - 0x00007ff9363d3000 	C:\WINDOWS\SYSTEM32\dbgcore.DLL
0x00007ff960850000 - 0x00007ff9608e9000 	C:\WINDOWS\System32\bcryptPrimitives.dll
0x00007ff94ea50000 - 0x00007ff94ea8c000 	C:\Users\aaa\.jdks\openjdk-24.0.1\bin\jdwp.dll
0x00007ff94ec60000 - 0x00007ff94ec6f000 	C:\Users\aaa\.jdks\openjdk-24.0.1\bin\instrument.dll
0x00007ff94efe0000 - 0x00007ff94effe000 	C:\Users\aaa\.jdks\openjdk-24.0.1\bin\java.dll
0x00007ff961d70000 - 0x00007ff961f0e000 	C:\WINDOWS\System32\ole32.dll
0x00007ff9622e0000 - 0x00007ff962a2a000 	C:\WINDOWS\System32\SHELL32.dll
0x00007ff95fe20000 - 0x00007ff95ff94000 	C:\WINDOWS\System32\wintypes.dll
0x00007ff8cf7a0000 - 0x00007ff8cf998000 	C:\Users\aaa\AppData\Local\Temp\idea_libasyncProfiler_dll_temp_folder1\libasyncProfiler.dll
0x00007ff94ee30000 - 0x00007ff94ee47000 	C:\Users\aaa\.jdks\openjdk-24.0.1\bin\zip.dll
0x00007ff95d960000 - 0x00007ff95e1bb000 	C:\WINDOWS\SYSTEM32\windows.storage.dll
0x00007ff960fa0000 - 0x00007ff961095000 	C:\WINDOWS\System32\SHCORE.dll
0x00007ff961550000 - 0x00007ff9615ba000 	C:\WINDOWS\System32\shlwapi.dll
0x00007ff95fbe0000 - 0x00007ff95fc0f000 	C:\WINDOWS\SYSTEM32\profapi.dll
0x00007ff92d560000 - 0x00007ff92d637000 	C:\Users\aaa\.jdks\openjdk-24.0.1\bin\jsvml.dll
0x00007ff94ec50000 - 0x00007ff94ec5c000 	C:\Users\aaa\.jdks\openjdk-24.0.1\bin\dt_socket.dll
0x00007ff95e540000 - 0x00007ff95e573000 	C:\WINDOWS\SYSTEM32\IPHLPAPI.DLL
0x00007ff95f120000 - 0x00007ff95f18a000 	C:\WINDOWS\system32\mswsock.dll
0x00007ff955c70000 - 0x00007ff955c80000 	C:\Users\aaa\.jdks\openjdk-24.0.1\bin\net.dll
0x00007ff94ee80000 - 0x00007ff94ee96000 	C:\Users\aaa\.jdks\openjdk-24.0.1\bin\nio.dll
0x00007ff95f3d0000 - 0x00007ff95f3eb000 	C:\WINDOWS\SYSTEM32\CRYPTSP.dll
0x00007ff95eb00000 - 0x00007ff95eb3a000 	C:\WINDOWS\system32\rsaenh.dll
0x00007ff95f1c0000 - 0x00007ff95f1eb000 	C:\WINDOWS\SYSTEM32\USERENV.dll
0x00007ff95fbb0000 - 0x00007ff95fbd6000 	C:\WINDOWS\SYSTEM32\bcrypt.dll
0x00007ff95f3f0000 - 0x00007ff95f3fc000 	C:\WINDOWS\SYSTEM32\CRYPTBASE.dll
0x00007ff962a30000 - 0x00007ff962a3a000 	C:\WINDOWS\System32\NSI.dll

JVMTI agents:
jdwp path:C:\Users\aaa\.jdks\openjdk-24.0.1\bin\jdwp.dll, loaded, initialized, options:transport=dt_socket,address=127.0.0.1:65132,suspend=y,server=n
C:\Users\aaa\AppData\Local\JetBrains\IntelliJIdea2025.1\captureAgent\debugger-agent.jar path:C:\Users\aaa\.jdks\openjdk-24.0.1\bin\instrument.dll, loaded, initialized, instrumentlib options:file:///C:/Users/aaa/AppData/Local/Temp/capture13207307905329645061.props
C:\Users\aaa\AppData\Local\Temp\idea_libasyncProfiler_dll_temp_folder1\libasyncProfiler.dll path:C:\Users\aaa\AppData\Local\Temp\idea_libasyncProfiler_dll_temp_folder1\libasyncProfiler.dll, loaded, initialized, options:version,jfr,event=wall,interval=10ms,cstack=no,file=C:\Users\aaa\IdeaSnapshots\MainBot_2025_07_08_100020.jfr,dbghelppath=C:\Users\aaa\AppData\Local\Temp\idea_dbghelp_dll_temp_folder\dbghelp.dll,log=C:\Users\aaa\AppData\Local\Temp\MainBot_2025_07_08_100020.jfr.log.txt,logLevel=DEBUG

dbghelp: loaded successfully - version: 4.0.5 - missing functions: none
symbol engine: initialized successfully - sym options: 0x614 - pdb path: .;C:\Users\aaa\.jdks\openjdk-24.0.1\bin;C:\WINDOWS\SYSTEM32;C:\WINDOWS\WinSxS\amd64_microsoft.windows.common-controls_6595b64144ccf1df_6.0.26100.4484_none_3e0e6d4ce32ef3b3;C:\Users\aaa\.jdks\openjdk-24.0.1\bin\server;C:\Users\aaa\AppData\Local\Temp\idea_libasyncProfiler_dll_temp_folder1

VM Arguments:
jvm_args: -agentlib:jdwp=transport=dt_socket,address=127.0.0.1:65132,suspend=y,server=n -javaagent:C:\Users\aaa\AppData\Local\JetBrains\IntelliJIdea2025.1\captureAgent\debugger-agent.jar=file:///C:/Users/aaa/AppData/Local/Temp/capture13207307905329645061.props -agentpath:C:\Users\aaa\AppData\Local\Temp\idea_libasyncProfiler_dll_temp_folder1\libasyncProfiler.dll=version,jfr,event=wall,interval=10ms,cstack=no,file=C:\Users\aaa\IdeaSnapshots\MainBot_2025_07_08_100020.jfr,dbghelppath=C:\Users\aaa\AppData\Local\Temp\idea_dbghelp_dll_temp_folder\dbghelp.dll,log=C:\Users\aaa\AppData\Local\Temp\MainBot_2025_07_08_100020.jfr.log.txt,logLevel=DEBUG -Dkotlinx.coroutines.debug.enable.creation.stack.trace=false -Ddebugger.agent.enable.coroutines=true -Dkotlinx.coroutines.debug.enable.flows.stack.trace=true -Dkotlinx.coroutines.debug.enable.mutable.state.flows.stack.trace=true -Dfile.encoding=UTF-8 -Dsun.stdout.encoding=UTF-8 -Dsun.stderr.encoding=UTF-8 
java_command: uz.pdp.MainBot
java_class_path (initial): C:\Users\aaa\IdeaProjects\Rento\target\classes;C:\Users\aaa\.m2\repository\com\fasterxml\jackson\dataformat\jackson-dataformat-xml\2.17.0\jackson-dataformat-xml-2.17.0.jar;C:\Users\aaa\.m2\repository\com\fasterxml\jackson\core\jackson-core\2.17.0\jackson-core-2.17.0.jar;C:\Users\aaa\.m2\repository\com\fasterxml\jackson\core\jackson-annotations\2.17.0\jackson-annotations-2.17.0.jar;C:\Users\aaa\.m2\repository\org\codehaus\woodstox\stax2-api\4.2.2\stax2-api-4.2.2.jar;C:\Users\aaa\.m2\repository\com\fasterxml\woodstox\woodstox-core\6.6.1\woodstox-core-6.6.1.jar;C:\Users\aaa\.m2\repository\com\fasterxml\jackson\core\jackson-databind\2.17.0\jackson-databind-2.17.0.jar;C:\Users\aaa\.m2\repository\net\bytebuddy\byte-buddy\1.14.9\byte-buddy-1.14.9.jar;C:\Users\aaa\.m2\repository\org\projectlombok\lombok\1.18.38\lombok-1.18.38.jar;C:\Users\aaa\.m2\repository\org\telegram\telegrambots\6.9.7.1\telegrambots-6.9.7.1.jar;C:\Users\aaa\.m2\repository\org\telegram\telegrambots-meta\6.9.7.1\telegrambots-meta-6.9.7.1.jar;C:\Users\aaa\.m2\repository\org\apache\commons\commons-lang3\3.14.0\commons-lang3-3.14.0.jar;C:\Users\aaa\.m2\repository\com\fasterxml\jackson\datatype\jackson-datatype-jsr310\2.16.1\jackson-datatype-jsr310-2.16.1.jar;C:\Users\aaa\.m2\repository\com\fasterxml\jackson\jaxrs\jackson-jaxrs-json-provider\2.16.1\jackson-jaxrs-json-provider-2.16.1.jar;C:\Users\aaa\.m2\repository\com\fasterxml\jackson\jaxrs\jackson-jaxrs-base\2.16.1\jackson-jaxrs-base-2.16.1.jar;C:\Users\aaa\.m2\repository\com\fasterxml\jackson\module\jackson-module-jaxb-annotations\2.16.1\jackson-module-jaxb-annotations-2.16.1.jar;C:\Users\aaa\.m2\repository\jakarta\xml\bind\jakarta.xml.bind-api\2.3.3\jakarta.xml.bind-api-2.3.3.jar;C:\Users\aaa\.m2\repository\org\glassfish\jersey\inject\jersey-hk2\2.41\jersey-hk2-2.41.jar;C:\Users\aaa\.m2\repository\org\glassfish\jersey\core\jersey-common\2.41\jersey-common-2.41.jar;C:\Users\aaa\.m2\repository\org\glassfish\hk2\osgi-resource-locator\1.0.3\osgi-resource-locator-1.0.3.jar;C:\Users\aaa\.m2\repository\org\glassfish\hk2\hk2-locator\2.6.1\hk2-locator-2.6.1.jar;C:\Users\aaa\.m2\repository\org\glassfish\hk2\external\aopalliance-repackaged\2.6.1\aopalliance-repackaged-2.6.1.jar;C:\Users\aaa\.m2\repository\org\glassfish\hk2\hk2-api\2.6.1\hk2-api-2.6.1.jar;C:\Users\aaa\.m2\repository\org\glassfish\hk2\hk2-utils\2.6.1\hk2-utils-2.6.1.jar;C:\Users\aaa\.m2\repository\org\javassist\javassist\3.29.2-GA\javassist-3.29.2-GA.jar;C:\Users\aaa\.m2\repository\org\glassfish\jersey\media\jersey-media-json-jackson\2.41\jersey-media-json-jackson-2.41.jar;C:\Users\aaa\.m2\repository\org\glassfish\jersey\ext\jersey-entity-filtering\2.41\jersey-entity-filtering-2.41.jar;C:\Users\aaa\.m2\repository\org\glassfish\jersey\containers\jersey-container-grizzly2-http\2.41\jersey-container-grizzly2-http-2.41.jar;C:\Users\aaa\.m2\repository\org\glassfish\hk2\external\jakarta.inject\2.6.1\jakarta.inject-2.6.1.jar;C:\Users\aaa\.m2\repository\org\glassfish\grizzly\grizzly-http-server\2.4.4\grizzly-http-server-2.4.4.jar;C:\Users\aaa\.m2\repository\org\glassfish\grizzly\grizzly-http\2.4.4\grizzly-http-2.4.4.jar;C:\Users\aaa\.m2\repository\org\glassfish\grizzly\grizzly-framework\2.4.4\grizzly-framework-2.4.4.jar;C:\Users\aaa\.m2\repository\jakarta\ws\rs\jakarta.ws.rs-api\2.1.6\jakarta.ws.rs-api-2.1.6.jar;C:\Users\aaa\.m2\repository\org\glassfish\jersey\core\jersey-server\2.41\jersey-server-2.41.jar;C:\Users\aaa\.m2\repository\org\glassfish\jersey\core\jersey-client\2.41\jersey-client-2.41.jar;C:\Users\aaa\.m2\repository\jakarta\annotation\jakarta.annotation-api\1.3.5\jakarta.annotation-api-1.3.5.jar;C:\Users\aaa\.m2\repository\jakarta\validation\jakarta.validation-api\2.0.2\jakarta.validation-api-2.0.2.jar;C:\Users\aaa\.m2\repository\org\apache\httpcomponents\httpclient\4.5.14\httpclient-4.5.14.jar;C:\Users\aaa\.m2\repository\org\apache\httpcomponents\httpcore\4.4.16\httpcore-4.4.16.jar;C:\Users\aaa\.m2\repository\commons-logging\commons-logging\1.2\commons-logging-1.2.jar;C:\Users\aaa\.m2\repository\commons-codec\commons-codec\1.11\commons-codec-1.11.jar;C:\Users\aaa\.m2\repository\org\apache\httpcomponents\httpmime\4.5.14\httpmime-4.5.14.jar;C:\Users\aaa\.m2\repository\commons-io\commons-io\2.15.1\commons-io-2.15.1.jar;C:\Users\aaa\.m2\repository\org\slf4j\slf4j-api\2.0.16\slf4j-api-2.0.16.jar;C:\Program Files\JetBrains\IntelliJ IDEA 2025.1.2\lib\idea_rt.jar
Launcher Type: SUN_STANDARD

[Global flags]
     intx CICompilerCount                          = 4                                         {product} {ergonomic}
     uint ConcGCThreads                            = 2                                         {product} {ergonomic}
     uint G1ConcRefinementThreads                  = 8                                         {product} {ergonomic}
   size_t G1HeapRegionSize                         = 2097152                                   {product} {ergonomic}
   size_t InitialHeapSize                          = 264241152                                 {product} {ergonomic}
   size_t MarkStackSize                            = 4194304                                   {product} {ergonomic}
   size_t MarkStackSizeMax                         = 536870912                                 {product} {ergonomic}
   size_t MaxHeapSize                              = 4223664128                                {product} {ergonomic}
   size_t MaxNewSize                               = 2533359616                                {product} {ergonomic}
   size_t MinHeapDeltaBytes                        = 2097152                                   {product} {ergonomic}
   size_t MinHeapSize                              = 8388608                                   {product} {ergonomic}
    uintx NonNMethodCodeHeapSize                   = 5832704                                {pd product} {ergonomic}
    uintx NonProfiledCodeHeapSize                  = 122945536                              {pd product} {ergonomic}
    uintx ProfiledCodeHeapSize                     = 122880000                              {pd product} {ergonomic}
    uintx ReservedCodeCacheSize                    = 251658240                              {pd product} {ergonomic}
     bool SegmentedCodeCache                       = true                                      {product} {ergonomic}
   size_t SoftMaxHeapSize                          = 4223664128                             {manageable} {ergonomic}
     bool UseCompressedOops                        = true                           {product lp64_product} {ergonomic}
     bool UseG1GC                                  = true                                      {product} {ergonomic}
     bool UseLargePagesIndividualAllocation        = false                                  {pd product} {ergonomic}

Logging:
Log output configuration:
 #0: stdout all=warning uptime,level,tags foldmultilines=false
 #1: stderr all=off uptime,level,tags foldmultilines=false

Environment Variables:
PATH=C:\Program Files\Common Files\Oracle\Java\javapath;C:\WINDOWS\system32;C:\WINDOWS;C:\WINDOWS\System32\Wbem;C:\WINDOWS\System32\WindowsPowerShell\v1.0\;C:\WINDOWS\System32\OpenSSH\;C:\Program Files\Git\cmd;C:\Users\aaa\AppData\Local\Microsoft\WindowsApps;C:\Users\aaa\AppData\Local\Programs\Microsoft VS Code\bin;C:\Program Files\JetBrains\IntelliJ IDEA Community Edition 2024.3.2.2\bin;C:\Users\aaa\AppData\Local\JetBrains\Toolbox\scripts;C:\ProgramData\aaa\GitHubDesktop\bin
USERNAME=aaa
OS=Windows_NT
PROCESSOR_IDENTIFIER=Intel64 Family 6 Model 140 Stepping 1, GenuineIntel
TMP=C:\Users\aaa\AppData\Local\Temp
TEMP=C:\Users\aaa\AppData\Local\Temp




Periodic native trim disabled

---------------  S Y S T E M  ---------------

OS:
 Windows 11 , 64 bit Build 26100 (10.0.26100.4484)
OS uptime: 10 days 13:55 hours

CPU: total 8 (initial active 8) (4 cores per cpu, 2 threads per core) family 6 model 140 stepping 1 microcode 0x8a, cx8, cmov, fxsr, ht, mmx, 3dnowpref, sse, sse2, sse3, ssse3, sse4.1, sse4.2, popcnt, lzcnt, tsc, tscinvbit, avx, avx2, aes, erms, clmul, bmi1, bmi2, adx, avx512f, avx512dq, avx512cd, avx512bw, avx512vl, sha, fma, vzeroupper, avx512_vpopcntdq, avx512_vpclmulqdq, avx512_vaes, avx512_vnni, clflush, clflushopt, clwb, avx512_vbmi2, avx512_vbmi, rdtscp, rdpid, fsrm, gfni, avx512_bitalg, f16c, pku, cet_ibt, cet_ss, avx512_ifma
Processor Information for the first 8 processors :
  Max Mhz: 2803, Current Mhz: 2803, Mhz Limit: 2803

Memory: 4k page, system-wide physical 16107M (2977M free)
TotalPageFile size 28974M (AvailPageFile size 1926M)
current process WorkingSet (physical memory assigned to process): 66M, peak: 68M
current process commit charge ("private bytes"): 362M, peak: 367M

vm_info: OpenJDK 64-Bit Server VM (24.0.1+9-30) for windows-amd64 JRE (24.0.1+9-30), built on 2025-03-05T07:23:45Z with MS VC++ 17.6 (VS2022)

END.
